-------------------------------------------------------------------------------
Test set: runner.RunCucumberTest
-------------------------------------------------------------------------------
Tests run: 8, Failures: 2, Errors: 2, Skipped: 0, Time elapsed: 1.440 s <<< FAILURE! -- in runner.RunCucumberTest
GET /store/v1/reviews/?type=products&format=lite&per_page=8&page=1.Missing token returns 401 -- Time elapsed: 0.298 s <<< FAILURE!
java.lang.AssertionError: 
status code
Expected: <401>
     but: was <200>
	at org.hamcrest.MatcherAssert.assertThat(MatcherAssert.java:20)
	at steps.CommonSteps.theResponseStatusShouldBe(CommonSteps.java:384)
	at ✽.the response status should be 401(file:///Users/mohammaddaabes/Documents/api/src/test/resources/features/generated/test.feature:46)

GET /store/v1/reviews/?type=products&format=lite&per_page=8&page=1.Page 2 differs from Page 1 -- Time elapsed: 0.330 s <<< ERROR!
io.cucumber.junit.platform.engine.UndefinedStepException: 
The step 'the response json path "$.data" should' is undefined.
You can implement this step using the snippet(s) below:

@Then("the response json path {string} should")
public void the_response_json_path_should(String string) {
    // Write code here that turns the phrase above into concrete actions
    throw new io.cucumber.java.PendingException();
}

	at io.cucumber.core.runtime.TestCaseResultObserver.assertTestCasePassed(TestCaseResultObserver.java:69)
	at io.cucumber.junit.platform.engine.TestCaseResultObserver.assertTestCasePassed(TestCaseResultObserver.java:22)
	at io.cucumber.junit.platform.engine.CucumberEngineExecutionContext.lambda$runTestCase$4(CucumberEngineExecutionContext.java:114)
	at io.cucumber.core.runtime.CucumberExecutionContext.lambda$runTestCase$5(CucumberExecutionContext.java:137)
	at io.cucumber.core.runtime.RethrowingThrowableCollector.executeAndThrow(RethrowingThrowableCollector.java:23)
	at io.cucumber.core.runtime.CucumberExecutionContext.runTestCase(CucumberExecutionContext.java:137)
	at io.cucumber.junit.platform.engine.CucumberEngineExecutionContext.runTestCase(CucumberEngineExecutionContext.java:109)
	at io.cucumber.junit.platform.engine.NodeDescriptor$PickleDescriptor.execute(NodeDescriptor.java:168)
	at io.cucumber.junit.platform.engine.NodeDescriptor$PickleDescriptor.execute(NodeDescriptor.java:90)
	at java.base/java.util.ArrayList.forEach(ArrayList.java:1604)
	at java.base/java.util.ArrayList.forEach(ArrayList.java:1604)

GET /store/v1/reviews/?type=products&format=lite&per_page=8&page=1.Missing token returns 401 -- Time elapsed: 0.267 s <<< FAILURE!
java.lang.AssertionError: 
status code
Expected: <401>
     but: was <200>
	at org.hamcrest.MatcherAssert.assertThat(MatcherAssert.java:20)
	at steps.CommonSteps.theResponseStatusShouldBe(CommonSteps.java:384)
	at ✽.the response status should be 401(file:///Users/mohammaddaabes/Documents/api/src/test/resources/features/generated/test.feature:46)

GET /store/v1/reviews/?type=products&format=lite&per_page=8&page=1.Page 2 differs from Page 1 -- Time elapsed: 0.267 s <<< ERROR!
io.cucumber.junit.platform.engine.UndefinedStepException: 
The step 'the response json path "$.data" should' is undefined.
You can implement this step using the snippet(s) below:

@Then("the response json path {string} should")
public void the_response_json_path_should(String string) {
    // Write code here that turns the phrase above into concrete actions
    throw new io.cucumber.java.PendingException();
}

	at io.cucumber.core.runtime.TestCaseResultObserver.assertTestCasePassed(TestCaseResultObserver.java:69)
	at io.cucumber.junit.platform.engine.TestCaseResultObserver.assertTestCasePassed(TestCaseResultObserver.java:22)
	at io.cucumber.junit.platform.engine.CucumberEngineExecutionContext.lambda$runTestCase$4(CucumberEngineExecutionContext.java:114)
	at io.cucumber.core.runtime.CucumberExecutionContext.lambda$runTestCase$5(CucumberExecutionContext.java:137)
	at io.cucumber.core.runtime.RethrowingThrowableCollector.executeAndThrow(RethrowingThrowableCollector.java:23)
	at io.cucumber.core.runtime.CucumberExecutionContext.runTestCase(CucumberExecutionContext.java:137)
	at io.cucumber.junit.platform.engine.CucumberEngineExecutionContext.runTestCase(CucumberEngineExecutionContext.java:109)
	at io.cucumber.junit.platform.engine.NodeDescriptor$PickleDescriptor.execute(NodeDescriptor.java:168)
	at io.cucumber.junit.platform.engine.NodeDescriptor$PickleDescriptor.execute(NodeDescriptor.java:90)
	at java.base/java.util.ArrayList.forEach(ArrayList.java:1604)
	at java.base/java.util.ArrayList.forEach(ArrayList.java:1604)

