<?xml version="1.0" encoding="UTF-8"?>
<testsuite xmlns:xsi="http://www.w3.org/2001/XMLSchema-instance" xsi:noNamespaceSchemaLocation="https://maven.apache.org/surefire/maven-surefire-plugin/xsd/surefire-test-report-3.0.xsd" version="3.0" name="runner.RunCucumberTest" time="0.513" tests="18" errors="0" skipped="16" failures="2">
  <properties>
[...]
</properties>
  <testcase name="Happy path generated from cURL" classname="POST /admin/v2/customers" time="4.443">
    <failure message="status code&#10;Expected: &lt;200&gt;&#10;     but: was &lt;422&gt;" type="java.lang.AssertionError"><![CDATA[java.lang.AssertionError: 
status code
Expected: <200>
     but: was <422>
	at org.hamcrest.MatcherAssert.assertThat(MatcherAssert.java:20)
	at steps.CommonSteps.theResponseStatusShouldBe(CommonSteps.java:384)
	at ✽.the response status should be 200(file:///Users/mohammaddaabes/Documents/api/src/test/resources/features/generated/post_admin_v2_customers.feature:27)
]]></failure>
    <system-out><![CDATA[
@happy
Scenario: Happy path generated from cURL                                  &amp#27;[90m# src/test/resources/features/generated/post_admin_v2_customers.feature:12&amp#27;[0m
  &amp#27;[32mGiven &amp#27;[0m&amp#27;[32mthe API base url is &amp#27;[0m&amp#27;[32m&amp#27;[1m"${BASE_URL}"&amp#27;[0m                                 &amp#27;[90m# steps.CommonSteps.givenBaseUrlEnv(java.lang.String)&amp#27;[0m
  &amp#27;[32mAnd &amp#27;[0m&amp#27;[32mI use bearer token from env &amp#27;[0m&amp#27;[32m&amp#27;[1m"general_manager_token"&amp#27;[0m                 &amp#27;[90m# steps.CommonSteps.useBearerTokenFromEnv(java.lang.String)&amp#27;[0m
  &amp#27;[32mAnd &amp#27;[0m&amp#27;[32mI add header &amp#27;[0m&amp#27;[32m&amp#27;[1m"accept"&amp#27;[0m&amp#27;[32m with value &amp#27;[0m&amp#27;[32m&amp#27;[1m'application/json'&amp#27;[0m                 &amp#27;[90m# steps.CommonSteps.iAddHeader(java.lang.String,java.lang.String)&amp#27;[0m
  &amp#27;[32mAnd &amp#27;[0m&amp#27;[32mI add header &amp#27;[0m&amp#27;[32m&amp#27;[1m"accept-language"&amp#27;[0m&amp#27;[32m with value &amp#27;[0m&amp#27;[32m&amp#27;[1m'ar'&amp#27;[0m                      &amp#27;[90m# steps.CommonSteps.iAddHeader(java.lang.String,java.lang.String)&amp#27;[0m
  &amp#27;[32mAnd &amp#27;[0m&amp#27;[32mI add header &amp#27;[0m&amp#27;[32m&amp#27;[1m"content-type"&amp#27;[0m&amp#27;[32m with value &amp#27;[0m&amp#27;[32m&amp#27;[1m'application/json'&amp#27;[0m           &amp#27;[90m# steps.CommonSteps.iAddHeader(java.lang.String,java.lang.String)&amp#27;[0m
  &amp#27;[32mAnd &amp#27;[0m&amp#27;[32mI add header &amp#27;[0m&amp#27;[32m&amp#27;[1m"pragma"&amp#27;[0m&amp#27;[32m with value &amp#27;[0m&amp#27;[32m&amp#27;[1m'no-cache'&amp#27;[0m                         &amp#27;[90m# steps.CommonSteps.iAddHeader(java.lang.String,java.lang.String)&amp#27;[0m
  &amp#27;[32mAnd &amp#27;[0m&amp#27;[32mI add header &amp#27;[0m&amp#27;[32m&amp#27;[1m"s-source"&amp#27;[0m&amp#27;[32m with value &amp#27;[0m&amp#27;[32m&amp#27;[1m'automation'&amp#27;[0m                     &amp#27;[90m# steps.CommonSteps.iAddHeader(java.lang.String,java.lang.String)&amp#27;[0m
Request method:	POST
Request URI:	https://api.salla.dev/admin/v2/customers
Body:
{
    "first_name": "moe",
    "last_name": " daabesdaabesdas",
    "email": "m.daabes+93253@salla.sa",
    "birthday": "08-09-2015",
    "gender": "male",
    "mobile_code_country": "962",
    "mobile": "799798444"
}
  &amp#27;[32mWhen &amp#27;[0m&amp#27;[32mI &amp#27;[0m&amp#27;[32m&amp#27;[1mPOST&amp#27;[0m&amp#27;[32m to &amp#27;[0m&amp#27;[32m&amp#27;[1m"/admin/v2/customers"&amp#27;[0m&amp#27;[32m with json body:&amp#27;[0m                    &amp#27;[90m# steps.CommonSteps.iVerbToWithJsonBody(java.lang.String,java.lang.String,java.lang.String)&amp#27;[0m
  &amp#27;[31mThen &amp#27;[0m&amp#27;[31mthe response status should be &amp#27;[0m&amp#27;[31m&amp#27;[1m200&amp#27;[0m                                  &amp#27;[90m# steps.CommonSteps.theResponseStatusShouldBe(int)&amp#27;[0m
      &amp#27;[31mjava.lang.AssertionError: status code
Expected: <200>
     but: was <422>
	at org.hamcrest.MatcherAssert.assertThat(MatcherAssert.java:20)
	at steps.CommonSteps.theResponseStatusShouldBe(CommonSteps.java:384)
	at ✽.the response status should be 200(file:///Users/mohammaddaabes/Documents/api/src/test/resources/features/generated/post_admin_v2_customers.feature:27)
&amp#27;[0m
  &amp#27;[36mThen &amp#27;[0m&amp#27;[36mthe response header &amp#27;[0m&amp#27;[36m&amp#27;[1m"Content-Type"&amp#27;[0m&amp#27;[36m should equal &amp#27;[0m&amp#27;[36m&amp#27;[1m"application/json"&amp#27;[0m &amp#27;[90m# steps.CommonSteps.headerShouldEqual(java.lang.String,java.lang.String)&amp#27;[0m
]]></system-out>
    <system-err><![CDATA[Oct 04, 2025 8:59:22 PM io.cucumber.junit.platform.engine.DiscoverySelectorResolver warnWhenCucumberFeaturesPropertyIsUsed
WARNING: Discovering tests using the cucumber.features property. Other discovery selectors are ignored!
Please request/upvote/sponsor/ect better support for JUnit 5 discovery selectors.
See: https://github.com/cucumber/cucumber-jvm/pull/2498
]]></system-err>
  </testcase>
  <testcase name="Happy path generated from cURL" classname="POST /admin/v2/customers" time="0.488">
    <failure message="status code&#10;Expected: &lt;200&gt;&#10;     but: was &lt;422&gt;" type="java.lang.AssertionError"><![CDATA[java.lang.AssertionError: 
status code
Expected: <200>
     but: was <422>
	at org.hamcrest.MatcherAssert.assertThat(MatcherAssert.java:20)
	at steps.CommonSteps.theResponseStatusShouldBe(CommonSteps.java:384)
	at ✽.the response status should be 200(file:///Users/mohammaddaabes/Documents/api/src/test/resources/features/generated/post_admin_v2_customers.feature:27)
]]></failure>
    <system-out><![CDATA[
@happy
Scenario: Happy path generated from cURL                                  &amp#27;[90m# src/test/resources/features/generated/post_admin_v2_customers.feature:12&amp#27;[0m
  &amp#27;[32mGiven &amp#27;[0m&amp#27;[32mthe API base url is &amp#27;[0m&amp#27;[32m&amp#27;[1m"${BASE_URL}"&amp#27;[0m                                 &amp#27;[90m# steps.CommonSteps.givenBaseUrlEnv(java.lang.String)&amp#27;[0m
  &amp#27;[32mAnd &amp#27;[0m&amp#27;[32mI use bearer token from env &amp#27;[0m&amp#27;[32m&amp#27;[1m"general_manager_token"&amp#27;[0m                 &amp#27;[90m# steps.CommonSteps.useBearerTokenFromEnv(java.lang.String)&amp#27;[0m
  &amp#27;[32mAnd &amp#27;[0m&amp#27;[32mI add header &amp#27;[0m&amp#27;[32m&amp#27;[1m"accept"&amp#27;[0m&amp#27;[32m with value &amp#27;[0m&amp#27;[32m&amp#27;[1m'application/json'&amp#27;[0m                 &amp#27;[90m# steps.CommonSteps.iAddHeader(java.lang.String,java.lang.String)&amp#27;[0m
  &amp#27;[32mAnd &amp#27;[0m&amp#27;[32mI add header &amp#27;[0m&amp#27;[32m&amp#27;[1m"accept-language"&amp#27;[0m&amp#27;[32m with value &amp#27;[0m&amp#27;[32m&amp#27;[1m'ar'&amp#27;[0m                      &amp#27;[90m# steps.CommonSteps.iAddHeader(java.lang.String,java.lang.String)&amp#27;[0m
  &amp#27;[32mAnd &amp#27;[0m&amp#27;[32mI add header &amp#27;[0m&amp#27;[32m&amp#27;[1m"content-type"&amp#27;[0m&amp#27;[32m with value &amp#27;[0m&amp#27;[32m&amp#27;[1m'application/json'&amp#27;[0m           &amp#27;[90m# steps.CommonSteps.iAddHeader(java.lang.String,java.lang.String)&amp#27;[0m
  &amp#27;[32mAnd &amp#27;[0m&amp#27;[32mI add header &amp#27;[0m&amp#27;[32m&amp#27;[1m"pragma"&amp#27;[0m&amp#27;[32m with value &amp#27;[0m&amp#27;[32m&amp#27;[1m'no-cache'&amp#27;[0m                         &amp#27;[90m# steps.CommonSteps.iAddHeader(java.lang.String,java.lang.String)&amp#27;[0m
  &amp#27;[32mAnd &amp#27;[0m&amp#27;[32mI add header &amp#27;[0m&amp#27;[32m&amp#27;[1m"s-source"&amp#27;[0m&amp#27;[32m with value &amp#27;[0m&amp#27;[32m&amp#27;[1m'automation'&amp#27;[0m                     &amp#27;[90m# steps.CommonSteps.iAddHeader(java.lang.String,java.lang.String)&amp#27;[0m
Request method:	POST
Request URI:	https://api.salla.dev/admin/v2/customers
Body:
{
    "first_name": "moe",
    "last_name": " daabesdaabesdas",
    "email": "m.daabes+93253@salla.sa",
    "birthday": "08-09-2015",
    "gender": "male",
    "mobile_code_country": "962",
    "mobile": "799798444"
}
  &amp#27;[32mWhen &amp#27;[0m&amp#27;[32mI &amp#27;[0m&amp#27;[32m&amp#27;[1mPOST&amp#27;[0m&amp#27;[32m to &amp#27;[0m&amp#27;[32m&amp#27;[1m"/admin/v2/customers"&amp#27;[0m&amp#27;[32m with json body:&amp#27;[0m                    &amp#27;[90m# steps.CommonSteps.iVerbToWithJsonBody(java.lang.String,java.lang.String,java.lang.String)&amp#27;[0m
  &amp#27;[31mThen &amp#27;[0m&amp#27;[31mthe response status should be &amp#27;[0m&amp#27;[31m&amp#27;[1m200&amp#27;[0m                                  &amp#27;[90m# steps.CommonSteps.theResponseStatusShouldBe(int)&amp#27;[0m
      &amp#27;[31mjava.lang.AssertionError: status code
Expected: <200>
     but: was <422>
	at org.hamcrest.MatcherAssert.assertThat(MatcherAssert.java:20)
	at steps.CommonSteps.theResponseStatusShouldBe(CommonSteps.java:384)
	at ✽.the response status should be 200(file:///Users/mohammaddaabes/Documents/api/src/test/resources/features/generated/post_admin_v2_customers.feature:27)
&amp#27;[0m
  &amp#27;[36mThen &amp#27;[0m&amp#27;[36mthe response header &amp#27;[0m&amp#27;[36m&amp#27;[1m"Content-Type"&amp#27;[0m&amp#27;[36m should equal &amp#27;[0m&amp#27;[36m&amp#27;[1m"application/json"&amp#27;[0m &amp#27;[90m# steps.CommonSteps.headerShouldEqual(java.lang.String,java.lang.String)&amp#27;[0m
]]></system-out>
  </testcase>
  <testcase name="Missing token returns 401" classname="POST /admin/v2/customers" time="0.0">
    <skipped message="&apos;cucumber.filter.tags=@happy&apos; did not match this scenario"/>
  </testcase>
  <testcase name="Missing token returns 401" classname="POST /admin/v2/customers" time="0.0">
    <skipped message="&apos;cucumber.filter.tags=@happy&apos; did not match this scenario"/>
  </testcase>
  <testcase name="missing required field &apos;first_name&apos;" classname="POST /admin/v2/customers" time="0.0">
    <skipped message="&apos;cucumber.filter.tags=@happy&apos; did not match this scenario"/>
  </testcase>
  <testcase name="missing required field &apos;first_name&apos;" classname="POST /admin/v2/customers" time="0.0">
    <skipped message="&apos;cucumber.filter.tags=@happy&apos; did not match this scenario"/>
  </testcase>
  <testcase name="missing required field &apos;last_name&apos;" classname="POST /admin/v2/customers" time="0.0">
    <skipped message="&apos;cucumber.filter.tags=@happy&apos; did not match this scenario"/>
  </testcase>
  <testcase name="missing required field &apos;last_name&apos;" classname="POST /admin/v2/customers" time="0.0">
    <skipped message="&apos;cucumber.filter.tags=@happy&apos; did not match this scenario"/>
  </testcase>
  <testcase name="missing required field &apos;email&apos;" classname="POST /admin/v2/customers" time="0.0">
    <skipped message="&apos;cucumber.filter.tags=@happy&apos; did not match this scenario"/>
  </testcase>
  <testcase name="missing required field &apos;email&apos;" classname="POST /admin/v2/customers" time="0.0">
    <skipped message="&apos;cucumber.filter.tags=@happy&apos; did not match this scenario"/>
  </testcase>
  <testcase name="missing required field &apos;birthday&apos;" classname="POST /admin/v2/customers" time="0.0">
    <skipped message="&apos;cucumber.filter.tags=@happy&apos; did not match this scenario"/>
  </testcase>
  <testcase name="missing required field &apos;birthday&apos;" classname="POST /admin/v2/customers" time="0.0">
    <skipped message="&apos;cucumber.filter.tags=@happy&apos; did not match this scenario"/>
  </testcase>
  <testcase name="missing required field &apos;gender&apos;" classname="POST /admin/v2/customers" time="0.0">
    <skipped message="&apos;cucumber.filter.tags=@happy&apos; did not match this scenario"/>
  </testcase>
  <testcase name="missing required field &apos;gender&apos;" classname="POST /admin/v2/customers" time="0.0">
    <skipped message="&apos;cucumber.filter.tags=@happy&apos; did not match this scenario"/>
  </testcase>
  <testcase name="missing required field &apos;mobile_code_country&apos;" classname="POST /admin/v2/customers" time="0.0">
    <skipped message="&apos;cucumber.filter.tags=@happy&apos; did not match this scenario"/>
  </testcase>
  <testcase name="missing required field &apos;mobile_code_country&apos;" classname="POST /admin/v2/customers" time="0.0">
    <skipped message="&apos;cucumber.filter.tags=@happy&apos; did not match this scenario"/>
  </testcase>
  <testcase name="missing required field &apos;mobile&apos;" classname="POST /admin/v2/customers" time="0.0">
    <skipped message="&apos;cucumber.filter.tags=@happy&apos; did not match this scenario"/>
  </testcase>
  <testcase name="missing required field &apos;mobile&apos;" classname="POST /admin/v2/customers" time="0.0">
    <skipped message="&apos;cucumber.filter.tags=@happy&apos; did not match this scenario"/>
  </testcase>
</testsuite>