<?xml version="1.0" encoding="UTF-8"?>
<testsuite xmlns:xsi="http://www.w3.org/2001/XMLSchema-instance" xsi:noNamespaceSchemaLocation="https://maven.apache.org/surefire/maven-surefire-plugin/xsd/surefire-test-report-3.0.xsd" version="3.0" name="runner.RunCucumberTest" time="12.887" tests="46" errors="0" skipped="0" failures="42">
  <properties>
[...]
</properties>
  <testcase name="Happy path generated from cURL" classname="POST /admin/v2/customers" time="2.077">
    <system-out><![CDATA[
@happy
Scenario: Happy path generated from cURL                                  &amp#27;[90m# src/test/resources/features/generated/kkjkjkj.feature:12&amp#27;[0m
  &amp#27;[32mGiven &amp#27;[0m&amp#27;[32mthe API base url is &amp#27;[0m&amp#27;[32m&amp#27;[1m"${BASE_URL}"&amp#27;[0m                                 &amp#27;[90m# steps.CommonSteps.givenBaseUrlEnv(java.lang.String)&amp#27;[0m
  &amp#27;[32mAnd &amp#27;[0m&amp#27;[32mI use bearer token from env &amp#27;[0m&amp#27;[32m&amp#27;[1m"general_manager_token"&amp#27;[0m                 &amp#27;[90m# steps.CommonSteps.useBearerTokenFromEnv(java.lang.String)&amp#27;[0m
  &amp#27;[32mAnd &amp#27;[0m&amp#27;[32mI add header &amp#27;[0m&amp#27;[32m&amp#27;[1m"accept"&amp#27;[0m&amp#27;[32m with value &amp#27;[0m&amp#27;[32m&amp#27;[1m'application/json'&amp#27;[0m                 &amp#27;[90m# steps.CommonSteps.iAddHeader(java.lang.String,java.lang.String)&amp#27;[0m
  &amp#27;[32mAnd &amp#27;[0m&amp#27;[32mI add header &amp#27;[0m&amp#27;[32m&amp#27;[1m"accept-language"&amp#27;[0m&amp#27;[32m with value &amp#27;[0m&amp#27;[32m&amp#27;[1m'ar'&amp#27;[0m                      &amp#27;[90m# steps.CommonSteps.iAddHeader(java.lang.String,java.lang.String)&amp#27;[0m
  &amp#27;[32mAnd &amp#27;[0m&amp#27;[32mI add header &amp#27;[0m&amp#27;[32m&amp#27;[1m"content-type"&amp#27;[0m&amp#27;[32m with value &amp#27;[0m&amp#27;[32m&amp#27;[1m'application/json'&amp#27;[0m           &amp#27;[90m# steps.CommonSteps.iAddHeader(java.lang.String,java.lang.String)&amp#27;[0m
  &amp#27;[32mAnd &amp#27;[0m&amp#27;[32mI add header &amp#27;[0m&amp#27;[32m&amp#27;[1m"pragma"&amp#27;[0m&amp#27;[32m with value &amp#27;[0m&amp#27;[32m&amp#27;[1m'no-cache'&amp#27;[0m                         &amp#27;[90m# steps.CommonSteps.iAddHeader(java.lang.String,java.lang.String)&amp#27;[0m
  &amp#27;[32mAnd &amp#27;[0m&amp#27;[32mI add header &amp#27;[0m&amp#27;[32m&amp#27;[1m"s-source"&amp#27;[0m&amp#27;[32m with value &amp#27;[0m&amp#27;[32m&amp#27;[1m'automation'&amp#27;[0m                     &amp#27;[90m# steps.CommonSteps.iAddHeader(java.lang.String,java.lang.String)&amp#27;[0m
Request method:	POST
Request URI:	https://api.salla.dev/admin/v2/customers
Body:
{
    "first_name": "moe",
    "last_name": " daabesdaabesdas",
    "email": "m.daabes+93253@salla.sa",
    "birthday": "08-09-2015",
    "gender": "male",
    "mobile_code_country": "962",
    "mobile": "799798444"
}
  &amp#27;[32mWhen &amp#27;[0m&amp#27;[32mI &amp#27;[0m&amp#27;[32m&amp#27;[1mPOST&amp#27;[0m&amp#27;[32m to &amp#27;[0m&amp#27;[32m&amp#27;[1m"/admin/v2/customers"&amp#27;[0m&amp#27;[32m with json body:&amp#27;[0m                    &amp#27;[90m# steps.CommonSteps.iVerbToWithJsonBody(java.lang.String,java.lang.String,java.lang.String)&amp#27;[0m
  &amp#27;[32mThen &amp#27;[0m&amp#27;[32mthe response status should be &amp#27;[0m&amp#27;[32m&amp#27;[1m200&amp#27;[0m                                  &amp#27;[90m# steps.CommonSteps.theResponseStatusShouldBe(int)&amp#27;[0m
  &amp#27;[32mThen &amp#27;[0m&amp#27;[32mthe response header &amp#27;[0m&amp#27;[32m&amp#27;[1m"Content-Type"&amp#27;[0m&amp#27;[32m should equal &amp#27;[0m&amp#27;[32m&amp#27;[1m"application/json"&amp#27;[0m &amp#27;[90m# steps.CommonSteps.headerShouldEqual(java.lang.String,java.lang.String)&amp#27;[0m
]]></system-out>
    <system-err><![CDATA[Oct 04, 2025 5:17:33 PM io.cucumber.junit.platform.engine.DiscoverySelectorResolver warnWhenCucumberFeaturesPropertyIsUsed
WARNING: Discovering tests using the cucumber.features property. Other discovery selectors are ignored!
Please request/upvote/sponsor/ect better support for JUnit 5 discovery selectors.
See: https://github.com/cucumber/cucumber-jvm/pull/2498
]]></system-err>
  </testcase>
  <testcase name="Happy path generated from cURL" classname="POST /admin/v2/customers" time="1.562">
    <system-out><![CDATA[
@happy
Scenario: Happy path generated from cURL                                  &amp#27;[90m# src/test/resources/features/generated/kkjkjkj.feature:12&amp#27;[0m
  &amp#27;[32mGiven &amp#27;[0m&amp#27;[32mthe API base url is &amp#27;[0m&amp#27;[32m&amp#27;[1m"${BASE_URL}"&amp#27;[0m                                 &amp#27;[90m# steps.CommonSteps.givenBaseUrlEnv(java.lang.String)&amp#27;[0m
  &amp#27;[32mAnd &amp#27;[0m&amp#27;[32mI use bearer token from env &amp#27;[0m&amp#27;[32m&amp#27;[1m"general_manager_token"&amp#27;[0m                 &amp#27;[90m# steps.CommonSteps.useBearerTokenFromEnv(java.lang.String)&amp#27;[0m
  &amp#27;[32mAnd &amp#27;[0m&amp#27;[32mI add header &amp#27;[0m&amp#27;[32m&amp#27;[1m"accept"&amp#27;[0m&amp#27;[32m with value &amp#27;[0m&amp#27;[32m&amp#27;[1m'application/json'&amp#27;[0m                 &amp#27;[90m# steps.CommonSteps.iAddHeader(java.lang.String,java.lang.String)&amp#27;[0m
  &amp#27;[32mAnd &amp#27;[0m&amp#27;[32mI add header &amp#27;[0m&amp#27;[32m&amp#27;[1m"accept-language"&amp#27;[0m&amp#27;[32m with value &amp#27;[0m&amp#27;[32m&amp#27;[1m'ar'&amp#27;[0m                      &amp#27;[90m# steps.CommonSteps.iAddHeader(java.lang.String,java.lang.String)&amp#27;[0m
  &amp#27;[32mAnd &amp#27;[0m&amp#27;[32mI add header &amp#27;[0m&amp#27;[32m&amp#27;[1m"content-type"&amp#27;[0m&amp#27;[32m with value &amp#27;[0m&amp#27;[32m&amp#27;[1m'application/json'&amp#27;[0m           &amp#27;[90m# steps.CommonSteps.iAddHeader(java.lang.String,java.lang.String)&amp#27;[0m
  &amp#27;[32mAnd &amp#27;[0m&amp#27;[32mI add header &amp#27;[0m&amp#27;[32m&amp#27;[1m"pragma"&amp#27;[0m&amp#27;[32m with value &amp#27;[0m&amp#27;[32m&amp#27;[1m'no-cache'&amp#27;[0m                         &amp#27;[90m# steps.CommonSteps.iAddHeader(java.lang.String,java.lang.String)&amp#27;[0m
  &amp#27;[32mAnd &amp#27;[0m&amp#27;[32mI add header &amp#27;[0m&amp#27;[32m&amp#27;[1m"s-source"&amp#27;[0m&amp#27;[32m with value &amp#27;[0m&amp#27;[32m&amp#27;[1m'automation'&amp#27;[0m                     &amp#27;[90m# steps.CommonSteps.iAddHeader(java.lang.String,java.lang.String)&amp#27;[0m
Request method:	POST
Request URI:	https://api.salla.dev/admin/v2/customers
Body:
{
    "first_name": "moe",
    "last_name": " daabesdaabesdas",
    "email": "m.daabes+93253@salla.sa",
    "birthday": "08-09-2015",
    "gender": "male",
    "mobile_code_country": "962",
    "mobile": "799798444"
}
  &amp#27;[32mWhen &amp#27;[0m&amp#27;[32mI &amp#27;[0m&amp#27;[32m&amp#27;[1mPOST&amp#27;[0m&amp#27;[32m to &amp#27;[0m&amp#27;[32m&amp#27;[1m"/admin/v2/customers"&amp#27;[0m&amp#27;[32m with json body:&amp#27;[0m                    &amp#27;[90m# steps.CommonSteps.iVerbToWithJsonBody(java.lang.String,java.lang.String,java.lang.String)&amp#27;[0m
  &amp#27;[32mThen &amp#27;[0m&amp#27;[32mthe response status should be &amp#27;[0m&amp#27;[32m&amp#27;[1m200&amp#27;[0m                                  &amp#27;[90m# steps.CommonSteps.theResponseStatusShouldBe(int)&amp#27;[0m
  &amp#27;[32mThen &amp#27;[0m&amp#27;[32mthe response header &amp#27;[0m&amp#27;[32m&amp#27;[1m"Content-Type"&amp#27;[0m&amp#27;[32m should equal &amp#27;[0m&amp#27;[32m&amp#27;[1m"application/json"&amp#27;[0m &amp#27;[90m# steps.CommonSteps.headerShouldEqual(java.lang.String,java.lang.String)&amp#27;[0m
]]></system-out>
  </testcase>
  <testcase name="Missing token returns 401" classname="POST /admin/v2/customers" time="0.254">
    <system-out><![CDATA[
@auth
Scenario: Missing token returns 401                                       &amp#27;[90m# src/test/resources/features/generated/kkjkjkj.feature:31&amp#27;[0m
  &amp#27;[32mGiven &amp#27;[0m&amp#27;[32mthe API base url is &amp#27;[0m&amp#27;[32m&amp#27;[1m"${BASE_URL}"&amp#27;[0m                                 &amp#27;[90m# steps.CommonSteps.givenBaseUrlEnv(java.lang.String)&amp#27;[0m
  &amp#27;[32mAnd &amp#27;[0m&amp#27;[32mI use bearer token from env &amp#27;[0m&amp#27;[32m&amp#27;[1m"general_manager_token"&amp#27;[0m                 &amp#27;[90m# steps.CommonSteps.useBearerTokenFromEnv(java.lang.String)&amp#27;[0m
  &amp#27;[32mAnd &amp#27;[0m&amp#27;[32mI add header &amp#27;[0m&amp#27;[32m&amp#27;[1m"accept"&amp#27;[0m&amp#27;[32m with value &amp#27;[0m&amp#27;[32m&amp#27;[1m'application/json'&amp#27;[0m                 &amp#27;[90m# steps.CommonSteps.iAddHeader(java.lang.String,java.lang.String)&amp#27;[0m
  &amp#27;[32mAnd &amp#27;[0m&amp#27;[32mI add header &amp#27;[0m&amp#27;[32m&amp#27;[1m"accept-language"&amp#27;[0m&amp#27;[32m with value &amp#27;[0m&amp#27;[32m&amp#27;[1m'ar'&amp#27;[0m                      &amp#27;[90m# steps.CommonSteps.iAddHeader(java.lang.String,java.lang.String)&amp#27;[0m
  &amp#27;[32mAnd &amp#27;[0m&amp#27;[32mI add header &amp#27;[0m&amp#27;[32m&amp#27;[1m"content-type"&amp#27;[0m&amp#27;[32m with value &amp#27;[0m&amp#27;[32m&amp#27;[1m'application/json'&amp#27;[0m           &amp#27;[90m# steps.CommonSteps.iAddHeader(java.lang.String,java.lang.String)&amp#27;[0m
  &amp#27;[32mAnd &amp#27;[0m&amp#27;[32mI add header &amp#27;[0m&amp#27;[32m&amp#27;[1m"pragma"&amp#27;[0m&amp#27;[32m with value &amp#27;[0m&amp#27;[32m&amp#27;[1m'no-cache'&amp#27;[0m                         &amp#27;[90m# steps.CommonSteps.iAddHeader(java.lang.String,java.lang.String)&amp#27;[0m
  &amp#27;[32mAnd &amp#27;[0m&amp#27;[32mI add header &amp#27;[0m&amp#27;[32m&amp#27;[1m"s-source"&amp#27;[0m&amp#27;[32m with value &amp#27;[0m&amp#27;[32m&amp#27;[1m'automation'&amp#27;[0m                     &amp#27;[90m# steps.CommonSteps.iAddHeader(java.lang.String,java.lang.String)&amp#27;[0m
  &amp#27;[32mGiven &amp#27;[0m&amp#27;[32mI remove authorization header&amp#27;[0m                                     &amp#27;[90m# steps.CommonSteps.removeAuthorizationHeader()&amp#27;[0m
Request method:	POST
Request URI:	https://api.salla.dev/admin/v2/customers
Body:
{
    "first_name": "moe",
    "last_name": " daabesdaabesdas",
    "email": "m.daabes+93253@salla.sa",
    "birthday": "08-09-2015",
    "gender": "male",
    "mobile_code_country": "962",
    "mobile": "799798444"
}
  &amp#27;[32mWhen &amp#27;[0m&amp#27;[32mI &amp#27;[0m&amp#27;[32m&amp#27;[1mPOST&amp#27;[0m&amp#27;[32m to &amp#27;[0m&amp#27;[32m&amp#27;[1m"/admin/v2/customers"&amp#27;[0m&amp#27;[32m with json body:&amp#27;[0m                    &amp#27;[90m# steps.CommonSteps.iVerbToWithJsonBody(java.lang.String,java.lang.String,java.lang.String)&amp#27;[0m
  &amp#27;[32mThen &amp#27;[0m&amp#27;[32mthe response status should be &amp#27;[0m&amp#27;[32m&amp#27;[1m401&amp#27;[0m                                  &amp#27;[90m# steps.CommonSteps.theResponseStatusShouldBe(int)&amp#27;[0m
  &amp#27;[32mThen &amp#27;[0m&amp#27;[32mthe response header &amp#27;[0m&amp#27;[32m&amp#27;[1m"Content-Type"&amp#27;[0m&amp#27;[32m should equal &amp#27;[0m&amp#27;[32m&amp#27;[1m"application/json"&amp#27;[0m &amp#27;[90m# steps.CommonSteps.headerShouldEqual(java.lang.String,java.lang.String)&amp#27;[0m
]]></system-out>
  </testcase>
  <testcase name="Missing token returns 401" classname="POST /admin/v2/customers" time="0.314">
    <system-out><![CDATA[
@auth
Scenario: Missing token returns 401                                       &amp#27;[90m# src/test/resources/features/generated/kkjkjkj.feature:31&amp#27;[0m
  &amp#27;[32mGiven &amp#27;[0m&amp#27;[32mthe API base url is &amp#27;[0m&amp#27;[32m&amp#27;[1m"${BASE_URL}"&amp#27;[0m                                 &amp#27;[90m# steps.CommonSteps.givenBaseUrlEnv(java.lang.String)&amp#27;[0m
  &amp#27;[32mAnd &amp#27;[0m&amp#27;[32mI use bearer token from env &amp#27;[0m&amp#27;[32m&amp#27;[1m"general_manager_token"&amp#27;[0m                 &amp#27;[90m# steps.CommonSteps.useBearerTokenFromEnv(java.lang.String)&amp#27;[0m
  &amp#27;[32mAnd &amp#27;[0m&amp#27;[32mI add header &amp#27;[0m&amp#27;[32m&amp#27;[1m"accept"&amp#27;[0m&amp#27;[32m with value &amp#27;[0m&amp#27;[32m&amp#27;[1m'application/json'&amp#27;[0m                 &amp#27;[90m# steps.CommonSteps.iAddHeader(java.lang.String,java.lang.String)&amp#27;[0m
  &amp#27;[32mAnd &amp#27;[0m&amp#27;[32mI add header &amp#27;[0m&amp#27;[32m&amp#27;[1m"accept-language"&amp#27;[0m&amp#27;[32m with value &amp#27;[0m&amp#27;[32m&amp#27;[1m'ar'&amp#27;[0m                      &amp#27;[90m# steps.CommonSteps.iAddHeader(java.lang.String,java.lang.String)&amp#27;[0m
  &amp#27;[32mAnd &amp#27;[0m&amp#27;[32mI add header &amp#27;[0m&amp#27;[32m&amp#27;[1m"content-type"&amp#27;[0m&amp#27;[32m with value &amp#27;[0m&amp#27;[32m&amp#27;[1m'application/json'&amp#27;[0m           &amp#27;[90m# steps.CommonSteps.iAddHeader(java.lang.String,java.lang.String)&amp#27;[0m
  &amp#27;[32mAnd &amp#27;[0m&amp#27;[32mI add header &amp#27;[0m&amp#27;[32m&amp#27;[1m"pragma"&amp#27;[0m&amp#27;[32m with value &amp#27;[0m&amp#27;[32m&amp#27;[1m'no-cache'&amp#27;[0m                         &amp#27;[90m# steps.CommonSteps.iAddHeader(java.lang.String,java.lang.String)&amp#27;[0m
  &amp#27;[32mAnd &amp#27;[0m&amp#27;[32mI add header &amp#27;[0m&amp#27;[32m&amp#27;[1m"s-source"&amp#27;[0m&amp#27;[32m with value &amp#27;[0m&amp#27;[32m&amp#27;[1m'automation'&amp#27;[0m                     &amp#27;[90m# steps.CommonSteps.iAddHeader(java.lang.String,java.lang.String)&amp#27;[0m
  &amp#27;[32mGiven &amp#27;[0m&amp#27;[32mI remove authorization header&amp#27;[0m                                     &amp#27;[90m# steps.CommonSteps.removeAuthorizationHeader()&amp#27;[0m
Request method:	POST
Request URI:	https://api.salla.dev/admin/v2/customers
Body:
{
    "first_name": "moe",
    "last_name": " daabesdaabesdas",
    "email": "m.daabes+93253@salla.sa",
    "birthday": "08-09-2015",
    "gender": "male",
    "mobile_code_country": "962",
    "mobile": "799798444"
}
  &amp#27;[32mWhen &amp#27;[0m&amp#27;[32mI &amp#27;[0m&amp#27;[32m&amp#27;[1mPOST&amp#27;[0m&amp#27;[32m to &amp#27;[0m&amp#27;[32m&amp#27;[1m"/admin/v2/customers"&amp#27;[0m&amp#27;[32m with json body:&amp#27;[0m                    &amp#27;[90m# steps.CommonSteps.iVerbToWithJsonBody(java.lang.String,java.lang.String,java.lang.String)&amp#27;[0m
  &amp#27;[32mThen &amp#27;[0m&amp#27;[32mthe response status should be &amp#27;[0m&amp#27;[32m&amp#27;[1m401&amp#27;[0m                                  &amp#27;[90m# steps.CommonSteps.theResponseStatusShouldBe(int)&amp#27;[0m
  &amp#27;[32mThen &amp#27;[0m&amp#27;[32mthe response header &amp#27;[0m&amp#27;[32m&amp#27;[1m"Content-Type"&amp#27;[0m&amp#27;[32m should equal &amp#27;[0m&amp#27;[32m&amp#27;[1m"application/json"&amp#27;[0m &amp#27;[90m# steps.CommonSteps.headerShouldEqual(java.lang.String,java.lang.String)&amp#27;[0m
]]></system-out>
  </testcase>
  <testcase name="missing required field &apos;first_name&apos;" classname="POST /admin/v2/customers" time="0.631">
    <failure message="status code&#10;Expected: &lt;400&gt;&#10;     but: was &lt;200&gt;" type="java.lang.AssertionError"><![CDATA[java.lang.AssertionError: 
status code
Expected: <400>
     but: was <200>
	at org.hamcrest.MatcherAssert.assertThat(MatcherAssert.java:20)
	at steps.CommonSteps.theResponseStatusShouldBe(CommonSteps.java:384)
	at ✽.the response status should be 400(file:///Users/mohammaddaabes/Documents/api/src/test/resources/features/generated/kkjkjkj.feature:63)
]]></failure>
    <system-out><![CDATA[
@negative
Scenario: missing required field 'first_name'                             &amp#27;[90m# src/test/resources/features/generated/kkjkjkj.feature:51&amp#27;[0m
  &amp#27;[32mGiven &amp#27;[0m&amp#27;[32mthe API base url is &amp#27;[0m&amp#27;[32m&amp#27;[1m"${BASE_URL}"&amp#27;[0m                                 &amp#27;[90m# steps.CommonSteps.givenBaseUrlEnv(java.lang.String)&amp#27;[0m
  &amp#27;[32mAnd &amp#27;[0m&amp#27;[32mI use bearer token from env &amp#27;[0m&amp#27;[32m&amp#27;[1m"general_manager_token"&amp#27;[0m                 &amp#27;[90m# steps.CommonSteps.useBearerTokenFromEnv(java.lang.String)&amp#27;[0m
  &amp#27;[32mAnd &amp#27;[0m&amp#27;[32mI add header &amp#27;[0m&amp#27;[32m&amp#27;[1m"accept"&amp#27;[0m&amp#27;[32m with value &amp#27;[0m&amp#27;[32m&amp#27;[1m'application/json'&amp#27;[0m                 &amp#27;[90m# steps.CommonSteps.iAddHeader(java.lang.String,java.lang.String)&amp#27;[0m
  &amp#27;[32mAnd &amp#27;[0m&amp#27;[32mI add header &amp#27;[0m&amp#27;[32m&amp#27;[1m"accept-language"&amp#27;[0m&amp#27;[32m with value &amp#27;[0m&amp#27;[32m&amp#27;[1m'ar'&amp#27;[0m                      &amp#27;[90m# steps.CommonSteps.iAddHeader(java.lang.String,java.lang.String)&amp#27;[0m
  &amp#27;[32mAnd &amp#27;[0m&amp#27;[32mI add header &amp#27;[0m&amp#27;[32m&amp#27;[1m"content-type"&amp#27;[0m&amp#27;[32m with value &amp#27;[0m&amp#27;[32m&amp#27;[1m'application/json'&amp#27;[0m           &amp#27;[90m# steps.CommonSteps.iAddHeader(java.lang.String,java.lang.String)&amp#27;[0m
  &amp#27;[32mAnd &amp#27;[0m&amp#27;[32mI add header &amp#27;[0m&amp#27;[32m&amp#27;[1m"pragma"&amp#27;[0m&amp#27;[32m with value &amp#27;[0m&amp#27;[32m&amp#27;[1m'no-cache'&amp#27;[0m                         &amp#27;[90m# steps.CommonSteps.iAddHeader(java.lang.String,java.lang.String)&amp#27;[0m
  &amp#27;[32mAnd &amp#27;[0m&amp#27;[32mI add header &amp#27;[0m&amp#27;[32m&amp#27;[1m"s-source"&amp#27;[0m&amp#27;[32m with value &amp#27;[0m&amp#27;[32m&amp#27;[1m'automation'&amp#27;[0m                     &amp#27;[90m# steps.CommonSteps.iAddHeader(java.lang.String,java.lang.String)&amp#27;[0m
Request method:	POST
Request URI:	https://api.salla.dev/admin/v2/customers
Body:
{
    "last_name": " daabesdaabesdas",
    "email": "m.daabes+93253@salla.sa",
    "birthday": "08-09-2015",
    "gender": "male",
    "mobile_code_country": "962",
    "mobile": "799798444"
}
  &amp#27;[32mWhen &amp#27;[0m&amp#27;[32mI &amp#27;[0m&amp#27;[32m&amp#27;[1mPOST&amp#27;[0m&amp#27;[32m to &amp#27;[0m&amp#27;[32m&amp#27;[1m"/admin/v2/customers"&amp#27;[0m&amp#27;[32m with json body:&amp#27;[0m                    &amp#27;[90m# steps.CommonSteps.iVerbToWithJsonBody(java.lang.String,java.lang.String,java.lang.String)&amp#27;[0m
  &amp#27;[31mThen &amp#27;[0m&amp#27;[31mthe response status should be &amp#27;[0m&amp#27;[31m&amp#27;[1m400&amp#27;[0m                                  &amp#27;[90m# steps.CommonSteps.theResponseStatusShouldBe(int)&amp#27;[0m
      &amp#27;[31mjava.lang.AssertionError: status code
Expected: <400>
     but: was <200>
	at org.hamcrest.MatcherAssert.assertThat(MatcherAssert.java:20)
	at steps.CommonSteps.theResponseStatusShouldBe(CommonSteps.java:384)
	at ✽.the response status should be 400(file:///Users/mohammaddaabes/Documents/api/src/test/resources/features/generated/kkjkjkj.feature:63)
&amp#27;[0m
  &amp#27;[36mThen &amp#27;[0m&amp#27;[36mthe response header &amp#27;[0m&amp#27;[36m&amp#27;[1m"Content-Type"&amp#27;[0m&amp#27;[36m should equal &amp#27;[0m&amp#27;[36m&amp#27;[1m"application/json"&amp#27;[0m &amp#27;[90m# steps.CommonSteps.headerShouldEqual(java.lang.String,java.lang.String)&amp#27;[0m
]]></system-out>
  </testcase>
  <testcase name="missing required field &apos;first_name&apos;" classname="POST /admin/v2/customers" time="0.516">
    <failure message="status code&#10;Expected: &lt;400&gt;&#10;     but: was &lt;200&gt;" type="java.lang.AssertionError"><![CDATA[java.lang.AssertionError: 
status code
Expected: <400>
     but: was <200>
	at org.hamcrest.MatcherAssert.assertThat(MatcherAssert.java:20)
	at steps.CommonSteps.theResponseStatusShouldBe(CommonSteps.java:384)
	at ✽.the response status should be 400(file:///Users/mohammaddaabes/Documents/api/src/test/resources/features/generated/kkjkjkj.feature:63)
]]></failure>
    <system-out><![CDATA[
@negative
Scenario: missing required field 'first_name'                             &amp#27;[90m# src/test/resources/features/generated/kkjkjkj.feature:51&amp#27;[0m
  &amp#27;[32mGiven &amp#27;[0m&amp#27;[32mthe API base url is &amp#27;[0m&amp#27;[32m&amp#27;[1m"${BASE_URL}"&amp#27;[0m                                 &amp#27;[90m# steps.CommonSteps.givenBaseUrlEnv(java.lang.String)&amp#27;[0m
  &amp#27;[32mAnd &amp#27;[0m&amp#27;[32mI use bearer token from env &amp#27;[0m&amp#27;[32m&amp#27;[1m"general_manager_token"&amp#27;[0m                 &amp#27;[90m# steps.CommonSteps.useBearerTokenFromEnv(java.lang.String)&amp#27;[0m
  &amp#27;[32mAnd &amp#27;[0m&amp#27;[32mI add header &amp#27;[0m&amp#27;[32m&amp#27;[1m"accept"&amp#27;[0m&amp#27;[32m with value &amp#27;[0m&amp#27;[32m&amp#27;[1m'application/json'&amp#27;[0m                 &amp#27;[90m# steps.CommonSteps.iAddHeader(java.lang.String,java.lang.String)&amp#27;[0m
  &amp#27;[32mAnd &amp#27;[0m&amp#27;[32mI add header &amp#27;[0m&amp#27;[32m&amp#27;[1m"accept-language"&amp#27;[0m&amp#27;[32m with value &amp#27;[0m&amp#27;[32m&amp#27;[1m'ar'&amp#27;[0m                      &amp#27;[90m# steps.CommonSteps.iAddHeader(java.lang.String,java.lang.String)&amp#27;[0m
  &amp#27;[32mAnd &amp#27;[0m&amp#27;[32mI add header &amp#27;[0m&amp#27;[32m&amp#27;[1m"content-type"&amp#27;[0m&amp#27;[32m with value &amp#27;[0m&amp#27;[32m&amp#27;[1m'application/json'&amp#27;[0m           &amp#27;[90m# steps.CommonSteps.iAddHeader(java.lang.String,java.lang.String)&amp#27;[0m
  &amp#27;[32mAnd &amp#27;[0m&amp#27;[32mI add header &amp#27;[0m&amp#27;[32m&amp#27;[1m"pragma"&amp#27;[0m&amp#27;[32m with value &amp#27;[0m&amp#27;[32m&amp#27;[1m'no-cache'&amp#27;[0m                         &amp#27;[90m# steps.CommonSteps.iAddHeader(java.lang.String,java.lang.String)&amp#27;[0m
  &amp#27;[32mAnd &amp#27;[0m&amp#27;[32mI add header &amp#27;[0m&amp#27;[32m&amp#27;[1m"s-source"&amp#27;[0m&amp#27;[32m with value &amp#27;[0m&amp#27;[32m&amp#27;[1m'automation'&amp#27;[0m                     &amp#27;[90m# steps.CommonSteps.iAddHeader(java.lang.String,java.lang.String)&amp#27;[0m
Request method:	POST
Request URI:	https://api.salla.dev/admin/v2/customers
Body:
{
    "last_name": " daabesdaabesdas",
    "email": "m.daabes+93253@salla.sa",
    "birthday": "08-09-2015",
    "gender": "male",
    "mobile_code_country": "962",
    "mobile": "799798444"
}
  &amp#27;[32mWhen &amp#27;[0m&amp#27;[32mI &amp#27;[0m&amp#27;[32m&amp#27;[1mPOST&amp#27;[0m&amp#27;[32m to &amp#27;[0m&amp#27;[32m&amp#27;[1m"/admin/v2/customers"&amp#27;[0m&amp#27;[32m with json body:&amp#27;[0m                    &amp#27;[90m# steps.CommonSteps.iVerbToWithJsonBody(java.lang.String,java.lang.String,java.lang.String)&amp#27;[0m
  &amp#27;[31mThen &amp#27;[0m&amp#27;[31mthe response status should be &amp#27;[0m&amp#27;[31m&amp#27;[1m400&amp#27;[0m                                  &amp#27;[90m# steps.CommonSteps.theResponseStatusShouldBe(int)&amp#27;[0m
      &amp#27;[31mjava.lang.AssertionError: status code
Expected: <400>
     but: was <200>
	at org.hamcrest.MatcherAssert.assertThat(MatcherAssert.java:20)
	at steps.CommonSteps.theResponseStatusShouldBe(CommonSteps.java:384)
	at ✽.the response status should be 400(file:///Users/mohammaddaabes/Documents/api/src/test/resources/features/generated/kkjkjkj.feature:63)
&amp#27;[0m
  &amp#27;[36mThen &amp#27;[0m&amp#27;[36mthe response header &amp#27;[0m&amp#27;[36m&amp#27;[1m"Content-Type"&amp#27;[0m&amp#27;[36m should equal &amp#27;[0m&amp#27;[36m&amp#27;[1m"application/json"&amp#27;[0m &amp#27;[90m# steps.CommonSteps.headerShouldEqual(java.lang.String,java.lang.String)&amp#27;[0m
]]></system-out>
  </testcase>
  <testcase name="missing required field &apos;last_name&apos;" classname="POST /admin/v2/customers" time="0.564">
    <failure message="status code&#10;Expected: &lt;400&gt;&#10;     but: was &lt;200&gt;" type="java.lang.AssertionError"><![CDATA[java.lang.AssertionError: 
status code
Expected: <400>
     but: was <200>
	at org.hamcrest.MatcherAssert.assertThat(MatcherAssert.java:20)
	at steps.CommonSteps.theResponseStatusShouldBe(CommonSteps.java:384)
	at ✽.the response status should be 400(file:///Users/mohammaddaabes/Documents/api/src/test/resources/features/generated/kkjkjkj.feature:79)
]]></failure>
    <system-out><![CDATA[
@negative
Scenario: missing required field 'last_name'                              &amp#27;[90m# src/test/resources/features/generated/kkjkjkj.feature:67&amp#27;[0m
  &amp#27;[32mGiven &amp#27;[0m&amp#27;[32mthe API base url is &amp#27;[0m&amp#27;[32m&amp#27;[1m"${BASE_URL}"&amp#27;[0m                                 &amp#27;[90m# steps.CommonSteps.givenBaseUrlEnv(java.lang.String)&amp#27;[0m
  &amp#27;[32mAnd &amp#27;[0m&amp#27;[32mI use bearer token from env &amp#27;[0m&amp#27;[32m&amp#27;[1m"general_manager_token"&amp#27;[0m                 &amp#27;[90m# steps.CommonSteps.useBearerTokenFromEnv(java.lang.String)&amp#27;[0m
  &amp#27;[32mAnd &amp#27;[0m&amp#27;[32mI add header &amp#27;[0m&amp#27;[32m&amp#27;[1m"accept"&amp#27;[0m&amp#27;[32m with value &amp#27;[0m&amp#27;[32m&amp#27;[1m'application/json'&amp#27;[0m                 &amp#27;[90m# steps.CommonSteps.iAddHeader(java.lang.String,java.lang.String)&amp#27;[0m
  &amp#27;[32mAnd &amp#27;[0m&amp#27;[32mI add header &amp#27;[0m&amp#27;[32m&amp#27;[1m"accept-language"&amp#27;[0m&amp#27;[32m with value &amp#27;[0m&amp#27;[32m&amp#27;[1m'ar'&amp#27;[0m                      &amp#27;[90m# steps.CommonSteps.iAddHeader(java.lang.String,java.lang.String)&amp#27;[0m
  &amp#27;[32mAnd &amp#27;[0m&amp#27;[32mI add header &amp#27;[0m&amp#27;[32m&amp#27;[1m"content-type"&amp#27;[0m&amp#27;[32m with value &amp#27;[0m&amp#27;[32m&amp#27;[1m'application/json'&amp#27;[0m           &amp#27;[90m# steps.CommonSteps.iAddHeader(java.lang.String,java.lang.String)&amp#27;[0m
  &amp#27;[32mAnd &amp#27;[0m&amp#27;[32mI add header &amp#27;[0m&amp#27;[32m&amp#27;[1m"pragma"&amp#27;[0m&amp#27;[32m with value &amp#27;[0m&amp#27;[32m&amp#27;[1m'no-cache'&amp#27;[0m                         &amp#27;[90m# steps.CommonSteps.iAddHeader(java.lang.String,java.lang.String)&amp#27;[0m
  &amp#27;[32mAnd &amp#27;[0m&amp#27;[32mI add header &amp#27;[0m&amp#27;[32m&amp#27;[1m"s-source"&amp#27;[0m&amp#27;[32m with value &amp#27;[0m&amp#27;[32m&amp#27;[1m'automation'&amp#27;[0m                     &amp#27;[90m# steps.CommonSteps.iAddHeader(java.lang.String,java.lang.String)&amp#27;[0m
Request method:	POST
Request URI:	https://api.salla.dev/admin/v2/customers
Body:
{
    "first_name": "moe",
    "email": "m.daabes+93253@salla.sa",
    "birthday": "08-09-2015",
    "gender": "male",
    "mobile_code_country": "962",
    "mobile": "799798444"
}
  &amp#27;[32mWhen &amp#27;[0m&amp#27;[32mI &amp#27;[0m&amp#27;[32m&amp#27;[1mPOST&amp#27;[0m&amp#27;[32m to &amp#27;[0m&amp#27;[32m&amp#27;[1m"/admin/v2/customers"&amp#27;[0m&amp#27;[32m with json body:&amp#27;[0m                    &amp#27;[90m# steps.CommonSteps.iVerbToWithJsonBody(java.lang.String,java.lang.String,java.lang.String)&amp#27;[0m
  &amp#27;[31mThen &amp#27;[0m&amp#27;[31mthe response status should be &amp#27;[0m&amp#27;[31m&amp#27;[1m400&amp#27;[0m                                  &amp#27;[90m# steps.CommonSteps.theResponseStatusShouldBe(int)&amp#27;[0m
      &amp#27;[31mjava.lang.AssertionError: status code
Expected: <400>
     but: was <200>
	at org.hamcrest.MatcherAssert.assertThat(MatcherAssert.java:20)
	at steps.CommonSteps.theResponseStatusShouldBe(CommonSteps.java:384)
	at ✽.the response status should be 400(file:///Users/mohammaddaabes/Documents/api/src/test/resources/features/generated/kkjkjkj.feature:79)
&amp#27;[0m
  &amp#27;[36mThen &amp#27;[0m&amp#27;[36mthe response header &amp#27;[0m&amp#27;[36m&amp#27;[1m"Content-Type"&amp#27;[0m&amp#27;[36m should equal &amp#27;[0m&amp#27;[36m&amp#27;[1m"application/json"&amp#27;[0m &amp#27;[90m# steps.CommonSteps.headerShouldEqual(java.lang.String,java.lang.String)&amp#27;[0m
]]></system-out>
  </testcase>
  <testcase name="missing required field &apos;last_name&apos;" classname="POST /admin/v2/customers" time="0.479">
    <failure message="status code&#10;Expected: &lt;400&gt;&#10;     but: was &lt;200&gt;" type="java.lang.AssertionError"><![CDATA[java.lang.AssertionError: 
status code
Expected: <400>
     but: was <200>
	at org.hamcrest.MatcherAssert.assertThat(MatcherAssert.java:20)
	at steps.CommonSteps.theResponseStatusShouldBe(CommonSteps.java:384)
	at ✽.the response status should be 400(file:///Users/mohammaddaabes/Documents/api/src/test/resources/features/generated/kkjkjkj.feature:79)
]]></failure>
    <system-out><![CDATA[
@negative
Scenario: missing required field 'last_name'                              &amp#27;[90m# src/test/resources/features/generated/kkjkjkj.feature:67&amp#27;[0m
  &amp#27;[32mGiven &amp#27;[0m&amp#27;[32mthe API base url is &amp#27;[0m&amp#27;[32m&amp#27;[1m"${BASE_URL}"&amp#27;[0m                                 &amp#27;[90m# steps.CommonSteps.givenBaseUrlEnv(java.lang.String)&amp#27;[0m
  &amp#27;[32mAnd &amp#27;[0m&amp#27;[32mI use bearer token from env &amp#27;[0m&amp#27;[32m&amp#27;[1m"general_manager_token"&amp#27;[0m                 &amp#27;[90m# steps.CommonSteps.useBearerTokenFromEnv(java.lang.String)&amp#27;[0m
  &amp#27;[32mAnd &amp#27;[0m&amp#27;[32mI add header &amp#27;[0m&amp#27;[32m&amp#27;[1m"accept"&amp#27;[0m&amp#27;[32m with value &amp#27;[0m&amp#27;[32m&amp#27;[1m'application/json'&amp#27;[0m                 &amp#27;[90m# steps.CommonSteps.iAddHeader(java.lang.String,java.lang.String)&amp#27;[0m
  &amp#27;[32mAnd &amp#27;[0m&amp#27;[32mI add header &amp#27;[0m&amp#27;[32m&amp#27;[1m"accept-language"&amp#27;[0m&amp#27;[32m with value &amp#27;[0m&amp#27;[32m&amp#27;[1m'ar'&amp#27;[0m                      &amp#27;[90m# steps.CommonSteps.iAddHeader(java.lang.String,java.lang.String)&amp#27;[0m
  &amp#27;[32mAnd &amp#27;[0m&amp#27;[32mI add header &amp#27;[0m&amp#27;[32m&amp#27;[1m"content-type"&amp#27;[0m&amp#27;[32m with value &amp#27;[0m&amp#27;[32m&amp#27;[1m'application/json'&amp#27;[0m           &amp#27;[90m# steps.CommonSteps.iAddHeader(java.lang.String,java.lang.String)&amp#27;[0m
  &amp#27;[32mAnd &amp#27;[0m&amp#27;[32mI add header &amp#27;[0m&amp#27;[32m&amp#27;[1m"pragma"&amp#27;[0m&amp#27;[32m with value &amp#27;[0m&amp#27;[32m&amp#27;[1m'no-cache'&amp#27;[0m                         &amp#27;[90m# steps.CommonSteps.iAddHeader(java.lang.String,java.lang.String)&amp#27;[0m
  &amp#27;[32mAnd &amp#27;[0m&amp#27;[32mI add header &amp#27;[0m&amp#27;[32m&amp#27;[1m"s-source"&amp#27;[0m&amp#27;[32m with value &amp#27;[0m&amp#27;[32m&amp#27;[1m'automation'&amp#27;[0m                     &amp#27;[90m# steps.CommonSteps.iAddHeader(java.lang.String,java.lang.String)&amp#27;[0m
Request method:	POST
Request URI:	https://api.salla.dev/admin/v2/customers
Body:
{
    "first_name": "moe",
    "email": "m.daabes+93253@salla.sa",
    "birthday": "08-09-2015",
    "gender": "male",
    "mobile_code_country": "962",
    "mobile": "799798444"
}
  &amp#27;[32mWhen &amp#27;[0m&amp#27;[32mI &amp#27;[0m&amp#27;[32m&amp#27;[1mPOST&amp#27;[0m&amp#27;[32m to &amp#27;[0m&amp#27;[32m&amp#27;[1m"/admin/v2/customers"&amp#27;[0m&amp#27;[32m with json body:&amp#27;[0m                    &amp#27;[90m# steps.CommonSteps.iVerbToWithJsonBody(java.lang.String,java.lang.String,java.lang.String)&amp#27;[0m
  &amp#27;[31mThen &amp#27;[0m&amp#27;[31mthe response status should be &amp#27;[0m&amp#27;[31m&amp#27;[1m400&amp#27;[0m                                  &amp#27;[90m# steps.CommonSteps.theResponseStatusShouldBe(int)&amp#27;[0m
      &amp#27;[31mjava.lang.AssertionError: status code
Expected: <400>
     but: was <200>
	at org.hamcrest.MatcherAssert.assertThat(MatcherAssert.java:20)
	at steps.CommonSteps.theResponseStatusShouldBe(CommonSteps.java:384)
	at ✽.the response status should be 400(file:///Users/mohammaddaabes/Documents/api/src/test/resources/features/generated/kkjkjkj.feature:79)
&amp#27;[0m
  &amp#27;[36mThen &amp#27;[0m&amp#27;[36mthe response header &amp#27;[0m&amp#27;[36m&amp#27;[1m"Content-Type"&amp#27;[0m&amp#27;[36m should equal &amp#27;[0m&amp#27;[36m&amp#27;[1m"application/json"&amp#27;[0m &amp#27;[90m# steps.CommonSteps.headerShouldEqual(java.lang.String,java.lang.String)&amp#27;[0m
]]></system-out>
  </testcase>
  <testcase name="missing required field &apos;email&apos;" classname="POST /admin/v2/customers" time="0.521">
    <failure message="status code&#10;Expected: &lt;400&gt;&#10;     but: was &lt;200&gt;" type="java.lang.AssertionError"><![CDATA[java.lang.AssertionError: 
status code
Expected: <400>
     but: was <200>
	at org.hamcrest.MatcherAssert.assertThat(MatcherAssert.java:20)
	at steps.CommonSteps.theResponseStatusShouldBe(CommonSteps.java:384)
	at ✽.the response status should be 400(file:///Users/mohammaddaabes/Documents/api/src/test/resources/features/generated/kkjkjkj.feature:95)
]]></failure>
    <system-out><![CDATA[
@negative
Scenario: missing required field 'email'                                  &amp#27;[90m# src/test/resources/features/generated/kkjkjkj.feature:83&amp#27;[0m
  &amp#27;[32mGiven &amp#27;[0m&amp#27;[32mthe API base url is &amp#27;[0m&amp#27;[32m&amp#27;[1m"${BASE_URL}"&amp#27;[0m                                 &amp#27;[90m# steps.CommonSteps.givenBaseUrlEnv(java.lang.String)&amp#27;[0m
  &amp#27;[32mAnd &amp#27;[0m&amp#27;[32mI use bearer token from env &amp#27;[0m&amp#27;[32m&amp#27;[1m"general_manager_token"&amp#27;[0m                 &amp#27;[90m# steps.CommonSteps.useBearerTokenFromEnv(java.lang.String)&amp#27;[0m
  &amp#27;[32mAnd &amp#27;[0m&amp#27;[32mI add header &amp#27;[0m&amp#27;[32m&amp#27;[1m"accept"&amp#27;[0m&amp#27;[32m with value &amp#27;[0m&amp#27;[32m&amp#27;[1m'application/json'&amp#27;[0m                 &amp#27;[90m# steps.CommonSteps.iAddHeader(java.lang.String,java.lang.String)&amp#27;[0m
  &amp#27;[32mAnd &amp#27;[0m&amp#27;[32mI add header &amp#27;[0m&amp#27;[32m&amp#27;[1m"accept-language"&amp#27;[0m&amp#27;[32m with value &amp#27;[0m&amp#27;[32m&amp#27;[1m'ar'&amp#27;[0m                      &amp#27;[90m# steps.CommonSteps.iAddHeader(java.lang.String,java.lang.String)&amp#27;[0m
  &amp#27;[32mAnd &amp#27;[0m&amp#27;[32mI add header &amp#27;[0m&amp#27;[32m&amp#27;[1m"content-type"&amp#27;[0m&amp#27;[32m with value &amp#27;[0m&amp#27;[32m&amp#27;[1m'application/json'&amp#27;[0m           &amp#27;[90m# steps.CommonSteps.iAddHeader(java.lang.String,java.lang.String)&amp#27;[0m
  &amp#27;[32mAnd &amp#27;[0m&amp#27;[32mI add header &amp#27;[0m&amp#27;[32m&amp#27;[1m"pragma"&amp#27;[0m&amp#27;[32m with value &amp#27;[0m&amp#27;[32m&amp#27;[1m'no-cache'&amp#27;[0m                         &amp#27;[90m# steps.CommonSteps.iAddHeader(java.lang.String,java.lang.String)&amp#27;[0m
  &amp#27;[32mAnd &amp#27;[0m&amp#27;[32mI add header &amp#27;[0m&amp#27;[32m&amp#27;[1m"s-source"&amp#27;[0m&amp#27;[32m with value &amp#27;[0m&amp#27;[32m&amp#27;[1m'automation'&amp#27;[0m                     &amp#27;[90m# steps.CommonSteps.iAddHeader(java.lang.String,java.lang.String)&amp#27;[0m
Request method:	POST
Request URI:	https://api.salla.dev/admin/v2/customers
Body:
{
    "first_name": "moe",
    "last_name": " daabesdaabesdas",
    "birthday": "08-09-2015",
    "gender": "male",
    "mobile_code_country": "962",
    "mobile": "799798444"
}
  &amp#27;[32mWhen &amp#27;[0m&amp#27;[32mI &amp#27;[0m&amp#27;[32m&amp#27;[1mPOST&amp#27;[0m&amp#27;[32m to &amp#27;[0m&amp#27;[32m&amp#27;[1m"/admin/v2/customers"&amp#27;[0m&amp#27;[32m with json body:&amp#27;[0m                    &amp#27;[90m# steps.CommonSteps.iVerbToWithJsonBody(java.lang.String,java.lang.String,java.lang.String)&amp#27;[0m
  &amp#27;[31mThen &amp#27;[0m&amp#27;[31mthe response status should be &amp#27;[0m&amp#27;[31m&amp#27;[1m400&amp#27;[0m                                  &amp#27;[90m# steps.CommonSteps.theResponseStatusShouldBe(int)&amp#27;[0m
      &amp#27;[31mjava.lang.AssertionError: status code
Expected: <400>
     but: was <200>
	at org.hamcrest.MatcherAssert.assertThat(MatcherAssert.java:20)
	at steps.CommonSteps.theResponseStatusShouldBe(CommonSteps.java:384)
	at ✽.the response status should be 400(file:///Users/mohammaddaabes/Documents/api/src/test/resources/features/generated/kkjkjkj.feature:95)
&amp#27;[0m
  &amp#27;[36mThen &amp#27;[0m&amp#27;[36mthe response header &amp#27;[0m&amp#27;[36m&amp#27;[1m"Content-Type"&amp#27;[0m&amp#27;[36m should equal &amp#27;[0m&amp#27;[36m&amp#27;[1m"application/json"&amp#27;[0m &amp#27;[90m# steps.CommonSteps.headerShouldEqual(java.lang.String,java.lang.String)&amp#27;[0m
]]></system-out>
  </testcase>
  <testcase name="missing required field &apos;email&apos;" classname="POST /admin/v2/customers" time="0.601">
    <failure message="status code&#10;Expected: &lt;400&gt;&#10;     but: was &lt;200&gt;" type="java.lang.AssertionError"><![CDATA[java.lang.AssertionError: 
status code
Expected: <400>
     but: was <200>
	at org.hamcrest.MatcherAssert.assertThat(MatcherAssert.java:20)
	at steps.CommonSteps.theResponseStatusShouldBe(CommonSteps.java:384)
	at ✽.the response status should be 400(file:///Users/mohammaddaabes/Documents/api/src/test/resources/features/generated/kkjkjkj.feature:95)
]]></failure>
    <system-out><![CDATA[
@negative
Scenario: missing required field 'email'                                  &amp#27;[90m# src/test/resources/features/generated/kkjkjkj.feature:83&amp#27;[0m
  &amp#27;[32mGiven &amp#27;[0m&amp#27;[32mthe API base url is &amp#27;[0m&amp#27;[32m&amp#27;[1m"${BASE_URL}"&amp#27;[0m                                 &amp#27;[90m# steps.CommonSteps.givenBaseUrlEnv(java.lang.String)&amp#27;[0m
  &amp#27;[32mAnd &amp#27;[0m&amp#27;[32mI use bearer token from env &amp#27;[0m&amp#27;[32m&amp#27;[1m"general_manager_token"&amp#27;[0m                 &amp#27;[90m# steps.CommonSteps.useBearerTokenFromEnv(java.lang.String)&amp#27;[0m
  &amp#27;[32mAnd &amp#27;[0m&amp#27;[32mI add header &amp#27;[0m&amp#27;[32m&amp#27;[1m"accept"&amp#27;[0m&amp#27;[32m with value &amp#27;[0m&amp#27;[32m&amp#27;[1m'application/json'&amp#27;[0m                 &amp#27;[90m# steps.CommonSteps.iAddHeader(java.lang.String,java.lang.String)&amp#27;[0m
  &amp#27;[32mAnd &amp#27;[0m&amp#27;[32mI add header &amp#27;[0m&amp#27;[32m&amp#27;[1m"accept-language"&amp#27;[0m&amp#27;[32m with value &amp#27;[0m&amp#27;[32m&amp#27;[1m'ar'&amp#27;[0m                      &amp#27;[90m# steps.CommonSteps.iAddHeader(java.lang.String,java.lang.String)&amp#27;[0m
  &amp#27;[32mAnd &amp#27;[0m&amp#27;[32mI add header &amp#27;[0m&amp#27;[32m&amp#27;[1m"content-type"&amp#27;[0m&amp#27;[32m with value &amp#27;[0m&amp#27;[32m&amp#27;[1m'application/json'&amp#27;[0m           &amp#27;[90m# steps.CommonSteps.iAddHeader(java.lang.String,java.lang.String)&amp#27;[0m
  &amp#27;[32mAnd &amp#27;[0m&amp#27;[32mI add header &amp#27;[0m&amp#27;[32m&amp#27;[1m"pragma"&amp#27;[0m&amp#27;[32m with value &amp#27;[0m&amp#27;[32m&amp#27;[1m'no-cache'&amp#27;[0m                         &amp#27;[90m# steps.CommonSteps.iAddHeader(java.lang.String,java.lang.String)&amp#27;[0m
  &amp#27;[32mAnd &amp#27;[0m&amp#27;[32mI add header &amp#27;[0m&amp#27;[32m&amp#27;[1m"s-source"&amp#27;[0m&amp#27;[32m with value &amp#27;[0m&amp#27;[32m&amp#27;[1m'automation'&amp#27;[0m                     &amp#27;[90m# steps.CommonSteps.iAddHeader(java.lang.String,java.lang.String)&amp#27;[0m
Request method:	POST
Request URI:	https://api.salla.dev/admin/v2/customers
Body:
{
    "first_name": "moe",
    "last_name": " daabesdaabesdas",
    "birthday": "08-09-2015",
    "gender": "male",
    "mobile_code_country": "962",
    "mobile": "799798444"
}
  &amp#27;[32mWhen &amp#27;[0m&amp#27;[32mI &amp#27;[0m&amp#27;[32m&amp#27;[1mPOST&amp#27;[0m&amp#27;[32m to &amp#27;[0m&amp#27;[32m&amp#27;[1m"/admin/v2/customers"&amp#27;[0m&amp#27;[32m with json body:&amp#27;[0m                    &amp#27;[90m# steps.CommonSteps.iVerbToWithJsonBody(java.lang.String,java.lang.String,java.lang.String)&amp#27;[0m
  &amp#27;[31mThen &amp#27;[0m&amp#27;[31mthe response status should be &amp#27;[0m&amp#27;[31m&amp#27;[1m400&amp#27;[0m                                  &amp#27;[90m# steps.CommonSteps.theResponseStatusShouldBe(int)&amp#27;[0m
      &amp#27;[31mjava.lang.AssertionError: status code
Expected: <400>
     but: was <200>
	at org.hamcrest.MatcherAssert.assertThat(MatcherAssert.java:20)
	at steps.CommonSteps.theResponseStatusShouldBe(CommonSteps.java:384)
	at ✽.the response status should be 400(file:///Users/mohammaddaabes/Documents/api/src/test/resources/features/generated/kkjkjkj.feature:95)
&amp#27;[0m
  &amp#27;[36mThen &amp#27;[0m&amp#27;[36mthe response header &amp#27;[0m&amp#27;[36m&amp#27;[1m"Content-Type"&amp#27;[0m&amp#27;[36m should equal &amp#27;[0m&amp#27;[36m&amp#27;[1m"application/json"&amp#27;[0m &amp#27;[90m# steps.CommonSteps.headerShouldEqual(java.lang.String,java.lang.String)&amp#27;[0m
]]></system-out>
  </testcase>
  <testcase name="missing required field &apos;birthday&apos;" classname="POST /admin/v2/customers" time="0.657">
    <failure message="status code&#10;Expected: &lt;400&gt;&#10;     but: was &lt;200&gt;" type="java.lang.AssertionError"><![CDATA[java.lang.AssertionError: 
status code
Expected: <400>
     but: was <200>
	at org.hamcrest.MatcherAssert.assertThat(MatcherAssert.java:20)
	at steps.CommonSteps.theResponseStatusShouldBe(CommonSteps.java:384)
	at ✽.the response status should be 400(file:///Users/mohammaddaabes/Documents/api/src/test/resources/features/generated/kkjkjkj.feature:111)
]]></failure>
    <system-out><![CDATA[
@negative
Scenario: missing required field 'birthday'                               &amp#27;[90m# src/test/resources/features/generated/kkjkjkj.feature:99&amp#27;[0m
  &amp#27;[32mGiven &amp#27;[0m&amp#27;[32mthe API base url is &amp#27;[0m&amp#27;[32m&amp#27;[1m"${BASE_URL}"&amp#27;[0m                                 &amp#27;[90m# steps.CommonSteps.givenBaseUrlEnv(java.lang.String)&amp#27;[0m
  &amp#27;[32mAnd &amp#27;[0m&amp#27;[32mI use bearer token from env &amp#27;[0m&amp#27;[32m&amp#27;[1m"general_manager_token"&amp#27;[0m                 &amp#27;[90m# steps.CommonSteps.useBearerTokenFromEnv(java.lang.String)&amp#27;[0m
  &amp#27;[32mAnd &amp#27;[0m&amp#27;[32mI add header &amp#27;[0m&amp#27;[32m&amp#27;[1m"accept"&amp#27;[0m&amp#27;[32m with value &amp#27;[0m&amp#27;[32m&amp#27;[1m'application/json'&amp#27;[0m                 &amp#27;[90m# steps.CommonSteps.iAddHeader(java.lang.String,java.lang.String)&amp#27;[0m
  &amp#27;[32mAnd &amp#27;[0m&amp#27;[32mI add header &amp#27;[0m&amp#27;[32m&amp#27;[1m"accept-language"&amp#27;[0m&amp#27;[32m with value &amp#27;[0m&amp#27;[32m&amp#27;[1m'ar'&amp#27;[0m                      &amp#27;[90m# steps.CommonSteps.iAddHeader(java.lang.String,java.lang.String)&amp#27;[0m
  &amp#27;[32mAnd &amp#27;[0m&amp#27;[32mI add header &amp#27;[0m&amp#27;[32m&amp#27;[1m"content-type"&amp#27;[0m&amp#27;[32m with value &amp#27;[0m&amp#27;[32m&amp#27;[1m'application/json'&amp#27;[0m           &amp#27;[90m# steps.CommonSteps.iAddHeader(java.lang.String,java.lang.String)&amp#27;[0m
  &amp#27;[32mAnd &amp#27;[0m&amp#27;[32mI add header &amp#27;[0m&amp#27;[32m&amp#27;[1m"pragma"&amp#27;[0m&amp#27;[32m with value &amp#27;[0m&amp#27;[32m&amp#27;[1m'no-cache'&amp#27;[0m                         &amp#27;[90m# steps.CommonSteps.iAddHeader(java.lang.String,java.lang.String)&amp#27;[0m
  &amp#27;[32mAnd &amp#27;[0m&amp#27;[32mI add header &amp#27;[0m&amp#27;[32m&amp#27;[1m"s-source"&amp#27;[0m&amp#27;[32m with value &amp#27;[0m&amp#27;[32m&amp#27;[1m'automation'&amp#27;[0m                     &amp#27;[90m# steps.CommonSteps.iAddHeader(java.lang.String,java.lang.String)&amp#27;[0m
Request method:	POST
Request URI:	https://api.salla.dev/admin/v2/customers
Body:
{
    "first_name": "moe",
    "last_name": " daabesdaabesdas",
    "email": "m.daabes+93253@salla.sa",
    "gender": "male",
    "mobile_code_country": "962",
    "mobile": "799798444"
}
  &amp#27;[32mWhen &amp#27;[0m&amp#27;[32mI &amp#27;[0m&amp#27;[32m&amp#27;[1mPOST&amp#27;[0m&amp#27;[32m to &amp#27;[0m&amp#27;[32m&amp#27;[1m"/admin/v2/customers"&amp#27;[0m&amp#27;[32m with json body:&amp#27;[0m                    &amp#27;[90m# steps.CommonSteps.iVerbToWithJsonBody(java.lang.String,java.lang.String,java.lang.String)&amp#27;[0m
  &amp#27;[31mThen &amp#27;[0m&amp#27;[31mthe response status should be &amp#27;[0m&amp#27;[31m&amp#27;[1m400&amp#27;[0m                                  &amp#27;[90m# steps.CommonSteps.theResponseStatusShouldBe(int)&amp#27;[0m
      &amp#27;[31mjava.lang.AssertionError: status code
Expected: <400>
     but: was <200>
	at org.hamcrest.MatcherAssert.assertThat(MatcherAssert.java:20)
	at steps.CommonSteps.theResponseStatusShouldBe(CommonSteps.java:384)
	at ✽.the response status should be 400(file:///Users/mohammaddaabes/Documents/api/src/test/resources/features/generated/kkjkjkj.feature:111)
&amp#27;[0m
  &amp#27;[36mThen &amp#27;[0m&amp#27;[36mthe response header &amp#27;[0m&amp#27;[36m&amp#27;[1m"Content-Type"&amp#27;[0m&amp#27;[36m should equal &amp#27;[0m&amp#27;[36m&amp#27;[1m"application/json"&amp#27;[0m &amp#27;[90m# steps.CommonSteps.headerShouldEqual(java.lang.String,java.lang.String)&amp#27;[0m
]]></system-out>
  </testcase>
  <testcase name="missing required field &apos;birthday&apos;" classname="POST /admin/v2/customers" time="0.455">
    <failure message="status code&#10;Expected: &lt;400&gt;&#10;     but: was &lt;200&gt;" type="java.lang.AssertionError"><![CDATA[java.lang.AssertionError: 
status code
Expected: <400>
     but: was <200>
	at org.hamcrest.MatcherAssert.assertThat(MatcherAssert.java:20)
	at steps.CommonSteps.theResponseStatusShouldBe(CommonSteps.java:384)
	at ✽.the response status should be 400(file:///Users/mohammaddaabes/Documents/api/src/test/resources/features/generated/kkjkjkj.feature:111)
]]></failure>
    <system-out><![CDATA[
@negative
Scenario: missing required field 'birthday'                               &amp#27;[90m# src/test/resources/features/generated/kkjkjkj.feature:99&amp#27;[0m
  &amp#27;[32mGiven &amp#27;[0m&amp#27;[32mthe API base url is &amp#27;[0m&amp#27;[32m&amp#27;[1m"${BASE_URL}"&amp#27;[0m                                 &amp#27;[90m# steps.CommonSteps.givenBaseUrlEnv(java.lang.String)&amp#27;[0m
  &amp#27;[32mAnd &amp#27;[0m&amp#27;[32mI use bearer token from env &amp#27;[0m&amp#27;[32m&amp#27;[1m"general_manager_token"&amp#27;[0m                 &amp#27;[90m# steps.CommonSteps.useBearerTokenFromEnv(java.lang.String)&amp#27;[0m
  &amp#27;[32mAnd &amp#27;[0m&amp#27;[32mI add header &amp#27;[0m&amp#27;[32m&amp#27;[1m"accept"&amp#27;[0m&amp#27;[32m with value &amp#27;[0m&amp#27;[32m&amp#27;[1m'application/json'&amp#27;[0m                 &amp#27;[90m# steps.CommonSteps.iAddHeader(java.lang.String,java.lang.String)&amp#27;[0m
  &amp#27;[32mAnd &amp#27;[0m&amp#27;[32mI add header &amp#27;[0m&amp#27;[32m&amp#27;[1m"accept-language"&amp#27;[0m&amp#27;[32m with value &amp#27;[0m&amp#27;[32m&amp#27;[1m'ar'&amp#27;[0m                      &amp#27;[90m# steps.CommonSteps.iAddHeader(java.lang.String,java.lang.String)&amp#27;[0m
  &amp#27;[32mAnd &amp#27;[0m&amp#27;[32mI add header &amp#27;[0m&amp#27;[32m&amp#27;[1m"content-type"&amp#27;[0m&amp#27;[32m with value &amp#27;[0m&amp#27;[32m&amp#27;[1m'application/json'&amp#27;[0m           &amp#27;[90m# steps.CommonSteps.iAddHeader(java.lang.String,java.lang.String)&amp#27;[0m
  &amp#27;[32mAnd &amp#27;[0m&amp#27;[32mI add header &amp#27;[0m&amp#27;[32m&amp#27;[1m"pragma"&amp#27;[0m&amp#27;[32m with value &amp#27;[0m&amp#27;[32m&amp#27;[1m'no-cache'&amp#27;[0m                         &amp#27;[90m# steps.CommonSteps.iAddHeader(java.lang.String,java.lang.String)&amp#27;[0m
  &amp#27;[32mAnd &amp#27;[0m&amp#27;[32mI add header &amp#27;[0m&amp#27;[32m&amp#27;[1m"s-source"&amp#27;[0m&amp#27;[32m with value &amp#27;[0m&amp#27;[32m&amp#27;[1m'automation'&amp#27;[0m                     &amp#27;[90m# steps.CommonSteps.iAddHeader(java.lang.String,java.lang.String)&amp#27;[0m
Request method:	POST
Request URI:	https://api.salla.dev/admin/v2/customers
Body:
{
    "first_name": "moe",
    "last_name": " daabesdaabesdas",
    "email": "m.daabes+93253@salla.sa",
    "gender": "male",
    "mobile_code_country": "962",
    "mobile": "799798444"
}
  &amp#27;[32mWhen &amp#27;[0m&amp#27;[32mI &amp#27;[0m&amp#27;[32m&amp#27;[1mPOST&amp#27;[0m&amp#27;[32m to &amp#27;[0m&amp#27;[32m&amp#27;[1m"/admin/v2/customers"&amp#27;[0m&amp#27;[32m with json body:&amp#27;[0m                    &amp#27;[90m# steps.CommonSteps.iVerbToWithJsonBody(java.lang.String,java.lang.String,java.lang.String)&amp#27;[0m
  &amp#27;[31mThen &amp#27;[0m&amp#27;[31mthe response status should be &amp#27;[0m&amp#27;[31m&amp#27;[1m400&amp#27;[0m                                  &amp#27;[90m# steps.CommonSteps.theResponseStatusShouldBe(int)&amp#27;[0m
      &amp#27;[31mjava.lang.AssertionError: status code
Expected: <400>
     but: was <200>
	at org.hamcrest.MatcherAssert.assertThat(MatcherAssert.java:20)
	at steps.CommonSteps.theResponseStatusShouldBe(CommonSteps.java:384)
	at ✽.the response status should be 400(file:///Users/mohammaddaabes/Documents/api/src/test/resources/features/generated/kkjkjkj.feature:111)
&amp#27;[0m
  &amp#27;[36mThen &amp#27;[0m&amp#27;[36mthe response header &amp#27;[0m&amp#27;[36m&amp#27;[1m"Content-Type"&amp#27;[0m&amp#27;[36m should equal &amp#27;[0m&amp#27;[36m&amp#27;[1m"application/json"&amp#27;[0m &amp#27;[90m# steps.CommonSteps.headerShouldEqual(java.lang.String,java.lang.String)&amp#27;[0m
]]></system-out>
  </testcase>
  <testcase name="missing required field &apos;gender&apos;" classname="POST /admin/v2/customers" time="0.507">
    <failure message="status code&#10;Expected: &lt;400&gt;&#10;     but: was &lt;200&gt;" type="java.lang.AssertionError"><![CDATA[java.lang.AssertionError: 
status code
Expected: <400>
     but: was <200>
	at org.hamcrest.MatcherAssert.assertThat(MatcherAssert.java:20)
	at steps.CommonSteps.theResponseStatusShouldBe(CommonSteps.java:384)
	at ✽.the response status should be 400(file:///Users/mohammaddaabes/Documents/api/src/test/resources/features/generated/kkjkjkj.feature:127)
]]></failure>
    <system-out><![CDATA[
@negative
Scenario: missing required field 'gender'                                 &amp#27;[90m# src/test/resources/features/generated/kkjkjkj.feature:115&amp#27;[0m
  &amp#27;[32mGiven &amp#27;[0m&amp#27;[32mthe API base url is &amp#27;[0m&amp#27;[32m&amp#27;[1m"${BASE_URL}"&amp#27;[0m                                 &amp#27;[90m# steps.CommonSteps.givenBaseUrlEnv(java.lang.String)&amp#27;[0m
  &amp#27;[32mAnd &amp#27;[0m&amp#27;[32mI use bearer token from env &amp#27;[0m&amp#27;[32m&amp#27;[1m"general_manager_token"&amp#27;[0m                 &amp#27;[90m# steps.CommonSteps.useBearerTokenFromEnv(java.lang.String)&amp#27;[0m
  &amp#27;[32mAnd &amp#27;[0m&amp#27;[32mI add header &amp#27;[0m&amp#27;[32m&amp#27;[1m"accept"&amp#27;[0m&amp#27;[32m with value &amp#27;[0m&amp#27;[32m&amp#27;[1m'application/json'&amp#27;[0m                 &amp#27;[90m# steps.CommonSteps.iAddHeader(java.lang.String,java.lang.String)&amp#27;[0m
  &amp#27;[32mAnd &amp#27;[0m&amp#27;[32mI add header &amp#27;[0m&amp#27;[32m&amp#27;[1m"accept-language"&amp#27;[0m&amp#27;[32m with value &amp#27;[0m&amp#27;[32m&amp#27;[1m'ar'&amp#27;[0m                      &amp#27;[90m# steps.CommonSteps.iAddHeader(java.lang.String,java.lang.String)&amp#27;[0m
  &amp#27;[32mAnd &amp#27;[0m&amp#27;[32mI add header &amp#27;[0m&amp#27;[32m&amp#27;[1m"content-type"&amp#27;[0m&amp#27;[32m with value &amp#27;[0m&amp#27;[32m&amp#27;[1m'application/json'&amp#27;[0m           &amp#27;[90m# steps.CommonSteps.iAddHeader(java.lang.String,java.lang.String)&amp#27;[0m
  &amp#27;[32mAnd &amp#27;[0m&amp#27;[32mI add header &amp#27;[0m&amp#27;[32m&amp#27;[1m"pragma"&amp#27;[0m&amp#27;[32m with value &amp#27;[0m&amp#27;[32m&amp#27;[1m'no-cache'&amp#27;[0m                         &amp#27;[90m# steps.CommonSteps.iAddHeader(java.lang.String,java.lang.String)&amp#27;[0m
  &amp#27;[32mAnd &amp#27;[0m&amp#27;[32mI add header &amp#27;[0m&amp#27;[32m&amp#27;[1m"s-source"&amp#27;[0m&amp#27;[32m with value &amp#27;[0m&amp#27;[32m&amp#27;[1m'automation'&amp#27;[0m                     &amp#27;[90m# steps.CommonSteps.iAddHeader(java.lang.String,java.lang.String)&amp#27;[0m
Request method:	POST
Request URI:	https://api.salla.dev/admin/v2/customers
Body:
{
    "first_name": "moe",
    "last_name": " daabesdaabesdas",
    "email": "m.daabes+93253@salla.sa",
    "birthday": "08-09-2015",
    "mobile_code_country": "962",
    "mobile": "799798444"
}
  &amp#27;[32mWhen &amp#27;[0m&amp#27;[32mI &amp#27;[0m&amp#27;[32m&amp#27;[1mPOST&amp#27;[0m&amp#27;[32m to &amp#27;[0m&amp#27;[32m&amp#27;[1m"/admin/v2/customers"&amp#27;[0m&amp#27;[32m with json body:&amp#27;[0m                    &amp#27;[90m# steps.CommonSteps.iVerbToWithJsonBody(java.lang.String,java.lang.String,java.lang.String)&amp#27;[0m
  &amp#27;[31mThen &amp#27;[0m&amp#27;[31mthe response status should be &amp#27;[0m&amp#27;[31m&amp#27;[1m400&amp#27;[0m                                  &amp#27;[90m# steps.CommonSteps.theResponseStatusShouldBe(int)&amp#27;[0m
      &amp#27;[31mjava.lang.AssertionError: status code
Expected: <400>
     but: was <200>
	at org.hamcrest.MatcherAssert.assertThat(MatcherAssert.java:20)
	at steps.CommonSteps.theResponseStatusShouldBe(CommonSteps.java:384)
	at ✽.the response status should be 400(file:///Users/mohammaddaabes/Documents/api/src/test/resources/features/generated/kkjkjkj.feature:127)
&amp#27;[0m
  &amp#27;[36mThen &amp#27;[0m&amp#27;[36mthe response header &amp#27;[0m&amp#27;[36m&amp#27;[1m"Content-Type"&amp#27;[0m&amp#27;[36m should equal &amp#27;[0m&amp#27;[36m&amp#27;[1m"application/json"&amp#27;[0m &amp#27;[90m# steps.CommonSteps.headerShouldEqual(java.lang.String,java.lang.String)&amp#27;[0m
]]></system-out>
  </testcase>
  <testcase name="missing required field &apos;gender&apos;" classname="POST /admin/v2/customers" time="0.447">
    <failure message="status code&#10;Expected: &lt;400&gt;&#10;     but: was &lt;200&gt;" type="java.lang.AssertionError"><![CDATA[java.lang.AssertionError: 
status code
Expected: <400>
     but: was <200>
	at org.hamcrest.MatcherAssert.assertThat(MatcherAssert.java:20)
	at steps.CommonSteps.theResponseStatusShouldBe(CommonSteps.java:384)
	at ✽.the response status should be 400(file:///Users/mohammaddaabes/Documents/api/src/test/resources/features/generated/kkjkjkj.feature:127)
]]></failure>
    <system-out><![CDATA[
@negative
Scenario: missing required field 'gender'                                 &amp#27;[90m# src/test/resources/features/generated/kkjkjkj.feature:115&amp#27;[0m
  &amp#27;[32mGiven &amp#27;[0m&amp#27;[32mthe API base url is &amp#27;[0m&amp#27;[32m&amp#27;[1m"${BASE_URL}"&amp#27;[0m                                 &amp#27;[90m# steps.CommonSteps.givenBaseUrlEnv(java.lang.String)&amp#27;[0m
  &amp#27;[32mAnd &amp#27;[0m&amp#27;[32mI use bearer token from env &amp#27;[0m&amp#27;[32m&amp#27;[1m"general_manager_token"&amp#27;[0m                 &amp#27;[90m# steps.CommonSteps.useBearerTokenFromEnv(java.lang.String)&amp#27;[0m
  &amp#27;[32mAnd &amp#27;[0m&amp#27;[32mI add header &amp#27;[0m&amp#27;[32m&amp#27;[1m"accept"&amp#27;[0m&amp#27;[32m with value &amp#27;[0m&amp#27;[32m&amp#27;[1m'application/json'&amp#27;[0m                 &amp#27;[90m# steps.CommonSteps.iAddHeader(java.lang.String,java.lang.String)&amp#27;[0m
  &amp#27;[32mAnd &amp#27;[0m&amp#27;[32mI add header &amp#27;[0m&amp#27;[32m&amp#27;[1m"accept-language"&amp#27;[0m&amp#27;[32m with value &amp#27;[0m&amp#27;[32m&amp#27;[1m'ar'&amp#27;[0m                      &amp#27;[90m# steps.CommonSteps.iAddHeader(java.lang.String,java.lang.String)&amp#27;[0m
  &amp#27;[32mAnd &amp#27;[0m&amp#27;[32mI add header &amp#27;[0m&amp#27;[32m&amp#27;[1m"content-type"&amp#27;[0m&amp#27;[32m with value &amp#27;[0m&amp#27;[32m&amp#27;[1m'application/json'&amp#27;[0m           &amp#27;[90m# steps.CommonSteps.iAddHeader(java.lang.String,java.lang.String)&amp#27;[0m
  &amp#27;[32mAnd &amp#27;[0m&amp#27;[32mI add header &amp#27;[0m&amp#27;[32m&amp#27;[1m"pragma"&amp#27;[0m&amp#27;[32m with value &amp#27;[0m&amp#27;[32m&amp#27;[1m'no-cache'&amp#27;[0m                         &amp#27;[90m# steps.CommonSteps.iAddHeader(java.lang.String,java.lang.String)&amp#27;[0m
  &amp#27;[32mAnd &amp#27;[0m&amp#27;[32mI add header &amp#27;[0m&amp#27;[32m&amp#27;[1m"s-source"&amp#27;[0m&amp#27;[32m with value &amp#27;[0m&amp#27;[32m&amp#27;[1m'automation'&amp#27;[0m                     &amp#27;[90m# steps.CommonSteps.iAddHeader(java.lang.String,java.lang.String)&amp#27;[0m
Request method:	POST
Request URI:	https://api.salla.dev/admin/v2/customers
Body:
{
    "first_name": "moe",
    "last_name": " daabesdaabesdas",
    "email": "m.daabes+93253@salla.sa",
    "birthday": "08-09-2015",
    "mobile_code_country": "962",
    "mobile": "799798444"
}
  &amp#27;[32mWhen &amp#27;[0m&amp#27;[32mI &amp#27;[0m&amp#27;[32m&amp#27;[1mPOST&amp#27;[0m&amp#27;[32m to &amp#27;[0m&amp#27;[32m&amp#27;[1m"/admin/v2/customers"&amp#27;[0m&amp#27;[32m with json body:&amp#27;[0m                    &amp#27;[90m# steps.CommonSteps.iVerbToWithJsonBody(java.lang.String,java.lang.String,java.lang.String)&amp#27;[0m
  &amp#27;[31mThen &amp#27;[0m&amp#27;[31mthe response status should be &amp#27;[0m&amp#27;[31m&amp#27;[1m400&amp#27;[0m                                  &amp#27;[90m# steps.CommonSteps.theResponseStatusShouldBe(int)&amp#27;[0m
      &amp#27;[31mjava.lang.AssertionError: status code
Expected: <400>
     but: was <200>
	at org.hamcrest.MatcherAssert.assertThat(MatcherAssert.java:20)
	at steps.CommonSteps.theResponseStatusShouldBe(CommonSteps.java:384)
	at ✽.the response status should be 400(file:///Users/mohammaddaabes/Documents/api/src/test/resources/features/generated/kkjkjkj.feature:127)
&amp#27;[0m
  &amp#27;[36mThen &amp#27;[0m&amp#27;[36mthe response header &amp#27;[0m&amp#27;[36m&amp#27;[1m"Content-Type"&amp#27;[0m&amp#27;[36m should equal &amp#27;[0m&amp#27;[36m&amp#27;[1m"application/json"&amp#27;[0m &amp#27;[90m# steps.CommonSteps.headerShouldEqual(java.lang.String,java.lang.String)&amp#27;[0m
]]></system-out>
  </testcase>
  <testcase name="missing required field &apos;mobile_code_country&apos;" classname="POST /admin/v2/customers" time="0.548">
    <failure message="status code&#10;Expected: &lt;400&gt;&#10;     but: was &lt;200&gt;" type="java.lang.AssertionError"><![CDATA[java.lang.AssertionError: 
status code
Expected: <400>
     but: was <200>
	at org.hamcrest.MatcherAssert.assertThat(MatcherAssert.java:20)
	at steps.CommonSteps.theResponseStatusShouldBe(CommonSteps.java:384)
	at ✽.the response status should be 400(file:///Users/mohammaddaabes/Documents/api/src/test/resources/features/generated/kkjkjkj.feature:143)
]]></failure>
    <system-out><![CDATA[
@negative
Scenario: missing required field 'mobile_code_country'                    &amp#27;[90m# src/test/resources/features/generated/kkjkjkj.feature:131&amp#27;[0m
  &amp#27;[32mGiven &amp#27;[0m&amp#27;[32mthe API base url is &amp#27;[0m&amp#27;[32m&amp#27;[1m"${BASE_URL}"&amp#27;[0m                                 &amp#27;[90m# steps.CommonSteps.givenBaseUrlEnv(java.lang.String)&amp#27;[0m
  &amp#27;[32mAnd &amp#27;[0m&amp#27;[32mI use bearer token from env &amp#27;[0m&amp#27;[32m&amp#27;[1m"general_manager_token"&amp#27;[0m                 &amp#27;[90m# steps.CommonSteps.useBearerTokenFromEnv(java.lang.String)&amp#27;[0m
  &amp#27;[32mAnd &amp#27;[0m&amp#27;[32mI add header &amp#27;[0m&amp#27;[32m&amp#27;[1m"accept"&amp#27;[0m&amp#27;[32m with value &amp#27;[0m&amp#27;[32m&amp#27;[1m'application/json'&amp#27;[0m                 &amp#27;[90m# steps.CommonSteps.iAddHeader(java.lang.String,java.lang.String)&amp#27;[0m
  &amp#27;[32mAnd &amp#27;[0m&amp#27;[32mI add header &amp#27;[0m&amp#27;[32m&amp#27;[1m"accept-language"&amp#27;[0m&amp#27;[32m with value &amp#27;[0m&amp#27;[32m&amp#27;[1m'ar'&amp#27;[0m                      &amp#27;[90m# steps.CommonSteps.iAddHeader(java.lang.String,java.lang.String)&amp#27;[0m
  &amp#27;[32mAnd &amp#27;[0m&amp#27;[32mI add header &amp#27;[0m&amp#27;[32m&amp#27;[1m"content-type"&amp#27;[0m&amp#27;[32m with value &amp#27;[0m&amp#27;[32m&amp#27;[1m'application/json'&amp#27;[0m           &amp#27;[90m# steps.CommonSteps.iAddHeader(java.lang.String,java.lang.String)&amp#27;[0m
  &amp#27;[32mAnd &amp#27;[0m&amp#27;[32mI add header &amp#27;[0m&amp#27;[32m&amp#27;[1m"pragma"&amp#27;[0m&amp#27;[32m with value &amp#27;[0m&amp#27;[32m&amp#27;[1m'no-cache'&amp#27;[0m                         &amp#27;[90m# steps.CommonSteps.iAddHeader(java.lang.String,java.lang.String)&amp#27;[0m
  &amp#27;[32mAnd &amp#27;[0m&amp#27;[32mI add header &amp#27;[0m&amp#27;[32m&amp#27;[1m"s-source"&amp#27;[0m&amp#27;[32m with value &amp#27;[0m&amp#27;[32m&amp#27;[1m'automation'&amp#27;[0m                     &amp#27;[90m# steps.CommonSteps.iAddHeader(java.lang.String,java.lang.String)&amp#27;[0m
Request method:	POST
Request URI:	https://api.salla.dev/admin/v2/customers
Body:
{
    "first_name": "moe",
    "last_name": " daabesdaabesdas",
    "email": "m.daabes+93253@salla.sa",
    "birthday": "08-09-2015",
    "gender": "male",
    "mobile": "799798444"
}
  &amp#27;[32mWhen &amp#27;[0m&amp#27;[32mI &amp#27;[0m&amp#27;[32m&amp#27;[1mPOST&amp#27;[0m&amp#27;[32m to &amp#27;[0m&amp#27;[32m&amp#27;[1m"/admin/v2/customers"&amp#27;[0m&amp#27;[32m with json body:&amp#27;[0m                    &amp#27;[90m# steps.CommonSteps.iVerbToWithJsonBody(java.lang.String,java.lang.String,java.lang.String)&amp#27;[0m
  &amp#27;[31mThen &amp#27;[0m&amp#27;[31mthe response status should be &amp#27;[0m&amp#27;[31m&amp#27;[1m400&amp#27;[0m                                  &amp#27;[90m# steps.CommonSteps.theResponseStatusShouldBe(int)&amp#27;[0m
      &amp#27;[31mjava.lang.AssertionError: status code
Expected: <400>
     but: was <200>
	at org.hamcrest.MatcherAssert.assertThat(MatcherAssert.java:20)
	at steps.CommonSteps.theResponseStatusShouldBe(CommonSteps.java:384)
	at ✽.the response status should be 400(file:///Users/mohammaddaabes/Documents/api/src/test/resources/features/generated/kkjkjkj.feature:143)
&amp#27;[0m
  &amp#27;[36mThen &amp#27;[0m&amp#27;[36mthe response header &amp#27;[0m&amp#27;[36m&amp#27;[1m"Content-Type"&amp#27;[0m&amp#27;[36m should equal &amp#27;[0m&amp#27;[36m&amp#27;[1m"application/json"&amp#27;[0m &amp#27;[90m# steps.CommonSteps.headerShouldEqual(java.lang.String,java.lang.String)&amp#27;[0m
]]></system-out>
  </testcase>
  <testcase name="missing required field &apos;mobile_code_country&apos;" classname="POST /admin/v2/customers" time="0.476">
    <failure message="status code&#10;Expected: &lt;400&gt;&#10;     but: was &lt;200&gt;" type="java.lang.AssertionError"><![CDATA[java.lang.AssertionError: 
status code
Expected: <400>
     but: was <200>
	at org.hamcrest.MatcherAssert.assertThat(MatcherAssert.java:20)
	at steps.CommonSteps.theResponseStatusShouldBe(CommonSteps.java:384)
	at ✽.the response status should be 400(file:///Users/mohammaddaabes/Documents/api/src/test/resources/features/generated/kkjkjkj.feature:143)
]]></failure>
    <system-out><![CDATA[
@negative
Scenario: missing required field 'mobile_code_country'                    &amp#27;[90m# src/test/resources/features/generated/kkjkjkj.feature:131&amp#27;[0m
  &amp#27;[32mGiven &amp#27;[0m&amp#27;[32mthe API base url is &amp#27;[0m&amp#27;[32m&amp#27;[1m"${BASE_URL}"&amp#27;[0m                                 &amp#27;[90m# steps.CommonSteps.givenBaseUrlEnv(java.lang.String)&amp#27;[0m
  &amp#27;[32mAnd &amp#27;[0m&amp#27;[32mI use bearer token from env &amp#27;[0m&amp#27;[32m&amp#27;[1m"general_manager_token"&amp#27;[0m                 &amp#27;[90m# steps.CommonSteps.useBearerTokenFromEnv(java.lang.String)&amp#27;[0m
  &amp#27;[32mAnd &amp#27;[0m&amp#27;[32mI add header &amp#27;[0m&amp#27;[32m&amp#27;[1m"accept"&amp#27;[0m&amp#27;[32m with value &amp#27;[0m&amp#27;[32m&amp#27;[1m'application/json'&amp#27;[0m                 &amp#27;[90m# steps.CommonSteps.iAddHeader(java.lang.String,java.lang.String)&amp#27;[0m
  &amp#27;[32mAnd &amp#27;[0m&amp#27;[32mI add header &amp#27;[0m&amp#27;[32m&amp#27;[1m"accept-language"&amp#27;[0m&amp#27;[32m with value &amp#27;[0m&amp#27;[32m&amp#27;[1m'ar'&amp#27;[0m                      &amp#27;[90m# steps.CommonSteps.iAddHeader(java.lang.String,java.lang.String)&amp#27;[0m
  &amp#27;[32mAnd &amp#27;[0m&amp#27;[32mI add header &amp#27;[0m&amp#27;[32m&amp#27;[1m"content-type"&amp#27;[0m&amp#27;[32m with value &amp#27;[0m&amp#27;[32m&amp#27;[1m'application/json'&amp#27;[0m           &amp#27;[90m# steps.CommonSteps.iAddHeader(java.lang.String,java.lang.String)&amp#27;[0m
  &amp#27;[32mAnd &amp#27;[0m&amp#27;[32mI add header &amp#27;[0m&amp#27;[32m&amp#27;[1m"pragma"&amp#27;[0m&amp#27;[32m with value &amp#27;[0m&amp#27;[32m&amp#27;[1m'no-cache'&amp#27;[0m                         &amp#27;[90m# steps.CommonSteps.iAddHeader(java.lang.String,java.lang.String)&amp#27;[0m
  &amp#27;[32mAnd &amp#27;[0m&amp#27;[32mI add header &amp#27;[0m&amp#27;[32m&amp#27;[1m"s-source"&amp#27;[0m&amp#27;[32m with value &amp#27;[0m&amp#27;[32m&amp#27;[1m'automation'&amp#27;[0m                     &amp#27;[90m# steps.CommonSteps.iAddHeader(java.lang.String,java.lang.String)&amp#27;[0m
Request method:	POST
Request URI:	https://api.salla.dev/admin/v2/customers
Body:
{
    "first_name": "moe",
    "last_name": " daabesdaabesdas",
    "email": "m.daabes+93253@salla.sa",
    "birthday": "08-09-2015",
    "gender": "male",
    "mobile": "799798444"
}
  &amp#27;[32mWhen &amp#27;[0m&amp#27;[32mI &amp#27;[0m&amp#27;[32m&amp#27;[1mPOST&amp#27;[0m&amp#27;[32m to &amp#27;[0m&amp#27;[32m&amp#27;[1m"/admin/v2/customers"&amp#27;[0m&amp#27;[32m with json body:&amp#27;[0m                    &amp#27;[90m# steps.CommonSteps.iVerbToWithJsonBody(java.lang.String,java.lang.String,java.lang.String)&amp#27;[0m
  &amp#27;[31mThen &amp#27;[0m&amp#27;[31mthe response status should be &amp#27;[0m&amp#27;[31m&amp#27;[1m400&amp#27;[0m                                  &amp#27;[90m# steps.CommonSteps.theResponseStatusShouldBe(int)&amp#27;[0m
      &amp#27;[31mjava.lang.AssertionError: status code
Expected: <400>
     but: was <200>
	at org.hamcrest.MatcherAssert.assertThat(MatcherAssert.java:20)
	at steps.CommonSteps.theResponseStatusShouldBe(CommonSteps.java:384)
	at ✽.the response status should be 400(file:///Users/mohammaddaabes/Documents/api/src/test/resources/features/generated/kkjkjkj.feature:143)
&amp#27;[0m
  &amp#27;[36mThen &amp#27;[0m&amp#27;[36mthe response header &amp#27;[0m&amp#27;[36m&amp#27;[1m"Content-Type"&amp#27;[0m&amp#27;[36m should equal &amp#27;[0m&amp#27;[36m&amp#27;[1m"application/json"&amp#27;[0m &amp#27;[90m# steps.CommonSteps.headerShouldEqual(java.lang.String,java.lang.String)&amp#27;[0m
]]></system-out>
  </testcase>
  <testcase name="missing required field &apos;mobile&apos;" classname="POST /admin/v2/customers" time="0.721">
    <failure message="status code&#10;Expected: &lt;400&gt;&#10;     but: was &lt;200&gt;" type="java.lang.AssertionError"><![CDATA[java.lang.AssertionError: 
status code
Expected: <400>
     but: was <200>
	at org.hamcrest.MatcherAssert.assertThat(MatcherAssert.java:20)
	at steps.CommonSteps.theResponseStatusShouldBe(CommonSteps.java:384)
	at ✽.the response status should be 400(file:///Users/mohammaddaabes/Documents/api/src/test/resources/features/generated/kkjkjkj.feature:159)
]]></failure>
    <system-out><![CDATA[
@negative
Scenario: missing required field 'mobile'                                 &amp#27;[90m# src/test/resources/features/generated/kkjkjkj.feature:147&amp#27;[0m
  &amp#27;[32mGiven &amp#27;[0m&amp#27;[32mthe API base url is &amp#27;[0m&amp#27;[32m&amp#27;[1m"${BASE_URL}"&amp#27;[0m                                 &amp#27;[90m# steps.CommonSteps.givenBaseUrlEnv(java.lang.String)&amp#27;[0m
  &amp#27;[32mAnd &amp#27;[0m&amp#27;[32mI use bearer token from env &amp#27;[0m&amp#27;[32m&amp#27;[1m"general_manager_token"&amp#27;[0m                 &amp#27;[90m# steps.CommonSteps.useBearerTokenFromEnv(java.lang.String)&amp#27;[0m
  &amp#27;[32mAnd &amp#27;[0m&amp#27;[32mI add header &amp#27;[0m&amp#27;[32m&amp#27;[1m"accept"&amp#27;[0m&amp#27;[32m with value &amp#27;[0m&amp#27;[32m&amp#27;[1m'application/json'&amp#27;[0m                 &amp#27;[90m# steps.CommonSteps.iAddHeader(java.lang.String,java.lang.String)&amp#27;[0m
  &amp#27;[32mAnd &amp#27;[0m&amp#27;[32mI add header &amp#27;[0m&amp#27;[32m&amp#27;[1m"accept-language"&amp#27;[0m&amp#27;[32m with value &amp#27;[0m&amp#27;[32m&amp#27;[1m'ar'&amp#27;[0m                      &amp#27;[90m# steps.CommonSteps.iAddHeader(java.lang.String,java.lang.String)&amp#27;[0m
  &amp#27;[32mAnd &amp#27;[0m&amp#27;[32mI add header &amp#27;[0m&amp#27;[32m&amp#27;[1m"content-type"&amp#27;[0m&amp#27;[32m with value &amp#27;[0m&amp#27;[32m&amp#27;[1m'application/json'&amp#27;[0m           &amp#27;[90m# steps.CommonSteps.iAddHeader(java.lang.String,java.lang.String)&amp#27;[0m
  &amp#27;[32mAnd &amp#27;[0m&amp#27;[32mI add header &amp#27;[0m&amp#27;[32m&amp#27;[1m"pragma"&amp#27;[0m&amp#27;[32m with value &amp#27;[0m&amp#27;[32m&amp#27;[1m'no-cache'&amp#27;[0m                         &amp#27;[90m# steps.CommonSteps.iAddHeader(java.lang.String,java.lang.String)&amp#27;[0m
  &amp#27;[32mAnd &amp#27;[0m&amp#27;[32mI add header &amp#27;[0m&amp#27;[32m&amp#27;[1m"s-source"&amp#27;[0m&amp#27;[32m with value &amp#27;[0m&amp#27;[32m&amp#27;[1m'automation'&amp#27;[0m                     &amp#27;[90m# steps.CommonSteps.iAddHeader(java.lang.String,java.lang.String)&amp#27;[0m
Request method:	POST
Request URI:	https://api.salla.dev/admin/v2/customers
Body:
{
    "first_name": "moe",
    "last_name": " daabesdaabesdas",
    "email": "m.daabes+93253@salla.sa",
    "birthday": "08-09-2015",
    "gender": "male",
    "mobile_code_country": "962"
}
  &amp#27;[32mWhen &amp#27;[0m&amp#27;[32mI &amp#27;[0m&amp#27;[32m&amp#27;[1mPOST&amp#27;[0m&amp#27;[32m to &amp#27;[0m&amp#27;[32m&amp#27;[1m"/admin/v2/customers"&amp#27;[0m&amp#27;[32m with json body:&amp#27;[0m                    &amp#27;[90m# steps.CommonSteps.iVerbToWithJsonBody(java.lang.String,java.lang.String,java.lang.String)&amp#27;[0m
  &amp#27;[31mThen &amp#27;[0m&amp#27;[31mthe response status should be &amp#27;[0m&amp#27;[31m&amp#27;[1m400&amp#27;[0m                                  &amp#27;[90m# steps.CommonSteps.theResponseStatusShouldBe(int)&amp#27;[0m
      &amp#27;[31mjava.lang.AssertionError: status code
Expected: <400>
     but: was <200>
	at org.hamcrest.MatcherAssert.assertThat(MatcherAssert.java:20)
	at steps.CommonSteps.theResponseStatusShouldBe(CommonSteps.java:384)
	at ✽.the response status should be 400(file:///Users/mohammaddaabes/Documents/api/src/test/resources/features/generated/kkjkjkj.feature:159)
&amp#27;[0m
  &amp#27;[36mThen &amp#27;[0m&amp#27;[36mthe response header &amp#27;[0m&amp#27;[36m&amp#27;[1m"Content-Type"&amp#27;[0m&amp#27;[36m should equal &amp#27;[0m&amp#27;[36m&amp#27;[1m"application/json"&amp#27;[0m &amp#27;[90m# steps.CommonSteps.headerShouldEqual(java.lang.String,java.lang.String)&amp#27;[0m
]]></system-out>
  </testcase>
  <testcase name="missing required field &apos;mobile&apos;" classname="POST /admin/v2/customers" time="0.535">
    <failure message="status code&#10;Expected: &lt;400&gt;&#10;     but: was &lt;200&gt;" type="java.lang.AssertionError"><![CDATA[java.lang.AssertionError: 
status code
Expected: <400>
     but: was <200>
	at org.hamcrest.MatcherAssert.assertThat(MatcherAssert.java:20)
	at steps.CommonSteps.theResponseStatusShouldBe(CommonSteps.java:384)
	at ✽.the response status should be 400(file:///Users/mohammaddaabes/Documents/api/src/test/resources/features/generated/kkjkjkj.feature:159)
]]></failure>
    <system-out><![CDATA[
@negative
Scenario: missing required field 'mobile'                                 &amp#27;[90m# src/test/resources/features/generated/kkjkjkj.feature:147&amp#27;[0m
  &amp#27;[32mGiven &amp#27;[0m&amp#27;[32mthe API base url is &amp#27;[0m&amp#27;[32m&amp#27;[1m"${BASE_URL}"&amp#27;[0m                                 &amp#27;[90m# steps.CommonSteps.givenBaseUrlEnv(java.lang.String)&amp#27;[0m
  &amp#27;[32mAnd &amp#27;[0m&amp#27;[32mI use bearer token from env &amp#27;[0m&amp#27;[32m&amp#27;[1m"general_manager_token"&amp#27;[0m                 &amp#27;[90m# steps.CommonSteps.useBearerTokenFromEnv(java.lang.String)&amp#27;[0m
  &amp#27;[32mAnd &amp#27;[0m&amp#27;[32mI add header &amp#27;[0m&amp#27;[32m&amp#27;[1m"accept"&amp#27;[0m&amp#27;[32m with value &amp#27;[0m&amp#27;[32m&amp#27;[1m'application/json'&amp#27;[0m                 &amp#27;[90m# steps.CommonSteps.iAddHeader(java.lang.String,java.lang.String)&amp#27;[0m
  &amp#27;[32mAnd &amp#27;[0m&amp#27;[32mI add header &amp#27;[0m&amp#27;[32m&amp#27;[1m"accept-language"&amp#27;[0m&amp#27;[32m with value &amp#27;[0m&amp#27;[32m&amp#27;[1m'ar'&amp#27;[0m                      &amp#27;[90m# steps.CommonSteps.iAddHeader(java.lang.String,java.lang.String)&amp#27;[0m
  &amp#27;[32mAnd &amp#27;[0m&amp#27;[32mI add header &amp#27;[0m&amp#27;[32m&amp#27;[1m"content-type"&amp#27;[0m&amp#27;[32m with value &amp#27;[0m&amp#27;[32m&amp#27;[1m'application/json'&amp#27;[0m           &amp#27;[90m# steps.CommonSteps.iAddHeader(java.lang.String,java.lang.String)&amp#27;[0m
  &amp#27;[32mAnd &amp#27;[0m&amp#27;[32mI add header &amp#27;[0m&amp#27;[32m&amp#27;[1m"pragma"&amp#27;[0m&amp#27;[32m with value &amp#27;[0m&amp#27;[32m&amp#27;[1m'no-cache'&amp#27;[0m                         &amp#27;[90m# steps.CommonSteps.iAddHeader(java.lang.String,java.lang.String)&amp#27;[0m
  &amp#27;[32mAnd &amp#27;[0m&amp#27;[32mI add header &amp#27;[0m&amp#27;[32m&amp#27;[1m"s-source"&amp#27;[0m&amp#27;[32m with value &amp#27;[0m&amp#27;[32m&amp#27;[1m'automation'&amp#27;[0m                     &amp#27;[90m# steps.CommonSteps.iAddHeader(java.lang.String,java.lang.String)&amp#27;[0m
Request method:	POST
Request URI:	https://api.salla.dev/admin/v2/customers
Body:
{
    "first_name": "moe",
    "last_name": " daabesdaabesdas",
    "email": "m.daabes+93253@salla.sa",
    "birthday": "08-09-2015",
    "gender": "male",
    "mobile_code_country": "962"
}
  &amp#27;[32mWhen &amp#27;[0m&amp#27;[32mI &amp#27;[0m&amp#27;[32m&amp#27;[1mPOST&amp#27;[0m&amp#27;[32m to &amp#27;[0m&amp#27;[32m&amp#27;[1m"/admin/v2/customers"&amp#27;[0m&amp#27;[32m with json body:&amp#27;[0m                    &amp#27;[90m# steps.CommonSteps.iVerbToWithJsonBody(java.lang.String,java.lang.String,java.lang.String)&amp#27;[0m
  &amp#27;[31mThen &amp#27;[0m&amp#27;[31mthe response status should be &amp#27;[0m&amp#27;[31m&amp#27;[1m400&amp#27;[0m                                  &amp#27;[90m# steps.CommonSteps.theResponseStatusShouldBe(int)&amp#27;[0m
      &amp#27;[31mjava.lang.AssertionError: status code
Expected: <400>
     but: was <200>
	at org.hamcrest.MatcherAssert.assertThat(MatcherAssert.java:20)
	at steps.CommonSteps.theResponseStatusShouldBe(CommonSteps.java:384)
	at ✽.the response status should be 400(file:///Users/mohammaddaabes/Documents/api/src/test/resources/features/generated/kkjkjkj.feature:159)
&amp#27;[0m
  &amp#27;[36mThen &amp#27;[0m&amp#27;[36mthe response header &amp#27;[0m&amp#27;[36m&amp#27;[1m"Content-Type"&amp#27;[0m&amp#27;[36m should equal &amp#27;[0m&amp#27;[36m&amp#27;[1m"application/json"&amp#27;[0m &amp#27;[90m# steps.CommonSteps.headerShouldEqual(java.lang.String,java.lang.String)&amp#27;[0m
]]></system-out>
  </testcase>
  <testcase name="invalid type for &apos;first_name&apos;" classname="POST /admin/v2/customers" time="0.588">
    <failure message="status code&#10;Expected: &lt;400&gt;&#10;     but: was &lt;200&gt;" type="java.lang.AssertionError"><![CDATA[java.lang.AssertionError: 
status code
Expected: <400>
     but: was <200>
	at org.hamcrest.MatcherAssert.assertThat(MatcherAssert.java:20)
	at steps.CommonSteps.theResponseStatusShouldBe(CommonSteps.java:384)
	at ✽.the response status should be 400(file:///Users/mohammaddaabes/Documents/api/src/test/resources/features/generated/kkjkjkj.feature:176)
]]></failure>
    <system-out><![CDATA[
@negative @datatype
Scenario: invalid type for 'first_name'                                   &amp#27;[90m# src/test/resources/features/generated/kkjkjkj.feature:163&amp#27;[0m
  &amp#27;[32mGiven &amp#27;[0m&amp#27;[32mthe API base url is &amp#27;[0m&amp#27;[32m&amp#27;[1m"${BASE_URL}"&amp#27;[0m                                 &amp#27;[90m# steps.CommonSteps.givenBaseUrlEnv(java.lang.String)&amp#27;[0m
  &amp#27;[32mAnd &amp#27;[0m&amp#27;[32mI use bearer token from env &amp#27;[0m&amp#27;[32m&amp#27;[1m"general_manager_token"&amp#27;[0m                 &amp#27;[90m# steps.CommonSteps.useBearerTokenFromEnv(java.lang.String)&amp#27;[0m
  &amp#27;[32mAnd &amp#27;[0m&amp#27;[32mI add header &amp#27;[0m&amp#27;[32m&amp#27;[1m"accept"&amp#27;[0m&amp#27;[32m with value &amp#27;[0m&amp#27;[32m&amp#27;[1m'application/json'&amp#27;[0m                 &amp#27;[90m# steps.CommonSteps.iAddHeader(java.lang.String,java.lang.String)&amp#27;[0m
  &amp#27;[32mAnd &amp#27;[0m&amp#27;[32mI add header &amp#27;[0m&amp#27;[32m&amp#27;[1m"accept-language"&amp#27;[0m&amp#27;[32m with value &amp#27;[0m&amp#27;[32m&amp#27;[1m'ar'&amp#27;[0m                      &amp#27;[90m# steps.CommonSteps.iAddHeader(java.lang.String,java.lang.String)&amp#27;[0m
  &amp#27;[32mAnd &amp#27;[0m&amp#27;[32mI add header &amp#27;[0m&amp#27;[32m&amp#27;[1m"content-type"&amp#27;[0m&amp#27;[32m with value &amp#27;[0m&amp#27;[32m&amp#27;[1m'application/json'&amp#27;[0m           &amp#27;[90m# steps.CommonSteps.iAddHeader(java.lang.String,java.lang.String)&amp#27;[0m
  &amp#27;[32mAnd &amp#27;[0m&amp#27;[32mI add header &amp#27;[0m&amp#27;[32m&amp#27;[1m"pragma"&amp#27;[0m&amp#27;[32m with value &amp#27;[0m&amp#27;[32m&amp#27;[1m'no-cache'&amp#27;[0m                         &amp#27;[90m# steps.CommonSteps.iAddHeader(java.lang.String,java.lang.String)&amp#27;[0m
  &amp#27;[32mAnd &amp#27;[0m&amp#27;[32mI add header &amp#27;[0m&amp#27;[32m&amp#27;[1m"s-source"&amp#27;[0m&amp#27;[32m with value &amp#27;[0m&amp#27;[32m&amp#27;[1m'automation'&amp#27;[0m                     &amp#27;[90m# steps.CommonSteps.iAddHeader(java.lang.String,java.lang.String)&amp#27;[0m
Request method:	POST
Request URI:	https://api.salla.dev/admin/v2/customers
Body:
{
    "first_name": 123,
    "last_name": " daabesdaabesdas",
    "email": "m.daabes+93253@salla.sa",
    "birthday": "08-09-2015",
    "gender": "male",
    "mobile_code_country": "962",
    "mobile": "799798444"
}
  &amp#27;[32mWhen &amp#27;[0m&amp#27;[32mI &amp#27;[0m&amp#27;[32m&amp#27;[1mPOST&amp#27;[0m&amp#27;[32m to &amp#27;[0m&amp#27;[32m&amp#27;[1m"/admin/v2/customers"&amp#27;[0m&amp#27;[32m with json body:&amp#27;[0m                    &amp#27;[90m# steps.CommonSteps.iVerbToWithJsonBody(java.lang.String,java.lang.String,java.lang.String)&amp#27;[0m
  &amp#27;[31mThen &amp#27;[0m&amp#27;[31mthe response status should be &amp#27;[0m&amp#27;[31m&amp#27;[1m400&amp#27;[0m                                  &amp#27;[90m# steps.CommonSteps.theResponseStatusShouldBe(int)&amp#27;[0m
      &amp#27;[31mjava.lang.AssertionError: status code
Expected: <400>
     but: was <200>
	at org.hamcrest.MatcherAssert.assertThat(MatcherAssert.java:20)
	at steps.CommonSteps.theResponseStatusShouldBe(CommonSteps.java:384)
	at ✽.the response status should be 400(file:///Users/mohammaddaabes/Documents/api/src/test/resources/features/generated/kkjkjkj.feature:176)
&amp#27;[0m
[...]
  &amp#27;[32mAnd &amp#27;[0m&amp#27;[32mI add header &amp#27;[0m&amp#27;[32m&amp#27;[1m"content-type"&amp#27;[0m&amp#27;[32m with value &amp#27;[0m&amp#27;[32m&amp#27;[1m'application/json'&amp#27;[0m           &amp#27;[90m# steps.CommonSteps.iAddHeader(java.lang.String,java.lang.String)&amp#27;[0m
  &amp#27;[32mAnd &amp#27;[0m&amp#27;[32mI add header &amp#27;[0m&amp#27;[32m&amp#27;[1m"pragma"&amp#27;[0m&amp#27;[32m with value &amp#27;[0m&amp#27;[32m&amp#27;[1m'no-cache'&amp#27;[0m                         &amp#27;[90m# steps.CommonSteps.iAddHeader(java.lang.String,java.lang.String)&amp#27;[0m
  &amp#27;[32mAnd &amp#27;[0m&amp#27;[32mI add header &amp#27;[0m&amp#27;[32m&amp#27;[1m"s-source"&amp#27;[0m&amp#27;[32m with value &amp#27;[0m&amp#27;[32m&amp#27;[1m'automation'&amp#27;[0m                     &amp#27;[90m# steps.CommonSteps.iAddHeader(java.lang.String,java.lang.String)&amp#27;[0m
Request method:	POST
Request URI:	https://api.salla.dev/admin/v2/customers
Body:
{
    "first_name": "moe",
    "last_name": " daabesdaabesdas",
    "email": "m.daabes+93253@salla.sa",
    "birthday": "08-09-2015",
    "gender": null,
    "mobile_code_country": "962",
    "mobile": "799798444"
}
  &amp#27;[32mWhen &amp#27;[0m&amp#27;[32mI &amp#27;[0m&amp#27;[32m&amp#27;[1mPOST&amp#27;[0m&amp#27;[32m to &amp#27;[0m&amp#27;[32m&amp#27;[1m"/admin/v2/customers"&amp#27;[0m&amp#27;[32m with json body:&amp#27;[0m                    &amp#27;[90m# steps.CommonSteps.iVerbToWithJsonBody(java.lang.String,java.lang.String,java.lang.String)&amp#27;[0m
  &amp#27;[31mThen &amp#27;[0m&amp#27;[31mthe response status should be &amp#27;[0m&amp#27;[31m&amp#27;[1m400&amp#27;[0m                                  &amp#27;[90m# steps.CommonSteps.theResponseStatusShouldBe(int)&amp#27;[0m
      &amp#27;[31mjava.lang.AssertionError: status code
Expected: <400>
     but: was <200>
	at org.hamcrest.MatcherAssert.assertThat(MatcherAssert.java:20)
	at steps.CommonSteps.theResponseStatusShouldBe(CommonSteps.java:384)
	at ✽.the response status should be 400(file:///Users/mohammaddaabes/Documents/api/src/test/resources/features/generated/kkjkjkj.feature:363)
&amp#27;[0m
  &amp#27;[36mThen &amp#27;[0m&amp#27;[36mthe response header &amp#27;[0m&amp#27;[36m&amp#27;[1m"Content-Type"&amp#27;[0m&amp#27;[36m should equal &amp#27;[0m&amp#27;[36m&amp#27;[1m"application/json"&amp#27;[0m &amp#27;[90m# steps.CommonSteps.headerShouldEqual(java.lang.String,java.lang.String)&amp#27;[0m
]]></system-out>
  </testcase>
  <testcase name="null value for &apos;mobile_code_country&apos;" classname="POST /admin/v2/customers" time="0.412">
    <failure message="status code&#10;Expected: &lt;400&gt;&#10;     but: was &lt;422&gt;" type="java.lang.AssertionError"><![CDATA[java.lang.AssertionError: 
status code
Expected: <400>
     but: was <422>
	at org.hamcrest.MatcherAssert.assertThat(MatcherAssert.java:20)
	at steps.CommonSteps.theResponseStatusShouldBe(CommonSteps.java:384)
	at ✽.the response status should be 400(file:///Users/mohammaddaabes/Documents/api/src/test/resources/features/generated/kkjkjkj.feature:380)
]]></failure>
    <system-out><![CDATA[
@negative @null
Scenario: null value for 'mobile_code_country'                            &amp#27;[90m# src/test/resources/features/generated/kkjkjkj.feature:367&amp#27;[0m
  &amp#27;[32mGiven &amp#27;[0m&amp#27;[32mthe API base url is &amp#27;[0m&amp#27;[32m&amp#27;[1m"${BASE_URL}"&amp#27;[0m                                 &amp#27;[90m# steps.CommonSteps.givenBaseUrlEnv(java.lang.String)&amp#27;[0m
  &amp#27;[32mAnd &amp#27;[0m&amp#27;[32mI use bearer token from env &amp#27;[0m&amp#27;[32m&amp#27;[1m"general_manager_token"&amp#27;[0m                 &amp#27;[90m# steps.CommonSteps.useBearerTokenFromEnv(java.lang.String)&amp#27;[0m
  &amp#27;[32mAnd &amp#27;[0m&amp#27;[32mI add header &amp#27;[0m&amp#27;[32m&amp#27;[1m"accept"&amp#27;[0m&amp#27;[32m with value &amp#27;[0m&amp#27;[32m&amp#27;[1m'application/json'&amp#27;[0m                 &amp#27;[90m# steps.CommonSteps.iAddHeader(java.lang.String,java.lang.String)&amp#27;[0m
  &amp#27;[32mAnd &amp#27;[0m&amp#27;[32mI add header &amp#27;[0m&amp#27;[32m&amp#27;[1m"accept-language"&amp#27;[0m&amp#27;[32m with value &amp#27;[0m&amp#27;[32m&amp#27;[1m'ar'&amp#27;[0m                      &amp#27;[90m# steps.CommonSteps.iAddHeader(java.lang.String,java.lang.String)&amp#27;[0m
  &amp#27;[32mAnd &amp#27;[0m&amp#27;[32mI add header &amp#27;[0m&amp#27;[32m&amp#27;[1m"content-type"&amp#27;[0m&amp#27;[32m with value &amp#27;[0m&amp#27;[32m&amp#27;[1m'application/json'&amp#27;[0m           &amp#27;[90m# steps.CommonSteps.iAddHeader(java.lang.String,java.lang.String)&amp#27;[0m
  &amp#27;[32mAnd &amp#27;[0m&amp#27;[32mI add header &amp#27;[0m&amp#27;[32m&amp#27;[1m"pragma"&amp#27;[0m&amp#27;[32m with value &amp#27;[0m&amp#27;[32m&amp#27;[1m'no-cache'&amp#27;[0m                         &amp#27;[90m# steps.CommonSteps.iAddHeader(java.lang.String,java.lang.String)&amp#27;[0m
  &amp#27;[32mAnd &amp#27;[0m&amp#27;[32mI add header &amp#27;[0m&amp#27;[32m&amp#27;[1m"s-source"&amp#27;[0m&amp#27;[32m with value &amp#27;[0m&amp#27;[32m&amp#27;[1m'automation'&amp#27;[0m                     &amp#27;[90m# steps.CommonSteps.iAddHeader(java.lang.String,java.lang.String)&amp#27;[0m
Request method:	POST
Request URI:	https://api.salla.dev/admin/v2/customers
Body:
{
    "first_name": "moe",
    "last_name": " daabesdaabesdas",
    "email": "m.daabes+93253@salla.sa",
    "birthday": "08-09-2015",
    "gender": "male",
    "mobile_code_country": null,
    "mobile": "799798444"
}
  &amp#27;[32mWhen &amp#27;[0m&amp#27;[32mI &amp#27;[0m&amp#27;[32m&amp#27;[1mPOST&amp#27;[0m&amp#27;[32m to &amp#27;[0m&amp#27;[32m&amp#27;[1m"/admin/v2/customers"&amp#27;[0m&amp#27;[32m with json body:&amp#27;[0m                    &amp#27;[90m# steps.CommonSteps.iVerbToWithJsonBody(java.lang.String,java.lang.String,java.lang.String)&amp#27;[0m
  &amp#27;[31mThen &amp#27;[0m&amp#27;[31mthe response status should be &amp#27;[0m&amp#27;[31m&amp#27;[1m400&amp#27;[0m                                  &amp#27;[90m# steps.CommonSteps.theResponseStatusShouldBe(int)&amp#27;[0m
      &amp#27;[31mjava.lang.AssertionError: status code
Expected: <400>
     but: was <422>
	at org.hamcrest.MatcherAssert.assertThat(MatcherAssert.java:20)
	at steps.CommonSteps.theResponseStatusShouldBe(CommonSteps.java:384)
	at ✽.the response status should be 400(file:///Users/mohammaddaabes/Documents/api/src/test/resources/features/generated/kkjkjkj.feature:380)
&amp#27;[0m
  &amp#27;[36mThen &amp#27;[0m&amp#27;[36mthe response header &amp#27;[0m&amp#27;[36m&amp#27;[1m"Content-Type"&amp#27;[0m&amp#27;[36m should equal &amp#27;[0m&amp#27;[36m&amp#27;[1m"application/json"&amp#27;[0m &amp#27;[90m# steps.CommonSteps.headerShouldEqual(java.lang.String,java.lang.String)&amp#27;[0m
]]></system-out>
  </testcase>
  <testcase name="null value for &apos;mobile_code_country&apos;" classname="POST /admin/v2/customers" time="0.349">
    <failure message="status code&#10;Expected: &lt;400&gt;&#10;     but: was &lt;422&gt;" type="java.lang.AssertionError"><![CDATA[java.lang.AssertionError: 
status code
Expected: <400>
     but: was <422>
	at org.hamcrest.MatcherAssert.assertThat(MatcherAssert.java:20)
	at steps.CommonSteps.theResponseStatusShouldBe(CommonSteps.java:384)
	at ✽.the response status should be 400(file:///Users/mohammaddaabes/Documents/api/src/test/resources/features/generated/kkjkjkj.feature:380)
]]></failure>
    <system-out><![CDATA[
@negative @null
Scenario: null value for 'mobile_code_country'                            &amp#27;[90m# src/test/resources/features/generated/kkjkjkj.feature:367&amp#27;[0m
  &amp#27;[32mGiven &amp#27;[0m&amp#27;[32mthe API base url is &amp#27;[0m&amp#27;[32m&amp#27;[1m"${BASE_URL}"&amp#27;[0m                                 &amp#27;[90m# steps.CommonSteps.givenBaseUrlEnv(java.lang.String)&amp#27;[0m
  &amp#27;[32mAnd &amp#27;[0m&amp#27;[32mI use bearer token from env &amp#27;[0m&amp#27;[32m&amp#27;[1m"general_manager_token"&amp#27;[0m                 &amp#27;[90m# steps.CommonSteps.useBearerTokenFromEnv(java.lang.String)&amp#27;[0m
  &amp#27;[32mAnd &amp#27;[0m&amp#27;[32mI add header &amp#27;[0m&amp#27;[32m&amp#27;[1m"accept"&amp#27;[0m&amp#27;[32m with value &amp#27;[0m&amp#27;[32m&amp#27;[1m'application/json'&amp#27;[0m                 &amp#27;[90m# steps.CommonSteps.iAddHeader(java.lang.String,java.lang.String)&amp#27;[0m
  &amp#27;[32mAnd &amp#27;[0m&amp#27;[32mI add header &amp#27;[0m&amp#27;[32m&amp#27;[1m"accept-language"&amp#27;[0m&amp#27;[32m with value &amp#27;[0m&amp#27;[32m&amp#27;[1m'ar'&amp#27;[0m                      &amp#27;[90m# steps.CommonSteps.iAddHeader(java.lang.String,java.lang.String)&amp#27;[0m
  &amp#27;[32mAnd &amp#27;[0m&amp#27;[32mI add header &amp#27;[0m&amp#27;[32m&amp#27;[1m"content-type"&amp#27;[0m&amp#27;[32m with value &amp#27;[0m&amp#27;[32m&amp#27;[1m'application/json'&amp#27;[0m           &amp#27;[90m# steps.CommonSteps.iAddHeader(java.lang.String,java.lang.String)&amp#27;[0m
  &amp#27;[32mAnd &amp#27;[0m&amp#27;[32mI add header &amp#27;[0m&amp#27;[32m&amp#27;[1m"pragma"&amp#27;[0m&amp#27;[32m with value &amp#27;[0m&amp#27;[32m&amp#27;[1m'no-cache'&amp#27;[0m                         &amp#27;[90m# steps.CommonSteps.iAddHeader(java.lang.String,java.lang.String)&amp#27;[0m
  &amp#27;[32mAnd &amp#27;[0m&amp#27;[32mI add header &amp#27;[0m&amp#27;[32m&amp#27;[1m"s-source"&amp#27;[0m&amp#27;[32m with value &amp#27;[0m&amp#27;[32m&amp#27;[1m'automation'&amp#27;[0m                     &amp#27;[90m# steps.CommonSteps.iAddHeader(java.lang.String,java.lang.String)&amp#27;[0m
Request method:	POST
Request URI:	https://api.salla.dev/admin/v2/customers
Body:
{
    "first_name": "moe",
    "last_name": " daabesdaabesdas",
    "email": "m.daabes+93253@salla.sa",
    "birthday": "08-09-2015",
    "gender": "male",
    "mobile_code_country": null,
    "mobile": "799798444"
}
  &amp#27;[32mWhen &amp#27;[0m&amp#27;[32mI &amp#27;[0m&amp#27;[32m&amp#27;[1mPOST&amp#27;[0m&amp#27;[32m to &amp#27;[0m&amp#27;[32m&amp#27;[1m"/admin/v2/customers"&amp#27;[0m&amp#27;[32m with json body:&amp#27;[0m                    &amp#27;[90m# steps.CommonSteps.iVerbToWithJsonBody(java.lang.String,java.lang.String,java.lang.String)&amp#27;[0m
  &amp#27;[31mThen &amp#27;[0m&amp#27;[31mthe response status should be &amp#27;[0m&amp#27;[31m&amp#27;[1m400&amp#27;[0m                                  &amp#27;[90m# steps.CommonSteps.theResponseStatusShouldBe(int)&amp#27;[0m
      &amp#27;[31mjava.lang.AssertionError: status code
Expected: <400>
     but: was <422>
	at org.hamcrest.MatcherAssert.assertThat(MatcherAssert.java:20)
	at steps.CommonSteps.theResponseStatusShouldBe(CommonSteps.java:384)
	at ✽.the response status should be 400(file:///Users/mohammaddaabes/Documents/api/src/test/resources/features/generated/kkjkjkj.feature:380)
&amp#27;[0m
  &amp#27;[36mThen &amp#27;[0m&amp#27;[36mthe response header &amp#27;[0m&amp#27;[36m&amp#27;[1m"Content-Type"&amp#27;[0m&amp#27;[36m should equal &amp#27;[0m&amp#27;[36m&amp#27;[1m"application/json"&amp#27;[0m &amp#27;[90m# steps.CommonSteps.headerShouldEqual(java.lang.String,java.lang.String)&amp#27;[0m
]]></system-out>
  </testcase>
  <testcase name="null value for &apos;mobile&apos;" classname="POST /admin/v2/customers" time="0.367">
    <failure message="status code&#10;Expected: &lt;400&gt;&#10;     but: was &lt;422&gt;" type="java.lang.AssertionError"><![CDATA[java.lang.AssertionError: 
status code
Expected: <400>
     but: was <422>
	at org.hamcrest.MatcherAssert.assertThat(MatcherAssert.java:20)
	at steps.CommonSteps.theResponseStatusShouldBe(CommonSteps.java:384)
	at ✽.the response status should be 400(file:///Users/mohammaddaabes/Documents/api/src/test/resources/features/generated/kkjkjkj.feature:397)
]]></failure>
    <system-out><![CDATA[
@negative @null
Scenario: null value for 'mobile'                                         &amp#27;[90m# src/test/resources/features/generated/kkjkjkj.feature:384&amp#27;[0m
  &amp#27;[32mGiven &amp#27;[0m&amp#27;[32mthe API base url is &amp#27;[0m&amp#27;[32m&amp#27;[1m"${BASE_URL}"&amp#27;[0m                                 &amp#27;[90m# steps.CommonSteps.givenBaseUrlEnv(java.lang.String)&amp#27;[0m
  &amp#27;[32mAnd &amp#27;[0m&amp#27;[32mI use bearer token from env &amp#27;[0m&amp#27;[32m&amp#27;[1m"general_manager_token"&amp#27;[0m                 &amp#27;[90m# steps.CommonSteps.useBearerTokenFromEnv(java.lang.String)&amp#27;[0m
  &amp#27;[32mAnd &amp#27;[0m&amp#27;[32mI add header &amp#27;[0m&amp#27;[32m&amp#27;[1m"accept"&amp#27;[0m&amp#27;[32m with value &amp#27;[0m&amp#27;[32m&amp#27;[1m'application/json'&amp#27;[0m                 &amp#27;[90m# steps.CommonSteps.iAddHeader(java.lang.String,java.lang.String)&amp#27;[0m
  &amp#27;[32mAnd &amp#27;[0m&amp#27;[32mI add header &amp#27;[0m&amp#27;[32m&amp#27;[1m"accept-language"&amp#27;[0m&amp#27;[32m with value &amp#27;[0m&amp#27;[32m&amp#27;[1m'ar'&amp#27;[0m                      &amp#27;[90m# steps.CommonSteps.iAddHeader(java.lang.String,java.lang.String)&amp#27;[0m
  &amp#27;[32mAnd &amp#27;[0m&amp#27;[32mI add header &amp#27;[0m&amp#27;[32m&amp#27;[1m"content-type"&amp#27;[0m&amp#27;[32m with value &amp#27;[0m&amp#27;[32m&amp#27;[1m'application/json'&amp#27;[0m           &amp#27;[90m# steps.CommonSteps.iAddHeader(java.lang.String,java.lang.String)&amp#27;[0m
  &amp#27;[32mAnd &amp#27;[0m&amp#27;[32mI add header &amp#27;[0m&amp#27;[32m&amp#27;[1m"pragma"&amp#27;[0m&amp#27;[32m with value &amp#27;[0m&amp#27;[32m&amp#27;[1m'no-cache'&amp#27;[0m                         &amp#27;[90m# steps.CommonSteps.iAddHeader(java.lang.String,java.lang.String)&amp#27;[0m
  &amp#27;[32mAnd &amp#27;[0m&amp#27;[32mI add header &amp#27;[0m&amp#27;[32m&amp#27;[1m"s-source"&amp#27;[0m&amp#27;[32m with value &amp#27;[0m&amp#27;[32m&amp#27;[1m'automation'&amp#27;[0m                     &amp#27;[90m# steps.CommonSteps.iAddHeader(java.lang.String,java.lang.String)&amp#27;[0m
Request method:	POST
Request URI:	https://api.salla.dev/admin/v2/customers
Body:
{
    "first_name": "moe",
    "last_name": " daabesdaabesdas",
    "email": "m.daabes+93253@salla.sa",
    "birthday": "08-09-2015",
    "gender": "male",
    "mobile_code_country": "962",
    "mobile": null
}
  &amp#27;[32mWhen &amp#27;[0m&amp#27;[32mI &amp#27;[0m&amp#27;[32m&amp#27;[1mPOST&amp#27;[0m&amp#27;[32m to &amp#27;[0m&amp#27;[32m&amp#27;[1m"/admin/v2/customers"&amp#27;[0m&amp#27;[32m with json body:&amp#27;[0m                    &amp#27;[90m# steps.CommonSteps.iVerbToWithJsonBody(java.lang.String,java.lang.String,java.lang.String)&amp#27;[0m
  &amp#27;[31mThen &amp#27;[0m&amp#27;[31mthe response status should be &amp#27;[0m&amp#27;[31m&amp#27;[1m400&amp#27;[0m                                  &amp#27;[90m# steps.CommonSteps.theResponseStatusShouldBe(int)&amp#27;[0m
      &amp#27;[31mjava.lang.AssertionError: status code
Expected: <400>
     but: was <422>
	at org.hamcrest.MatcherAssert.assertThat(MatcherAssert.java:20)
	at steps.CommonSteps.theResponseStatusShouldBe(CommonSteps.java:384)
	at ✽.the response status should be 400(file:///Users/mohammaddaabes/Documents/api/src/test/resources/features/generated/kkjkjkj.feature:397)
&amp#27;[0m
  &amp#27;[36mThen &amp#27;[0m&amp#27;[36mthe response header &amp#27;[0m&amp#27;[36m&amp#27;[1m"Content-Type"&amp#27;[0m&amp#27;[36m should equal &amp#27;[0m&amp#27;[36m&amp#27;[1m"application/json"&amp#27;[0m &amp#27;[90m# steps.CommonSteps.headerShouldEqual(java.lang.String,java.lang.String)&amp#27;[0m
]]></system-out>
  </testcase>
  <testcase name="null value for &apos;mobile&apos;" classname="POST /admin/v2/customers" time="0.338">
    <failure message="status code&#10;Expected: &lt;400&gt;&#10;     but: was &lt;422&gt;" type="java.lang.AssertionError"><![CDATA[java.lang.AssertionError: 
status code
Expected: <400>
     but: was <422>
	at org.hamcrest.MatcherAssert.assertThat(MatcherAssert.java:20)
	at steps.CommonSteps.theResponseStatusShouldBe(CommonSteps.java:384)
	at ✽.the response status should be 400(file:///Users/mohammaddaabes/Documents/api/src/test/resources/features/generated/kkjkjkj.feature:397)
]]></failure>
    <system-out><![CDATA[
@negative @null
Scenario: null value for 'mobile'                                         &amp#27;[90m# src/test/resources/features/generated/kkjkjkj.feature:384&amp#27;[0m
  &amp#27;[32mGiven &amp#27;[0m&amp#27;[32mthe API base url is &amp#27;[0m&amp#27;[32m&amp#27;[1m"${BASE_URL}"&amp#27;[0m                                 &amp#27;[90m# steps.CommonSteps.givenBaseUrlEnv(java.lang.String)&amp#27;[0m
  &amp#27;[32mAnd &amp#27;[0m&amp#27;[32mI use bearer token from env &amp#27;[0m&amp#27;[32m&amp#27;[1m"general_manager_token"&amp#27;[0m                 &amp#27;[90m# steps.CommonSteps.useBearerTokenFromEnv(java.lang.String)&amp#27;[0m
  &amp#27;[32mAnd &amp#27;[0m&amp#27;[32mI add header &amp#27;[0m&amp#27;[32m&amp#27;[1m"accept"&amp#27;[0m&amp#27;[32m with value &amp#27;[0m&amp#27;[32m&amp#27;[1m'application/json'&amp#27;[0m                 &amp#27;[90m# steps.CommonSteps.iAddHeader(java.lang.String,java.lang.String)&amp#27;[0m
  &amp#27;[32mAnd &amp#27;[0m&amp#27;[32mI add header &amp#27;[0m&amp#27;[32m&amp#27;[1m"accept-language"&amp#27;[0m&amp#27;[32m with value &amp#27;[0m&amp#27;[32m&amp#27;[1m'ar'&amp#27;[0m                      &amp#27;[90m# steps.CommonSteps.iAddHeader(java.lang.String,java.lang.String)&amp#27;[0m
  &amp#27;[32mAnd &amp#27;[0m&amp#27;[32mI add header &amp#27;[0m&amp#27;[32m&amp#27;[1m"content-type"&amp#27;[0m&amp#27;[32m with value &amp#27;[0m&amp#27;[32m&amp#27;[1m'application/json'&amp#27;[0m           &amp#27;[90m# steps.CommonSteps.iAddHeader(java.lang.String,java.lang.String)&amp#27;[0m
  &amp#27;[32mAnd &amp#27;[0m&amp#27;[32mI add header &amp#27;[0m&amp#27;[32m&amp#27;[1m"pragma"&amp#27;[0m&amp#27;[32m with value &amp#27;[0m&amp#27;[32m&amp#27;[1m'no-cache'&amp#27;[0m                         &amp#27;[90m# steps.CommonSteps.iAddHeader(java.lang.String,java.lang.String)&amp#27;[0m
  &amp#27;[32mAnd &amp#27;[0m&amp#27;[32mI add header &amp#27;[0m&amp#27;[32m&amp#27;[1m"s-source"&amp#27;[0m&amp#27;[32m with value &amp#27;[0m&amp#27;[32m&amp#27;[1m'automation'&amp#27;[0m                     &amp#27;[90m# steps.CommonSteps.iAddHeader(java.lang.String,java.lang.String)&amp#27;[0m
Request method:	POST
Request URI:	https://api.salla.dev/admin/v2/customers
Body:
{
    "first_name": "moe",
    "last_name": " daabesdaabesdas",
    "email": "m.daabes+93253@salla.sa",
    "birthday": "08-09-2015",
    "gender": "male",
    "mobile_code_country": "962",
    "mobile": null
}
  &amp#27;[32mWhen &amp#27;[0m&amp#27;[32mI &amp#27;[0m&amp#27;[32m&amp#27;[1mPOST&amp#27;[0m&amp#27;[32m to &amp#27;[0m&amp#27;[32m&amp#27;[1m"/admin/v2/customers"&amp#27;[0m&amp#27;[32m with json body:&amp#27;[0m                    &amp#27;[90m# steps.CommonSteps.iVerbToWithJsonBody(java.lang.String,java.lang.String,java.lang.String)&amp#27;[0m
  &amp#27;[31mThen &amp#27;[0m&amp#27;[31mthe response status should be &amp#27;[0m&amp#27;[31m&amp#27;[1m400&amp#27;[0m                                  &amp#27;[90m# steps.CommonSteps.theResponseStatusShouldBe(int)&amp#27;[0m
      &amp#27;[31mjava.lang.AssertionError: status code
Expected: <400>
     but: was <422>
	at org.hamcrest.MatcherAssert.assertThat(MatcherAssert.java:20)
	at steps.CommonSteps.theResponseStatusShouldBe(CommonSteps.java:384)
	at ✽.the response status should be 400(file:///Users/mohammaddaabes/Documents/api/src/test/resources/features/generated/kkjkjkj.feature:397)
&amp#27;[0m
  &amp#27;[36mThen &amp#27;[0m&amp#27;[36mthe response header &amp#27;[0m&amp#27;[36m&amp#27;[1m"Content-Type"&amp#27;[0m&amp#27;[36m should equal &amp#27;[0m&amp#27;[36m&amp#27;[1m"application/json"&amp#27;[0m &amp#27;[90m# steps.CommonSteps.headerShouldEqual(java.lang.String,java.lang.String)&amp#27;[0m
]]></system-out>
  </testcase>
</testsuite>