<?xml version="1.0" encoding="UTF-8"?>
<testsuite name="Cucumber" time="64.731" tests="143" skipped="0" failures="99" errors="0">
<testcase classname="POST /admin/v2/customers" name="Positive cases from dataset - Example #1.1" time="2.6">
<system-out><![CDATA[
Given the API base url is "${BASE_URL}".....................................passed
And I use bearer token from env "general_manager_token".....................passed
And I add header "accept" with value 'application/json'.....................passed
And I add header "accept-language" with value 'ar'..........................passed
And I add header "content-type" with value 'application/json'...............passed
And I add header "pragma" with value 'no-cache'.............................passed
And I add header "s-source" with value 'automation'.........................passed
When I POST to "/admin/v2/customers" with json body from csv "datasets/post_admin_v2_customers.csv" row 1.passed
Then the response status should be from csv column "__expected_status" row 1.passed
Then the response header "Content-Type" should equal "application/json".....passed
]]></system-out>
</testcase>
<testcase classname="POST /admin/v2/customers" name="Positive cases from dataset - Example #1.2" time="0.677">
<system-out><![CDATA[
Given the API base url is "${BASE_URL}".....................................passed
And I use bearer token from env "general_manager_token".....................passed
And I add header "accept" with value 'application/json'.....................passed
And I add header "accept-language" with value 'ar'..........................passed
And I add header "content-type" with value 'application/json'...............passed
And I add header "pragma" with value 'no-cache'.............................passed
And I add header "s-source" with value 'automation'.........................passed
When I POST to "/admin/v2/customers" with json body from csv "datasets/post_admin_v2_customers.csv" row 2.passed
Then the response status should be from csv column "__expected_status" row 2.passed
Then the response header "Content-Type" should equal "application/json".....passed
]]></system-out>
</testcase>
<testcase classname="POST /admin/v2/customers" name="Positive cases from dataset - Example #1.3" time="0.776">
<system-out><![CDATA[
Given the API base url is "${BASE_URL}".....................................passed
And I use bearer token from env "general_manager_token".....................passed
And I add header "accept" with value 'application/json'.....................passed
And I add header "accept-language" with value 'ar'..........................passed
And I add header "content-type" with value 'application/json'...............passed
And I add header "pragma" with value 'no-cache'.............................passed
And I add header "s-source" with value 'automation'.........................passed
When I POST to "/admin/v2/customers" with json body from csv "datasets/post_admin_v2_customers.csv" row 3.passed
Then the response status should be from csv column "__expected_status" row 3.passed
Then the response header "Content-Type" should equal "application/json".....passed
]]></system-out>
</testcase>
<testcase classname="POST /admin/v2/customers" name="Positive cases from dataset - Example #1.4" time="0.676">
<system-out><![CDATA[
Given the API base url is "${BASE_URL}".....................................passed
And I use bearer token from env "general_manager_token".....................passed
And I add header "accept" with value 'application/json'.....................passed
And I add header "accept-language" with value 'ar'..........................passed
And I add header "content-type" with value 'application/json'...............passed
And I add header "pragma" with value 'no-cache'.............................passed
And I add header "s-source" with value 'automation'.........................passed
When I POST to "/admin/v2/customers" with json body from csv "datasets/post_admin_v2_customers.csv" row 4.passed
Then the response status should be from csv column "__expected_status" row 4.passed
Then the response header "Content-Type" should equal "application/json".....passed
]]></system-out>
</testcase>
<testcase classname="POST /admin/v2/customers" name="Positive cases from dataset - Example #1.5" time="0.707">
<system-out><![CDATA[
Given the API base url is "${BASE_URL}".....................................passed
And I use bearer token from env "general_manager_token".....................passed
And I add header "accept" with value 'application/json'.....................passed
And I add header "accept-language" with value 'ar'..........................passed
And I add header "content-type" with value 'application/json'...............passed
And I add header "pragma" with value 'no-cache'.............................passed
And I add header "s-source" with value 'automation'.........................passed
When I POST to "/admin/v2/customers" with json body from csv "datasets/post_admin_v2_customers.csv" row 5.passed
Then the response status should be from csv column "__expected_status" row 5.passed
Then the response header "Content-Type" should equal "application/json".....passed
]]></system-out>
</testcase>
<testcase classname="POST /admin/v2/customers" name="Negative cases from dataset - Example #1.1" time="0.35">
<system-out><![CDATA[
Given the API base url is "${BASE_URL}".....................................passed
And I use bearer token from env "general_manager_token".....................passed
And I add header "accept" with value 'application/json'.....................passed
And I add header "accept-language" with value 'ar'..........................passed
And I add header "content-type" with value 'application/json'...............passed
And I add header "pragma" with value 'no-cache'.............................passed
And I add header "s-source" with value 'automation'.........................passed
When I POST to "/admin/v2/customers" with json body from csv "datasets/post_admin_v2_customers.csv" row 6.passed
Then the response status should be from csv column "__expected_status" row 6.passed
Then the response header "Content-Type" should equal "application/json".....passed
]]></system-out>
</testcase>
<testcase classname="POST /admin/v2/customers" name="Negative cases from dataset - Example #1.2" time="0.401">
<system-out><![CDATA[
Given the API base url is "${BASE_URL}".....................................passed
And I use bearer token from env "general_manager_token".....................passed
And I add header "accept" with value 'application/json'.....................passed
And I add header "accept-language" with value 'ar'..........................passed
And I add header "content-type" with value 'application/json'...............passed
And I add header "pragma" with value 'no-cache'.............................passed
And I add header "s-source" with value 'automation'.........................passed
When I POST to "/admin/v2/customers" with json body from csv "datasets/post_admin_v2_customers.csv" row 7.passed
Then the response status should be from csv column "__expected_status" row 7.passed
Then the response header "Content-Type" should equal "application/json".....passed
]]></system-out>
</testcase>
<testcase classname="POST /admin/v2/customers" name="Negative cases from dataset - Example #1.3" time="0.372">
<system-out><![CDATA[
Given the API base url is "${BASE_URL}".....................................passed
And I use bearer token from env "general_manager_token".....................passed
And I add header "accept" with value 'application/json'.....................passed
And I add header "accept-language" with value 'ar'..........................passed
And I add header "content-type" with value 'application/json'...............passed
And I add header "pragma" with value 'no-cache'.............................passed
And I add header "s-source" with value 'automation'.........................passed
When I POST to "/admin/v2/customers" with json body from csv "datasets/post_admin_v2_customers.csv" row 8.passed
Then the response status should be from csv column "__expected_status" row 8.passed
Then the response header "Content-Type" should equal "application/json".....passed
]]></system-out>
</testcase>
<testcase classname="POST /admin/v2/customers" name="Negative cases from dataset - Example #1.4" time="0.454">
<system-out><![CDATA[
Given the API base url is "${BASE_URL}".....................................passed
And I use bearer token from env "general_manager_token".....................passed
And I add header "accept" with value 'application/json'.....................passed
And I add header "accept-language" with value 'ar'..........................passed
And I add header "content-type" with value 'application/json'...............passed
And I add header "pragma" with value 'no-cache'.............................passed
And I add header "s-source" with value 'automation'.........................passed
When I POST to "/admin/v2/customers" with json body from csv "datasets/post_admin_v2_customers.csv" row 9.passed
Then the response status should be from csv column "__expected_status" row 9.passed
Then the response header "Content-Type" should equal "application/json".....passed
]]></system-out>
</testcase>
<testcase classname="POST /admin/v2/customers" name="Negative cases from dataset - Example #1.5" time="0.358">
<system-out><![CDATA[
Given the API base url is "${BASE_URL}".....................................passed
And I use bearer token from env "general_manager_token".....................passed
And I add header "accept" with value 'application/json'.....................passed
And I add header "accept-language" with value 'ar'..........................passed
And I add header "content-type" with value 'application/json'...............passed
And I add header "pragma" with value 'no-cache'.............................passed
And I add header "s-source" with value 'automation'.........................passed
When I POST to "/admin/v2/customers" with json body from csv "datasets/post_admin_v2_customers.csv" row 10.passed
Then the response status should be from csv column "__expected_status" row 10.passed
Then the response header "Content-Type" should equal "application/json".....passed
]]></system-out>
</testcase>
<testcase classname="POST /admin/v2/customers" name="Negative cases from dataset - Example #1.6" time="0.353">
<system-out><![CDATA[
Given the API base url is "${BASE_URL}".....................................passed
And I use bearer token from env "general_manager_token".....................passed
And I add header "accept" with value 'application/json'.....................passed
And I add header "accept-language" with value 'ar'..........................passed
And I add header "content-type" with value 'application/json'...............passed
And I add header "pragma" with value 'no-cache'.............................passed
And I add header "s-source" with value 'automation'.........................passed
When I POST to "/admin/v2/customers" with json body from csv "datasets/post_admin_v2_customers.csv" row 11.passed
Then the response status should be from csv column "__expected_status" row 11.passed
Then the response header "Content-Type" should equal "application/json".....passed
]]></system-out>
</testcase>
<testcase classname="POST /admin/v2/customers" name="Negative cases from dataset - Example #1.7" time="0.359">
<system-out><![CDATA[
Given the API base url is "${BASE_URL}".....................................passed
And I use bearer token from env "general_manager_token".....................passed
And I add header "accept" with value 'application/json'.....................passed
And I add header "accept-language" with value 'ar'..........................passed
And I add header "content-type" with value 'application/json'...............passed
And I add header "pragma" with value 'no-cache'.............................passed
And I add header "s-source" with value 'automation'.........................passed
When I POST to "/admin/v2/customers" with json body from csv "datasets/post_admin_v2_customers.csv" row 12.passed
Then the response status should be from csv column "__expected_status" row 12.passed
Then the response header "Content-Type" should equal "application/json".....passed
]]></system-out>
</testcase>
<testcase classname="POST /admin/v2/customers" name="Negative cases from dataset - Example #1.8" time="0.39">
<system-out><![CDATA[
Given the API base url is "${BASE_URL}".....................................passed
And I use bearer token from env "general_manager_token".....................passed
And I add header "accept" with value 'application/json'.....................passed
And I add header "accept-language" with value 'ar'..........................passed
And I add header "content-type" with value 'application/json'...............passed
And I add header "pragma" with value 'no-cache'.............................passed
And I add header "s-source" with value 'automation'.........................passed
When I POST to "/admin/v2/customers" with json body from csv "datasets/post_admin_v2_customers.csv" row 13.passed
Then the response status should be from csv column "__expected_status" row 13.passed
Then the response header "Content-Type" should equal "application/json".....passed
]]></system-out>
</testcase>
<testcase classname="POST /admin/v2/customers" name="Negative cases from dataset - Example #1.9" time="0.395">
<system-out><![CDATA[
Given the API base url is "${BASE_URL}".....................................passed
And I use bearer token from env "general_manager_token".....................passed
And I add header "accept" with value 'application/json'.....................passed
And I add header "accept-language" with value 'ar'..........................passed
And I add header "content-type" with value 'application/json'...............passed
And I add header "pragma" with value 'no-cache'.............................passed
And I add header "s-source" with value 'automation'.........................passed
When I POST to "/admin/v2/customers" with json body from csv "datasets/post_admin_v2_customers.csv" row 14.passed
Then the response status should be from csv column "__expected_status" row 14.passed
Then the response header "Content-Type" should equal "application/json".....passed
]]></system-out>
</testcase>
<testcase classname="POST /admin/v2/customers" name="Negative cases from dataset - Example #1.10" time="0.351">
<system-out><![CDATA[
Given the API base url is "${BASE_URL}".....................................passed
And I use bearer token from env "general_manager_token".....................passed
And I add header "accept" with value 'application/json'.....................passed
And I add header "accept-language" with value 'ar'..........................passed
And I add header "content-type" with value 'application/json'...............passed
And I add header "pragma" with value 'no-cache'.............................passed
And I add header "s-source" with value 'automation'.........................passed
When I POST to "/admin/v2/customers" with json body from csv "datasets/post_admin_v2_customers.csv" row 15.passed
Then the response status should be from csv column "__expected_status" row 15.passed
Then the response header "Content-Type" should equal "application/json".....passed
]]></system-out>
</testcase>
<testcase classname="POST /admin/v2/customers" name="Auth cases from dataset - Example #1.1" time="0.278">
<system-out><![CDATA[
Given the API base url is "${BASE_URL}".....................................passed
And I use bearer token from env "general_manager_token".....................passed
And I add header "accept" with value 'application/json'.....................passed
And I add header "accept-language" with value 'ar'..........................passed
And I add header "content-type" with value 'application/json'...............passed
And I add header "pragma" with value 'no-cache'.............................passed
And I add header "s-source" with value 'automation'.........................passed
When I POST to "/admin/v2/customers" with json body from csv "datasets/post_admin_v2_customers.csv" row 16.passed
Then the response status should be from csv column "__expected_status" row 16.passed
Then the response header "Content-Type" should equal "application/json".....passed
]]></system-out>
</testcase>
<testcase classname="POST /admin/v2/customers" name="Auth cases from dataset - Example #1.2" time="0.238">
<system-out><![CDATA[
Given the API base url is "${BASE_URL}".....................................passed
And I use bearer token from env "general_manager_token".....................passed
And I add header "accept" with value 'application/json'.....................passed
And I add header "accept-language" with value 'ar'..........................passed
And I add header "content-type" with value 'application/json'...............passed
And I add header "pragma" with value 'no-cache'.............................passed
And I add header "s-source" with value 'automation'.........................passed
When I POST to "/admin/v2/customers" with json body from csv "datasets/post_admin_v2_customers.csv" row 17.passed
Then the response status should be from csv column "__expected_status" row 17.passed
Then the response header "Content-Type" should equal "application/json".....passed
]]></system-out>
</testcase>
<testcase classname="POST /admin/v2/customers" name="Happy path generated from cURL" time="0.801">
<system-out><![CDATA[
Given the API base url is "${BASE_URL}".....................................passed
And I use bearer token from env "general_manager_token".....................passed
And I add header "accept" with value 'application/json'.....................passed
And I add header "accept-language" with value 'ar'..........................passed
And I add header "content-type" with value 'application/json'...............passed
And I add header "pragma" with value 'no-cache'.............................passed
And I add header "s-source" with value 'automation'.........................passed
When I POST to "/admin/v2/customers" with json body:........................passed
Then the response status should be 200......................................passed
Then the response header "Content-Type" should equal "application/json".....passed
]]></system-out>
</testcase>
<testcase classname="POST /admin/v2/customers" name="Missing token returns 401" time="0.265">
<system-out><![CDATA[
Given the API base url is "${BASE_URL}".....................................passed
And I use bearer token from env "general_manager_token".....................passed
And I add header "accept" with value 'application/json'.....................passed
And I add header "accept-language" with value 'ar'..........................passed
And I add header "content-type" with value 'application/json'...............passed
And I add header "pragma" with value 'no-cache'.............................passed
And I add header "s-source" with value 'automation'.........................passed
Given I remove authorization header.........................................passed
When I POST to "/admin/v2/customers" with json body:........................passed
Then the response status should be 401......................................passed
Then the response header "Content-Type" should equal "application/json".....passed
]]></system-out>
</testcase>
<testcase classname="POST /admin/v2/customers" name="missing required field 'first_name'" time="0.597">
<failure type="java.lang.AssertionError" message="status code
Expected: &lt;400&gt;
     but: was &lt;200&gt;">
<![CDATA[java.lang.AssertionError: status code
Expected: <400>
     but: was <200>
	at org.hamcrest.MatcherAssert.assertThat(MatcherAssert.java:20)
	at steps.CommonSteps.theResponseStatusShouldBe(CommonSteps.java:384)
	at ✽.the response status should be 400(classpath:features/generated/bbb.feature:63)
]]>
</failure>
<system-out><![CDATA[
Given the API base url is "${BASE_URL}".....................................passed
And I use bearer token from env "general_manager_token".....................passed
And I add header "accept" with value 'application/json'.....................passed
And I add header "accept-language" with value 'ar'..........................passed
And I add header "content-type" with value 'application/json'...............passed
And I add header "pragma" with value 'no-cache'.............................passed
And I add header "s-source" with value 'automation'.........................passed
When I POST to "/admin/v2/customers" with json body:........................passed
Then the response status should be 400......................................failed
Then the response header "Content-Type" should equal "application/json".....skipped
]]></system-out>
</testcase>
<testcase classname="POST /admin/v2/customers" name="Happy path generated from cURL" time="0.011">
<failure type="java.lang.IllegalStateException" message="Missing token for key: API_TOKEN_DASHBOARD_ADMIN (env or properties)">
<![CDATA[java.lang.IllegalStateException: Missing token for key: API_TOKEN_DASHBOARD_ADMIN (env or properties)
	at support.AuthContext.setBearerFromEnv(AuthContext.java:31)
	at steps.CommonSteps.useBearerTokenFromEnv(CommonSteps.java:261)
	at ✽.I use bearer token from env "API_TOKEN_DASHBOARD_ADMIN"(classpath:features/generated/create_customer_admin.feature:4)
]]>
</failure>
<system-out><![CDATA[
Given the API base url is "${BASE_URL}".....................................passed
And I use bearer token from env "API_TOKEN_DASHBOARD_ADMIN".................failed
And I add header "s-source" with value 'merchant-dashboard'.................skipped
And I add header "s-store-id" with value '783386284'........................skipped
And I add header "accept-language" with value 'ar'..........................skipped
When I POST to "/admin/v2/customers" with json body:........................skipped
Then the response status should be 200......................................skipped
Then the response header "Content-Type" should equal "application/json".....skipped
Then the response json path "$.status" should equal "200"...................skipped
Then the response json path "$.success" should equal "true".................skipped
Then the response json path "$.data.id" should equal "1022096017"...........skipped
]]></system-out>
</testcase>
<testcase classname="POST /admin/v2/customers" name="Missing token returns 401" time="0.004">
<failure type="java.lang.IllegalStateException" message="Missing token for key: API_TOKEN_DASHBOARD_ADMIN (env or properties)">
<![CDATA[java.lang.IllegalStateException: Missing token for key: API_TOKEN_DASHBOARD_ADMIN (env or properties)
	at support.AuthContext.setBearerFromEnv(AuthContext.java:31)
	at steps.CommonSteps.useBearerTokenFromEnv(CommonSteps.java:261)
	at ✽.I use bearer token from env "API_TOKEN_DASHBOARD_ADMIN"(classpath:features/generated/create_customer_admin.feature:4)
]]>
</failure>
<system-out><![CDATA[
Given the API base url is "${BASE_URL}".....................................passed
And I use bearer token from env "API_TOKEN_DASHBOARD_ADMIN".................failed
And I add header "s-source" with value 'merchant-dashboard'.................skipped
And I add header "s-store-id" with value '783386284'........................skipped
And I add header "accept-language" with value 'ar'..........................skipped
Given I remove authorization header.........................................skipped
When I POST to "/admin/v2/customers" with json body:........................skipped
Then the response status should be 401......................................skipped
Then the response header "Content-Type" should equal "application/json".....skipped
Then the response json path "$.status" should equal "401"...................skipped
Then the response json path "$.success" should equal "false"................skipped
Then the response json path "$.error.code" should equal "Invalid-token".....skipped
Then the response json path "$.error.message" should equal "please provide a valid API Key".skipped
Then the response json path "$.status" should equal "200"...................skipped
Then the response json path "$.success" should equal "true".................skipped
Then the response json path "$.data.id" should equal "1022096017"...........skipped
Then the response json should equal:........................................skipped
]]></system-out>
</testcase>
<testcase classname="POST /admin/v2/customers" name="missing required field 'mobile_code_country'" time="0.002">
<failure type="java.lang.IllegalStateException" message="Missing token for key: API_TOKEN_DASHBOARD_ADMIN (env or properties)">
<![CDATA[java.lang.IllegalStateException: Missing token for key: API_TOKEN_DASHBOARD_ADMIN (env or properties)
	at support.AuthContext.setBearerFromEnv(AuthContext.java:31)
	at steps.CommonSteps.useBearerTokenFromEnv(CommonSteps.java:261)
	at ✽.I use bearer token from env "API_TOKEN_DASHBOARD_ADMIN"(classpath:features/generated/create_customer_admin.feature:4)
]]>
</failure>
<system-out><![CDATA[
Given the API base url is "${BASE_URL}".....................................passed
And I use bearer token from env "API_TOKEN_DASHBOARD_ADMIN".................failed
And I add header "s-source" with value 'merchant-dashboard'.................skipped
And I add header "s-store-id" with value '783386284'........................skipped
And I add header "accept-language" with value 'ar'..........................skipped
When I POST to "/admin/v2/customers" with json body:........................skipped
Then the response status should be 422......................................skipped
Then the response header "Content-Type" should equal "application/json".....skipped
Then the response json path "$.status" should equal "200"...................skipped
Then the response json path "$.success" should equal "true".................skipped
Then the response json path "$.data.id" should equal "1022096017"...........skipped
]]></system-out>
</testcase>
<testcase classname="POST /admin/v2/customers" name="missing required field 'mobile'" time="0.005">
<failure type="java.lang.IllegalStateException" message="Missing token for key: API_TOKEN_DASHBOARD_ADMIN (env or properties)">
<![CDATA[java.lang.IllegalStateException: Missing token for key: API_TOKEN_DASHBOARD_ADMIN (env or properties)
	at support.AuthContext.setBearerFromEnv(AuthContext.java:31)
	at steps.CommonSteps.useBearerTokenFromEnv(CommonSteps.java:261)
	at ✽.I use bearer token from env "API_TOKEN_DASHBOARD_ADMIN"(classpath:features/generated/create_customer_admin.feature:4)
]]>
</failure>
<system-out><![CDATA[
Given the API base url is "${BASE_URL}".....................................passed
And I use bearer token from env "API_TOKEN_DASHBOARD_ADMIN".................failed
And I add header "s-source" with value 'merchant-dashboard'.................skipped
And I add header "s-store-id" with value '783386284'........................skipped
And I add header "accept-language" with value 'ar'..........................skipped
When I POST to "/admin/v2/customers" with json body:........................skipped
Then the response status should be 403......................................skipped
Then the response header "Content-Type" should equal "application/json".....skipped
Then the response json path "$.status" should equal "200"...................skipped
Then the response json path "$.success" should equal "true".................skipped
Then the response json path "$.data.id" should equal "1022096017"...........skipped
]]></system-out>
</testcase>
<testcase classname="POST /admin/v2/customers" name="invalid type for 'first_name'" time="0.009">
<failure type="java.lang.IllegalStateException" message="Missing token for key: API_TOKEN_DASHBOARD_ADMIN (env or properties)">
<![CDATA[java.lang.IllegalStateException: Missing token for key: API_TOKEN_DASHBOARD_ADMIN (env or properties)
	at support.AuthContext.setBearerFromEnv(AuthContext.java:31)
	at steps.CommonSteps.useBearerTokenFromEnv(CommonSteps.java:261)
	at ✽.I use bearer token from env "API_TOKEN_DASHBOARD_ADMIN"(classpath:features/generated/create_customer_admin.feature:4)
]]>
</failure>
<system-out><![CDATA[
Given the API base url is "${BASE_URL}".....................................passed
And I use bearer token from env "API_TOKEN_DASHBOARD_ADMIN".................failed
And I add header "s-source" with value 'merchant-dashboard'.................skipped
And I add header "s-store-id" with value '783386284'........................skipped
And I add header "accept-language" with value 'ar'..........................skipped
When I POST to "/admin/v2/customers" with json body:........................skipped
Then the response status should be 422......................................skipped
Then the response header "Content-Type" should equal "application/json".....skipped
Then the response json path "$.status" should equal "200"...................skipped
Then the response json path "$.success" should equal "true".................skipped
Then the response json path "$.data.id" should equal "1022096017"...........skipped
]]></system-out>
</testcase>
<testcase classname="POST /admin/v2/customers" name="invalid type for 'last_name'" time="0.002">
<failure type="java.lang.IllegalStateException" message="Missing token for key: API_TOKEN_DASHBOARD_ADMIN (env or properties)">
<![CDATA[java.lang.IllegalStateException: Missing token for key: API_TOKEN_DASHBOARD_ADMIN (env or properties)
	at support.AuthContext.setBearerFromEnv(AuthContext.java:31)
	at steps.CommonSteps.useBearerTokenFromEnv(CommonSteps.java:261)
	at ✽.I use bearer token from env "API_TOKEN_DASHBOARD_ADMIN"(classpath:features/generated/create_customer_admin.feature:4)
]]>
</failure>
<system-out><![CDATA[
Given the API base url is "${BASE_URL}".....................................passed
And I use bearer token from env "API_TOKEN_DASHBOARD_ADMIN".................failed
And I add header "s-source" with value 'merchant-dashboard'.................skipped
And I add header "s-store-id" with value '783386284'........................skipped
And I add header "accept-language" with value 'ar'..........................skipped
When I POST to "/admin/v2/customers" with json body:........................skipped
Then the response status should be 422......................................skipped
Then the response header "Content-Type" should equal "application/json".....skipped
Then the response json path "$.status" should equal "200"...................skipped
Then the response json path "$.success" should equal "true".................skipped
Then the response json path "$.data.id" should equal "1022096017"...........skipped
]]></system-out>
</testcase>
<testcase classname="POST /admin/v2/customers" name="invalid type for 'email'" time="0.003">
<failure type="java.lang.IllegalStateException" message="Missing token for key: API_TOKEN_DASHBOARD_ADMIN (env or properties)">
<![CDATA[java.lang.IllegalStateException: Missing token for key: API_TOKEN_DASHBOARD_ADMIN (env or properties)
	at support.AuthContext.setBearerFromEnv(AuthContext.java:31)
	at steps.CommonSteps.useBearerTokenFromEnv(CommonSteps.java:261)
	at ✽.I use bearer token from env "API_TOKEN_DASHBOARD_ADMIN"(classpath:features/generated/create_customer_admin.feature:4)
]]>
</failure>
<system-out><![CDATA[
Given the API base url is "${BASE_URL}".....................................passed
And I use bearer token from env "API_TOKEN_DASHBOARD_ADMIN".................failed
And I add header "s-source" with value 'merchant-dashboard'.................skipped
And I add header "s-store-id" with value '783386284'........................skipped
And I add header "accept-language" with value 'ar'..........................skipped
When I POST to "/admin/v2/customers" with json body:........................skipped
Then the response status should be 422......................................skipped
Then the response header "Content-Type" should equal "application/json".....skipped
Then the response json path "$.status" should equal "200"...................skipped
Then the response json path "$.success" should equal "true".................skipped
Then the response json path "$.data.id" should equal "1022096017"...........skipped
]]></system-out>
</testcase>
<testcase classname="POST /admin/v2/customers" name="invalid type for 'birthday'" time="0.003">
<failure type="java.lang.IllegalStateException" message="Missing token for key: API_TOKEN_DASHBOARD_ADMIN (env or properties)">
<![CDATA[java.lang.IllegalStateException: Missing token for key: API_TOKEN_DASHBOARD_ADMIN (env or properties)
	at support.AuthContext.setBearerFromEnv(AuthContext.java:31)
	at steps.CommonSteps.useBearerTokenFromEnv(CommonSteps.java:261)
	at ✽.I use bearer token from env "API_TOKEN_DASHBOARD_ADMIN"(classpath:features/generated/create_customer_admin.feature:4)
]]>
</failure>
<system-out><![CDATA[
Given the API base url is "${BASE_URL}".....................................passed
And I use bearer token from env "API_TOKEN_DASHBOARD_ADMIN".................failed
And I add header "s-source" with value 'merchant-dashboard'.................skipped
And I add header "s-store-id" with value '783386284'........................skipped
And I add header "accept-language" with value 'ar'..........................skipped
When I POST to "/admin/v2/customers" with json body:........................skipped
Then the response status should be 422......................................skipped
Then the response header "Content-Type" should equal "application/json".....skipped
Then the response json path "$.status" should equal "200"...................skipped
Then the response json path "$.success" should equal "true".................skipped
Then the response json path "$.data.id" should equal "1022096017"...........skipped
]]></system-out>
</testcase>
<testcase classname="POST /admin/v2/customers" name="invalid type for 'gender'" time="0.002">
<failure type="java.lang.IllegalStateException" message="Missing token for key: API_TOKEN_DASHBOARD_ADMIN (env or properties)">
<![CDATA[java.lang.IllegalStateException: Missing token for key: API_TOKEN_DASHBOARD_ADMIN (env or properties)
	at support.AuthContext.setBearerFromEnv(AuthContext.java:31)
	at steps.CommonSteps.useBearerTokenFromEnv(CommonSteps.java:261)
	at ✽.I use bearer token from env "API_TOKEN_DASHBOARD_ADMIN"(classpath:features/generated/create_customer_admin.feature:4)
]]>
</failure>
<system-out><![CDATA[
Given the API base url is "${BASE_URL}".....................................passed
And I use bearer token from env "API_TOKEN_DASHBOARD_ADMIN".................failed
And I add header "s-source" with value 'merchant-dashboard'.................skipped
And I add header "s-store-id" with value '783386284'........................skipped
And I add header "accept-language" with value 'ar'..........................skipped
When I POST to "/admin/v2/customers" with json body:........................skipped
Then the response status should be 422......................................skipped
Then the response header "Content-Type" should equal "application/json".....skipped
Then the response json path "$.status" should equal "200"...................skipped
Then the response json path "$.success" should equal "true".................skipped
Then the response json path "$.data.id" should equal "1022096017"...........skipped
]]></system-out>
</testcase>
<testcase classname="POST /admin/v2/customers" name="invalid type for 'mobile_code_country'" time="0.002">
<failure type="java.lang.IllegalStateException" message="Missing token for key: API_TOKEN_DASHBOARD_ADMIN (env or properties)">
<![CDATA[java.lang.IllegalStateException: Missing token for key: API_TOKEN_DASHBOARD_ADMIN (env or properties)
	at support.AuthContext.setBearerFromEnv(AuthContext.java:31)
	at steps.CommonSteps.useBearerTokenFromEnv(CommonSteps.java:261)
	at ✽.I use bearer token from env "API_TOKEN_DASHBOARD_ADMIN"(classpath:features/generated/create_customer_admin.feature:4)
]]>
</failure>
<system-out><![CDATA[
Given the API base url is "${BASE_URL}".....................................passed
And I use bearer token from env "API_TOKEN_DASHBOARD_ADMIN".................failed
And I add header "s-source" with value 'merchant-dashboard'.................skipped
And I add header "s-store-id" with value '783386284'........................skipped
And I add header "accept-language" with value 'ar'..........................skipped
When I POST to "/admin/v2/customers" with json body:........................skipped
Then the response status should be 422......................................skipped
Then the response header "Content-Type" should equal "application/json".....skipped
Then the response json path "$.status" should equal "200"...................skipped
Then the response json path "$.success" should equal "true".................skipped
Then the response json path "$.data.id" should equal "1022096017"...........skipped
]]></system-out>
</testcase>
<testcase classname="POST /admin/v2/customers" name="invalid type for 'mobile'" time="0.004">
<failure type="java.lang.IllegalStateException" message="Missing token for key: API_TOKEN_DASHBOARD_ADMIN (env or properties)">
<![CDATA[java.lang.IllegalStateException: Missing token for key: API_TOKEN_DASHBOARD_ADMIN (env or properties)
	at support.AuthContext.setBearerFromEnv(AuthContext.java:31)
	at steps.CommonSteps.useBearerTokenFromEnv(CommonSteps.java:261)
	at ✽.I use bearer token from env "API_TOKEN_DASHBOARD_ADMIN"(classpath:features/generated/create_customer_admin.feature:4)
]]>
</failure>
<system-out><![CDATA[
Given the API base url is "${BASE_URL}".....................................passed
And I use bearer token from env "API_TOKEN_DASHBOARD_ADMIN".................failed
And I add header "s-source" with value 'merchant-dashboard'.................skipped
And I add header "s-store-id" with value '783386284'........................skipped
And I add header "accept-language" with value 'ar'..........................skipped
When I POST to "/admin/v2/customers" with json body:........................skipped
Then the response status should be 422......................................skipped
Then the response header "Content-Type" should equal "application/json".....skipped
Then the response json path "$.status" should equal "200"...................skipped
Then the response json path "$.success" should equal "true".................skipped
Then the response json path "$.data.id" should equal "1022096017"...........skipped
]]></system-out>
</testcase>
<testcase classname="POST /admin/v2/customers" name="null value for 'first_name'" time="0.003">
<failure type="java.lang.IllegalStateException" message="Missing token for key: API_TOKEN_DASHBOARD_ADMIN (env or properties)">
<![CDATA[java.lang.IllegalStateException: Missing token for key: API_TOKEN_DASHBOARD_ADMIN (env or properties)
	at support.AuthContext.setBearerFromEnv(AuthContext.java:31)
	at steps.CommonSteps.useBearerTokenFromEnv(CommonSteps.java:261)
	at ✽.I use bearer token from env "API_TOKEN_DASHBOARD_ADMIN"(classpath:features/generated/create_customer_admin.feature:4)
]]>
</failure>
<system-out><![CDATA[
Given the API base url is "${BASE_URL}".....................................passed
And I use bearer token from env "API_TOKEN_DASHBOARD_ADMIN".................failed
And I add header "s-source" with value 'merchant-dashboard'.................skipped
And I add header "s-store-id" with value '783386284'........................skipped
And I add header "accept-language" with value 'ar'..........................skipped
When I POST to "/admin/v2/customers" with json body:........................skipped
Then the response status should be 422......................................skipped
Then the response header "Content-Type" should equal "application/json".....skipped
Then the response json path "$.status" should equal "200"...................skipped
Then the response json path "$.success" should equal "true".................skipped
Then the response json path "$.data.id" should equal "1022096017"...........skipped
]]></system-out>
</testcase>
<testcase classname="POST /admin/v2/customers" name="null value for 'last_name'" time="0.002">
<failure type="java.lang.IllegalStateException" message="Missing token for key: API_TOKEN_DASHBOARD_ADMIN (env or properties)">
<![CDATA[java.lang.IllegalStateException: Missing token for key: API_TOKEN_DASHBOARD_ADMIN (env or properties)
	at support.AuthContext.setBearerFromEnv(AuthContext.java:31)
	at steps.CommonSteps.useBearerTokenFromEnv(CommonSteps.java:261)
	at ✽.I use bearer token from env "API_TOKEN_DASHBOARD_ADMIN"(classpath:features/generated/create_customer_admin.feature:4)
]]>
</failure>
<system-out><![CDATA[
Given the API base url is "${BASE_URL}".....................................passed
And I use bearer token from env "API_TOKEN_DASHBOARD_ADMIN".................failed
And I add header "s-source" with value 'merchant-dashboard'.................skipped
And I add header "s-store-id" with value '783386284'........................skipped
And I add header "accept-language" with value 'ar'..........................skipped
When I POST to "/admin/v2/customers" with json body:........................skipped
Then the response status should be 422......................................skipped
Then the response header "Content-Type" should equal "application/json".....skipped
Then the response json path "$.status" should equal "200"...................skipped
Then the response json path "$.success" should equal "true".................skipped
Then the response json path "$.data.id" should equal "1022096017"...........skipped
]]></system-out>
</testcase>
<testcase classname="POST /admin/v2/customers" name="null value for 'email'" time="0.003">
<failure type="java.lang.IllegalStateException" message="Missing token for key: API_TOKEN_DASHBOARD_ADMIN (env or properties)">
<![CDATA[java.lang.IllegalStateException: Missing token for key: API_TOKEN_DASHBOARD_ADMIN (env or properties)
	at support.AuthContext.setBearerFromEnv(AuthContext.java:31)
	at steps.CommonSteps.useBearerTokenFromEnv(CommonSteps.java:261)
	at ✽.I use bearer token from env "API_TOKEN_DASHBOARD_ADMIN"(classpath:features/generated/create_customer_admin.feature:4)
]]>
</failure>
<system-out><![CDATA[
Given the API base url is "${BASE_URL}".....................................passed
And I use bearer token from env "API_TOKEN_DASHBOARD_ADMIN".................failed
And I add header "s-source" with value 'merchant-dashboard'.................skipped
And I add header "s-store-id" with value '783386284'........................skipped
And I add header "accept-language" with value 'ar'..........................skipped
When I POST to "/admin/v2/customers" with json body:........................skipped
Then the response status should be 422......................................skipped
Then the response header "Content-Type" should equal "application/json".....skipped
Then the response json path "$.status" should equal "200"...................skipped
Then the response json path "$.success" should equal "true".................skipped
Then the response json path "$.data.id" should equal "1022096017"...........skipped
]]></system-out>
</testcase>
<testcase classname="POST /admin/v2/customers" name="null value for 'birthday'" time="0.002">
<failure type="java.lang.IllegalStateException" message="Missing token for key: API_TOKEN_DASHBOARD_ADMIN (env or properties)">
<![CDATA[java.lang.IllegalStateException: Missing token for key: API_TOKEN_DASHBOARD_ADMIN (env or properties)
	at support.AuthContext.setBearerFromEnv(AuthContext.java:31)
	at steps.CommonSteps.useBearerTokenFromEnv(CommonSteps.java:261)
	at ✽.I use bearer token from env "API_TOKEN_DASHBOARD_ADMIN"(classpath:features/generated/create_customer_admin.feature:4)
]]>
</failure>
<system-out><![CDATA[
Given the API base url is "${BASE_URL}".....................................passed
And I use bearer token from env "API_TOKEN_DASHBOARD_ADMIN".................failed
And I add header "s-source" with value 'merchant-dashboard'.................skipped
And I add header "s-store-id" with value '783386284'........................skipped
And I add header "accept-language" with value 'ar'..........................skipped
When I POST to "/admin/v2/customers" with json body:........................skipped
Then the response status should be 422......................................skipped
Then the response header "Content-Type" should equal "application/json".....skipped
Then the response json path "$.status" should equal "200"...................skipped
Then the response json path "$.success" should equal "true".................skipped
Then the response json path "$.data.id" should equal "1022096017"...........skipped
]]></system-out>
</testcase>
<testcase classname="POST /admin/v2/customers" name="null value for 'gender'" time="0.004">
<failure type="java.lang.IllegalStateException" message="Missing token for key: API_TOKEN_DASHBOARD_ADMIN (env or properties)">
<![CDATA[java.lang.IllegalStateException: Missing token for key: API_TOKEN_DASHBOARD_ADMIN (env or properties)
	at support.AuthContext.setBearerFromEnv(AuthContext.java:31)
	at steps.CommonSteps.useBearerTokenFromEnv(CommonSteps.java:261)
	at ✽.I use bearer token from env "API_TOKEN_DASHBOARD_ADMIN"(classpath:features/generated/create_customer_admin.feature:4)
]]>
</failure>
<system-out><![CDATA[
Given the API base url is "${BASE_URL}".....................................passed
And I use bearer token from env "API_TOKEN_DASHBOARD_ADMIN".................failed
And I add header "s-source" with value 'merchant-dashboard'.................skipped
And I add header "s-store-id" with value '783386284'........................skipped
And I add header "accept-language" with value 'ar'..........................skipped
When I POST to "/admin/v2/customers" with json body:........................skipped
Then the response status should be 422......................................skipped
Then the response header "Content-Type" should equal "application/json".....skipped
Then the response json path "$.status" should equal "200"...................skipped
Then the response json path "$.success" should equal "true".................skipped
Then the response json path "$.data.id" should equal "1022096017"...........skipped
]]></system-out>
</testcase>
<testcase classname="POST /admin/v2/customers" name="null value for 'mobile_code_country'" time="0.003">
<failure type="java.lang.IllegalStateException" message="Missing token for key: API_TOKEN_DASHBOARD_ADMIN (env or properties)">
<![CDATA[java.lang.IllegalStateException: Missing token for key: API_TOKEN_DASHBOARD_ADMIN (env or properties)
	at support.AuthContext.setBearerFromEnv(AuthContext.java:31)
	at steps.CommonSteps.useBearerTokenFromEnv(CommonSteps.java:261)
	at ✽.I use bearer token from env "API_TOKEN_DASHBOARD_ADMIN"(classpath:features/generated/create_customer_admin.feature:4)
]]>
</failure>
<system-out><![CDATA[
Given the API base url is "${BASE_URL}".....................................passed
And I use bearer token from env "API_TOKEN_DASHBOARD_ADMIN".................failed
And I add header "s-source" with value 'merchant-dashboard'.................skipped
And I add header "s-store-id" with value '783386284'........................skipped
And I add header "accept-language" with value 'ar'..........................skipped
When I POST to "/admin/v2/customers" with json body:........................skipped
Then the response status should be 422......................................skipped
Then the response header "Content-Type" should equal "application/json".....skipped
Then the response json path "$.status" should equal "200"...................skipped
Then the response json path "$.success" should equal "true".................skipped
Then the response json path "$.data.id" should equal "1022096017"...........skipped
]]></system-out>
</testcase>
<testcase classname="POST /admin/v2/customers" name="null value for 'mobile'" time="0.002">
<failure type="java.lang.IllegalStateException" message="Missing token for key: API_TOKEN_DASHBOARD_ADMIN (env or properties)">
<![CDATA[java.lang.IllegalStateException: Missing token for key: API_TOKEN_DASHBOARD_ADMIN (env or properties)
	at support.AuthContext.setBearerFromEnv(AuthContext.java:31)
	at steps.CommonSteps.useBearerTokenFromEnv(CommonSteps.java:261)
	at ✽.I use bearer token from env "API_TOKEN_DASHBOARD_ADMIN"(classpath:features/generated/create_customer_admin.feature:4)
]]>
</failure>
<system-out><![CDATA[
Given the API base url is "${BASE_URL}".....................................passed
And I use bearer token from env "API_TOKEN_DASHBOARD_ADMIN".................failed
And I add header "s-source" with value 'merchant-dashboard'.................skipped
And I add header "s-store-id" with value '783386284'........................skipped
And I add header "accept-language" with value 'ar'..........................skipped
When I POST to "/admin/v2/customers" with json body:........................skipped
Then the response status should be 422......................................skipped
Then the response header "Content-Type" should equal "application/json".....skipped
Then the response json path "$.status" should equal "200"...................skipped
Then the response json path "$.success" should equal "true".................skipped
Then the response json path "$.data.id" should equal "1022096017"...........skipped
]]></system-out>
</testcase>
<testcase classname="POST /admin/v2/customers" name="invalid length for 'first_name' (too short)" time="0.002">
<failure type="java.lang.IllegalStateException" message="Missing token for key: API_TOKEN_DASHBOARD_ADMIN (env or properties)">
<![CDATA[java.lang.IllegalStateException: Missing token for key: API_TOKEN_DASHBOARD_ADMIN (env or properties)
	at support.AuthContext.setBearerFromEnv(AuthContext.java:31)
	at steps.CommonSteps.useBearerTokenFromEnv(CommonSteps.java:261)
	at ✽.I use bearer token from env "API_TOKEN_DASHBOARD_ADMIN"(classpath:features/generated/create_customer_admin.feature:4)
]]>
</failure>
<system-out><![CDATA[
Given the API base url is "${BASE_URL}".....................................passed
And I use bearer token from env "API_TOKEN_DASHBOARD_ADMIN".................failed
And I add header "s-source" with value 'merchant-dashboard'.................skipped
And I add header "s-store-id" with value '783386284'........................skipped
And I add header "accept-language" with value 'ar'..........................skipped
When I POST to "/admin/v2/customers" with json body:........................skipped
Then the response status should be 422......................................skipped
Then the response header "Content-Type" should equal "application/json".....skipped
Then the response json path "$.status" should equal "200"...................skipped
Then the response json path "$.success" should equal "true".................skipped
Then the response json path "$.data.id" should equal "1022096017"...........skipped
Then the response json path "$.status" should equal "401"...................skipped
Then the response json path "$.success" should equal "false"................skipped
Then the response json path "$.error.code" should equal "Invalid-token".....skipped
Then the response json path "$.error.message" should equal "please provide a valid API Key".skipped
]]></system-out>
</testcase>
<testcase classname="POST /admin/v2/customers" name="invalid length for 'first_name' (too long)" time="0.002">
<failure type="java.lang.IllegalStateException" message="Missing token for key: API_TOKEN_DASHBOARD_ADMIN (env or properties)">
<![CDATA[java.lang.IllegalStateException: Missing token for key: API_TOKEN_DASHBOARD_ADMIN (env or properties)
	at support.AuthContext.setBearerFromEnv(AuthContext.java:31)
	at steps.CommonSteps.useBearerTokenFromEnv(CommonSteps.java:261)
	at ✽.I use bearer token from env "API_TOKEN_DASHBOARD_ADMIN"(classpath:features/generated/create_customer_admin.feature:4)
]]>
</failure>
<system-out><![CDATA[
Given the API base url is "${BASE_URL}".....................................passed
And I use bearer token from env "API_TOKEN_DASHBOARD_ADMIN".................failed
And I add header "s-source" with value 'merchant-dashboard'.................skipped
And I add header "s-store-id" with value '783386284'........................skipped
And I add header "accept-language" with value 'ar'..........................skipped
When I POST to "/admin/v2/customers" with json body:........................skipped
Then the response status should be 422......................................skipped
Then the response header "Content-Type" should equal "application/json".....skipped
Then the response json path "$.status" should equal "200"...................skipped
Then the response json path "$.success" should equal "true".................skipped
Then the response json path "$.data.id" should equal "1022096017"...........skipped
Then the response json path "$.status" should equal "401"...................skipped
Then the response json path "$.success" should equal "false"................skipped
Then the response json path "$.error.code" should equal "Invalid-token".....skipped
Then the response json path "$.error.message" should equal "please provide a valid API Key".skipped
]]></system-out>
</testcase>
<testcase classname="POST /admin/v2/customers" name="Positive cases from dataset - Example #1.1" time="0.003">
<failure type="java.lang.IllegalStateException" message="Missing token for key: API_TOKEN_DASHBOARD_ADMIN (env or properties)">
<![CDATA[java.lang.IllegalStateException: Missing token for key: API_TOKEN_DASHBOARD_ADMIN (env or properties)
	at support.AuthContext.setBearerFromEnv(AuthContext.java:31)
	at steps.CommonSteps.useBearerTokenFromEnv(CommonSteps.java:261)
	at ✽.I use bearer token from env "API_TOKEN_DASHBOARD_ADMIN"(classpath:features/generated/customer_from_dataset.feature:4)
]]>
</failure>
<system-out><![CDATA[
Given the API base url is "${BASE_URL}".....................................passed
And I use bearer token from env "API_TOKEN_DASHBOARD_ADMIN".................failed
And I add header "accept" with value 'application/json'.....................skipped
And I add header "accept-language" with value 'ar'..........................skipped
And I add header "content-type" with value 'application/json'...............skipped
And I add header "pragma" with value 'no-cache'.............................skipped
And I add header "s-source" with value 'automation'.........................skipped
When I POST to "/admin/v2/customers" with json body from csv "datasets/customer_data.csv" row 1.skipped
Then the response status should be from csv column "__expected_status" row 1.skipped
Then the response header "Content-Type" should equal "application/json".....skipped
]]></system-out>
</testcase>
<testcase classname="POST /admin/v2/customers" name="Positive cases from dataset - Example #1.2" time="0.001">
<failure type="java.lang.IllegalStateException" message="Missing token for key: API_TOKEN_DASHBOARD_ADMIN (env or properties)">
<![CDATA[java.lang.IllegalStateException: Missing token for key: API_TOKEN_DASHBOARD_ADMIN (env or properties)
	at support.AuthContext.setBearerFromEnv(AuthContext.java:31)
	at steps.CommonSteps.useBearerTokenFromEnv(CommonSteps.java:261)
	at ✽.I use bearer token from env "API_TOKEN_DASHBOARD_ADMIN"(classpath:features/generated/customer_from_dataset.feature:4)
]]>
</failure>
<system-out><![CDATA[
Given the API base url is "${BASE_URL}".....................................passed
And I use bearer token from env "API_TOKEN_DASHBOARD_ADMIN".................failed
And I add header "accept" with value 'application/json'.....................skipped
And I add header "accept-language" with value 'ar'..........................skipped
And I add header "content-type" with value 'application/json'...............skipped
And I add header "pragma" with value 'no-cache'.............................skipped
And I add header "s-source" with value 'automation'.........................skipped
When I POST to "/admin/v2/customers" with json body from csv "datasets/customer_data.csv" row 2.skipped
Then the response status should be from csv column "__expected_status" row 2.skipped
Then the response header "Content-Type" should equal "application/json".....skipped
]]></system-out>
</testcase>
<testcase classname="POST /admin/v2/customers" name="Positive cases from dataset - Example #1.3" time="0.002">
<failure type="java.lang.IllegalStateException" message="Missing token for key: API_TOKEN_DASHBOARD_ADMIN (env or properties)">
<![CDATA[java.lang.IllegalStateException: Missing token for key: API_TOKEN_DASHBOARD_ADMIN (env or properties)
	at support.AuthContext.setBearerFromEnv(AuthContext.java:31)
	at steps.CommonSteps.useBearerTokenFromEnv(CommonSteps.java:261)
	at ✽.I use bearer token from env "API_TOKEN_DASHBOARD_ADMIN"(classpath:features/generated/customer_from_dataset.feature:4)
]]>
</failure>
<system-out><![CDATA[
Given the API base url is "${BASE_URL}".....................................passed
And I use bearer token from env "API_TOKEN_DASHBOARD_ADMIN".................failed
And I add header "accept" with value 'application/json'.....................skipped
And I add header "accept-language" with value 'ar'..........................skipped
And I add header "content-type" with value 'application/json'...............skipped
And I add header "pragma" with value 'no-cache'.............................skipped
And I add header "s-source" with value 'automation'.........................skipped
When I POST to "/admin/v2/customers" with json body from csv "datasets/customer_data.csv" row 3.skipped
Then the response status should be from csv column "__expected_status" row 3.skipped
Then the response header "Content-Type" should equal "application/json".....skipped
]]></system-out>
</testcase>
<testcase classname="POST /admin/v2/customers" name="Positive cases from dataset - Example #1.4" time="0.002">
<failure type="java.lang.IllegalStateException" message="Missing token for key: API_TOKEN_DASHBOARD_ADMIN (env or properties)">
<![CDATA[java.lang.IllegalStateException: Missing token for key: API_TOKEN_DASHBOARD_ADMIN (env or properties)
	at support.AuthContext.setBearerFromEnv(AuthContext.java:31)
	at steps.CommonSteps.useBearerTokenFromEnv(CommonSteps.java:261)
	at ✽.I use bearer token from env "API_TOKEN_DASHBOARD_ADMIN"(classpath:features/generated/customer_from_dataset.feature:4)
]]>
</failure>
<system-out><![CDATA[
Given the API base url is "${BASE_URL}".....................................passed
And I use bearer token from env "API_TOKEN_DASHBOARD_ADMIN".................failed
And I add header "accept" with value 'application/json'.....................skipped
And I add header "accept-language" with value 'ar'..........................skipped
And I add header "content-type" with value 'application/json'...............skipped
And I add header "pragma" with value 'no-cache'.............................skipped
And I add header "s-source" with value 'automation'.........................skipped
When I POST to "/admin/v2/customers" with json body from csv "datasets/customer_data.csv" row 4.skipped
Then the response status should be from csv column "__expected_status" row 4.skipped
Then the response header "Content-Type" should equal "application/json".....skipped
]]></system-out>
</testcase>
<testcase classname="POST /admin/v2/customers" name="Positive cases from dataset - Example #1.5" time="0.003">
<failure type="java.lang.IllegalStateException" message="Missing token for key: API_TOKEN_DASHBOARD_ADMIN (env or properties)">
<![CDATA[java.lang.IllegalStateException: Missing token for key: API_TOKEN_DASHBOARD_ADMIN (env or properties)
	at support.AuthContext.setBearerFromEnv(AuthContext.java:31)
	at steps.CommonSteps.useBearerTokenFromEnv(CommonSteps.java:261)
	at ✽.I use bearer token from env "API_TOKEN_DASHBOARD_ADMIN"(classpath:features/generated/customer_from_dataset.feature:4)
]]>
</failure>
<system-out><![CDATA[
Given the API base url is "${BASE_URL}".....................................passed
And I use bearer token from env "API_TOKEN_DASHBOARD_ADMIN".................failed
And I add header "accept" with value 'application/json'.....................skipped
And I add header "accept-language" with value 'ar'..........................skipped
And I add header "content-type" with value 'application/json'...............skipped
And I add header "pragma" with value 'no-cache'.............................skipped
And I add header "s-source" with value 'automation'.........................skipped
When I POST to "/admin/v2/customers" with json body from csv "datasets/customer_data.csv" row 5.skipped
Then the response status should be from csv column "__expected_status" row 5.skipped
Then the response header "Content-Type" should equal "application/json".....skipped
]]></system-out>
</testcase>
<testcase classname="POST /admin/v2/customers" name="Negative cases from dataset - Example #1.1" time="0.002">
<failure type="java.lang.IllegalStateException" message="Missing token for key: API_TOKEN_DASHBOARD_ADMIN (env or properties)">
<![CDATA[java.lang.IllegalStateException: Missing token for key: API_TOKEN_DASHBOARD_ADMIN (env or properties)
	at support.AuthContext.setBearerFromEnv(AuthContext.java:31)
	at steps.CommonSteps.useBearerTokenFromEnv(CommonSteps.java:261)
	at ✽.I use bearer token from env "API_TOKEN_DASHBOARD_ADMIN"(classpath:features/generated/customer_from_dataset.feature:4)
]]>
</failure>
<system-out><![CDATA[
Given the API base url is "${BASE_URL}".....................................passed
And I use bearer token from env "API_TOKEN_DASHBOARD_ADMIN".................failed
And I add header "accept" with value 'application/json'.....................skipped
And I add header "accept-language" with value 'ar'..........................skipped
And I add header "content-type" with value 'application/json'...............skipped
And I add header "pragma" with value 'no-cache'.............................skipped
And I add header "s-source" with value 'automation'.........................skipped
When I POST to "/admin/v2/customers" with json body from csv "datasets/customer_data.csv" row 6.skipped
Then the response status should be from csv column "__expected_status" row 6.skipped
Then the response header "Content-Type" should equal "application/json".....skipped
]]></system-out>
</testcase>
<testcase classname="POST /admin/v2/customers" name="Negative cases from dataset - Example #1.2" time="0.002">
<failure type="java.lang.IllegalStateException" message="Missing token for key: API_TOKEN_DASHBOARD_ADMIN (env or properties)">
<![CDATA[java.lang.IllegalStateException: Missing token for key: API_TOKEN_DASHBOARD_ADMIN (env or properties)
	at support.AuthContext.setBearerFromEnv(AuthContext.java:31)
	at steps.CommonSteps.useBearerTokenFromEnv(CommonSteps.java:261)
	at ✽.I use bearer token from env "API_TOKEN_DASHBOARD_ADMIN"(classpath:features/generated/customer_from_dataset.feature:4)
]]>
</failure>
<system-out><![CDATA[
Given the API base url is "${BASE_URL}".....................................passed
And I use bearer token from env "API_TOKEN_DASHBOARD_ADMIN".................failed
And I add header "accept" with value 'application/json'.....................skipped
And I add header "accept-language" with value 'ar'..........................skipped
And I add header "content-type" with value 'application/json'...............skipped
And I add header "pragma" with value 'no-cache'.............................skipped
And I add header "s-source" with value 'automation'.........................skipped
When I POST to "/admin/v2/customers" with json body from csv "datasets/customer_data.csv" row 7.skipped
Then the response status should be from csv column "__expected_status" row 7.skipped
Then the response header "Content-Type" should equal "application/json".....skipped
]]></system-out>
</testcase>
<testcase classname="POST /admin/v2/customers" name="Negative cases from dataset - Example #1.3" time="0.004">
<failure type="java.lang.IllegalStateException" message="Missing token for key: API_TOKEN_DASHBOARD_ADMIN (env or properties)">
<![CDATA[java.lang.IllegalStateException: Missing token for key: API_TOKEN_DASHBOARD_ADMIN (env or properties)
	at support.AuthContext.setBearerFromEnv(AuthContext.java:31)
	at steps.CommonSteps.useBearerTokenFromEnv(CommonSteps.java:261)
	at ✽.I use bearer token from env "API_TOKEN_DASHBOARD_ADMIN"(classpath:features/generated/customer_from_dataset.feature:4)
]]>
</failure>
<system-out><![CDATA[
Given the API base url is "${BASE_URL}".....................................passed
And I use bearer token from env "API_TOKEN_DASHBOARD_ADMIN".................failed
And I add header "accept" with value 'application/json'.....................skipped
And I add header "accept-language" with value 'ar'..........................skipped
And I add header "content-type" with value 'application/json'...............skipped
And I add header "pragma" with value 'no-cache'.............................skipped
And I add header "s-source" with value 'automation'.........................skipped
When I POST to "/admin/v2/customers" with json body from csv "datasets/customer_data.csv" row 8.skipped
Then the response status should be from csv column "__expected_status" row 8.skipped
Then the response header "Content-Type" should equal "application/json".....skipped
]]></system-out>
</testcase>
<testcase classname="POST /admin/v2/customers" name="Negative cases from dataset - Example #1.4" time="0.002">
<failure type="java.lang.IllegalStateException" message="Missing token for key: API_TOKEN_DASHBOARD_ADMIN (env or properties)">
<![CDATA[java.lang.IllegalStateException: Missing token for key: API_TOKEN_DASHBOARD_ADMIN (env or properties)
	at support.AuthContext.setBearerFromEnv(AuthContext.java:31)
	at steps.CommonSteps.useBearerTokenFromEnv(CommonSteps.java:261)
	at ✽.I use bearer token from env "API_TOKEN_DASHBOARD_ADMIN"(classpath:features/generated/customer_from_dataset.feature:4)
]]>
</failure>
<system-out><![CDATA[
Given the API base url is "${BASE_URL}".....................................passed
And I use bearer token from env "API_TOKEN_DASHBOARD_ADMIN".................failed
And I add header "accept" with value 'application/json'.....................skipped
And I add header "accept-language" with value 'ar'..........................skipped
And I add header "content-type" with value 'application/json'...............skipped
And I add header "pragma" with value 'no-cache'.............................skipped
And I add header "s-source" with value 'automation'.........................skipped
When I POST to "/admin/v2/customers" with json body from csv "datasets/customer_data.csv" row 9.skipped
Then the response status should be from csv column "__expected_status" row 9.skipped
Then the response header "Content-Type" should equal "application/json".....skipped
]]></system-out>
</testcase>
<testcase classname="POST /admin/v2/customers" name="Negative cases from dataset - Example #1.5" time="0.002">
<failure type="java.lang.IllegalStateException" message="Missing token for key: API_TOKEN_DASHBOARD_ADMIN (env or properties)">
<![CDATA[java.lang.IllegalStateException: Missing token for key: API_TOKEN_DASHBOARD_ADMIN (env or properties)
	at support.AuthContext.setBearerFromEnv(AuthContext.java:31)
	at steps.CommonSteps.useBearerTokenFromEnv(CommonSteps.java:261)
	at ✽.I use bearer token from env "API_TOKEN_DASHBOARD_ADMIN"(classpath:features/generated/customer_from_dataset.feature:4)
]]>
</failure>
<system-out><![CDATA[
Given the API base url is "${BASE_URL}".....................................passed
And I use bearer token from env "API_TOKEN_DASHBOARD_ADMIN".................failed
And I add header "accept" with value 'application/json'.....................skipped
And I add header "accept-language" with value 'ar'..........................skipped
And I add header "content-type" with value 'application/json'...............skipped
And I add header "pragma" with value 'no-cache'.............................skipped
And I add header "s-source" with value 'automation'.........................skipped
When I POST to "/admin/v2/customers" with json body from csv "datasets/customer_data.csv" row 10.skipped
Then the response status should be from csv column "__expected_status" row 10.skipped
Then the response header "Content-Type" should equal "application/json".....skipped
]]></system-out>
</testcase>
<testcase classname="POST /admin/v2/customers" name="Negative cases from dataset - Example #1.6" time="0.002">
<failure type="java.lang.IllegalStateException" message="Missing token for key: API_TOKEN_DASHBOARD_ADMIN (env or properties)">
<![CDATA[java.lang.IllegalStateException: Missing token for key: API_TOKEN_DASHBOARD_ADMIN (env or properties)
	at support.AuthContext.setBearerFromEnv(AuthContext.java:31)
	at steps.CommonSteps.useBearerTokenFromEnv(CommonSteps.java:261)
	at ✽.I use bearer token from env "API_TOKEN_DASHBOARD_ADMIN"(classpath:features/generated/customer_from_dataset.feature:4)
]]>
</failure>
<system-out><![CDATA[
Given the API base url is "${BASE_URL}".....................................passed
And I use bearer token from env "API_TOKEN_DASHBOARD_ADMIN".................failed
And I add header "accept" with value 'application/json'.....................skipped
And I add header "accept-language" with value 'ar'..........................skipped
And I add header "content-type" with value 'application/json'...............skipped
And I add header "pragma" with value 'no-cache'.............................skipped
And I add header "s-source" with value 'automation'.........................skipped
When I POST to "/admin/v2/customers" with json body from csv "datasets/customer_data.csv" row 11.skipped
Then the response status should be from csv column "__expected_status" row 11.skipped
Then the response header "Content-Type" should equal "application/json".....skipped
]]></system-out>
</testcase>
<testcase classname="POST /admin/v2/customers" name="Negative cases from dataset - Example #1.7" time="0.002">
<failure type="java.lang.IllegalStateException" message="Missing token for key: API_TOKEN_DASHBOARD_ADMIN (env or properties)">
<![CDATA[java.lang.IllegalStateException: Missing token for key: API_TOKEN_DASHBOARD_ADMIN (env or properties)
	at support.AuthContext.setBearerFromEnv(AuthContext.java:31)
	at steps.CommonSteps.useBearerTokenFromEnv(CommonSteps.java:261)
	at ✽.I use bearer token from env "API_TOKEN_DASHBOARD_ADMIN"(classpath:features/generated/customer_from_dataset.feature:4)
]]>
</failure>
<system-out><![CDATA[
Given the API base url is "${BASE_URL}".....................................passed
And I use bearer token from env "API_TOKEN_DASHBOARD_ADMIN".................failed
And I add header "accept" with value 'application/json'.....................skipped
And I add header "accept-language" with value 'ar'..........................skipped
And I add header "content-type" with value 'application/json'...............skipped
And I add header "pragma" with value 'no-cache'.............................skipped
And I add header "s-source" with value 'automation'.........................skipped
When I POST to "/admin/v2/customers" with json body from csv "datasets/customer_data.csv" row 12.skipped
Then the response status should be from csv column "__expected_status" row 12.skipped
Then the response header "Content-Type" should equal "application/json".....skipped
]]></system-out>
</testcase>
<testcase classname="POST /admin/v2/customers" name="Negative cases from dataset - Example #1.8" time="0.002">
<failure type="java.lang.IllegalStateException" message="Missing token for key: API_TOKEN_DASHBOARD_ADMIN (env or properties)">
<![CDATA[java.lang.IllegalStateException: Missing token for key: API_TOKEN_DASHBOARD_ADMIN (env or properties)
	at support.AuthContext.setBearerFromEnv(AuthContext.java:31)
	at steps.CommonSteps.useBearerTokenFromEnv(CommonSteps.java:261)
	at ✽.I use bearer token from env "API_TOKEN_DASHBOARD_ADMIN"(classpath:features/generated/customer_from_dataset.feature:4)
]]>
</failure>
<system-out><![CDATA[
Given the API base url is "${BASE_URL}".....................................passed
And I use bearer token from env "API_TOKEN_DASHBOARD_ADMIN".................failed
And I add header "accept" with value 'application/json'.....................skipped
And I add header "accept-language" with value 'ar'..........................skipped
And I add header "content-type" with value 'application/json'...............skipped
And I add header "pragma" with value 'no-cache'.............................skipped
And I add header "s-source" with value 'automation'.........................skipped
When I POST to "/admin/v2/customers" with json body from csv "datasets/customer_data.csv" row 13.skipped
Then the response status should be from csv column "__expected_status" row 13.skipped
Then the response header "Content-Type" should equal "application/json".....skipped
]]></system-out>
</testcase>
<testcase classname="POST /admin/v2/customers" name="Negative cases from dataset - Example #1.9" time="0.002">
<failure type="java.lang.IllegalStateException" message="Missing token for key: API_TOKEN_DASHBOARD_ADMIN (env or properties)">
<![CDATA[java.lang.IllegalStateException: Missing token for key: API_TOKEN_DASHBOARD_ADMIN (env or properties)
	at support.AuthContext.setBearerFromEnv(AuthContext.java:31)
	at steps.CommonSteps.useBearerTokenFromEnv(CommonSteps.java:261)
	at ✽.I use bearer token from env "API_TOKEN_DASHBOARD_ADMIN"(classpath:features/generated/customer_from_dataset.feature:4)
]]>
</failure>
<system-out><![CDATA[
Given the API base url is "${BASE_URL}".....................................passed
And I use bearer token from env "API_TOKEN_DASHBOARD_ADMIN".................failed
And I add header "accept" with value 'application/json'.....................skipped
And I add header "accept-language" with value 'ar'..........................skipped
And I add header "content-type" with value 'application/json'...............skipped
And I add header "pragma" with value 'no-cache'.............................skipped
And I add header "s-source" with value 'automation'.........................skipped
When I POST to "/admin/v2/customers" with json body from csv "datasets/customer_data.csv" row 14.skipped
Then the response status should be from csv column "__expected_status" row 14.skipped
Then the response header "Content-Type" should equal "application/json".....skipped
]]></system-out>
</testcase>
<testcase classname="POST /admin/v2/customers" name="Negative cases from dataset - Example #1.10" time="0.002">
<failure type="java.lang.IllegalStateException" message="Missing token for key: API_TOKEN_DASHBOARD_ADMIN (env or properties)">
<![CDATA[java.lang.IllegalStateException: Missing token for key: API_TOKEN_DASHBOARD_ADMIN (env or properties)
	at support.AuthContext.setBearerFromEnv(AuthContext.java:31)
	at steps.CommonSteps.useBearerTokenFromEnv(CommonSteps.java:261)
	at ✽.I use bearer token from env "API_TOKEN_DASHBOARD_ADMIN"(classpath:features/generated/customer_from_dataset.feature:4)
]]>
</failure>
<system-out><![CDATA[
Given the API base url is "${BASE_URL}".....................................passed
And I use bearer token from env "API_TOKEN_DASHBOARD_ADMIN".................failed
And I add header "accept" with value 'application/json'.....................skipped
And I add header "accept-language" with value 'ar'..........................skipped
And I add header "content-type" with value 'application/json'...............skipped
And I add header "pragma" with value 'no-cache'.............................skipped
And I add header "s-source" with value 'automation'.........................skipped
When I POST to "/admin/v2/customers" with json body from csv "datasets/customer_data.csv" row 15.skipped
Then the response status should be from csv column "__expected_status" row 15.skipped
Then the response header "Content-Type" should equal "application/json".....skipped
]]></system-out>
</testcase>
<testcase classname="POST /admin/v2/customers" name="Auth cases from dataset - Example #1.1" time="0.005">
<failure type="java.lang.IllegalStateException" message="Missing token for key: API_TOKEN_DASHBOARD_ADMIN (env or properties)">
<![CDATA[java.lang.IllegalStateException: Missing token for key: API_TOKEN_DASHBOARD_ADMIN (env or properties)
	at support.AuthContext.setBearerFromEnv(AuthContext.java:31)
	at steps.CommonSteps.useBearerTokenFromEnv(CommonSteps.java:261)
	at ✽.I use bearer token from env "API_TOKEN_DASHBOARD_ADMIN"(classpath:features/generated/customer_from_dataset.feature:4)
]]>
</failure>
<system-out><![CDATA[
Given the API base url is "${BASE_URL}".....................................passed
And I use bearer token from env "API_TOKEN_DASHBOARD_ADMIN".................failed
And I add header "accept" with value 'application/json'.....................skipped
And I add header "accept-language" with value 'ar'..........................skipped
And I add header "content-type" with value 'application/json'...............skipped
And I add header "pragma" with value 'no-cache'.............................skipped
And I add header "s-source" with value 'automation'.........................skipped
When I POST to "/admin/v2/customers" with json body from csv "datasets/customer_data.csv" row 16.skipped
Then the response status should be from csv column "__expected_status" row 16.skipped
Then the response header "Content-Type" should equal "application/json".....skipped
]]></system-out>
</testcase>
<testcase classname="POST /admin/v2/customers" name="Auth cases from dataset - Example #1.2" time="0.001">
<failure type="java.lang.IllegalStateException" message="Missing token for key: API_TOKEN_DASHBOARD_ADMIN (env or properties)">
<![CDATA[java.lang.IllegalStateException: Missing token for key: API_TOKEN_DASHBOARD_ADMIN (env or properties)
	at support.AuthContext.setBearerFromEnv(AuthContext.java:31)
	at steps.CommonSteps.useBearerTokenFromEnv(CommonSteps.java:261)
	at ✽.I use bearer token from env "API_TOKEN_DASHBOARD_ADMIN"(classpath:features/generated/customer_from_dataset.feature:4)
]]>
</failure>
<system-out><![CDATA[
Given the API base url is "${BASE_URL}".....................................passed
And I use bearer token from env "API_TOKEN_DASHBOARD_ADMIN".................failed
And I add header "accept" with value 'application/json'.....................skipped
And I add header "accept-language" with value 'ar'..........................skipped
And I add header "content-type" with value 'application/json'...............skipped
And I add header "pragma" with value 'no-cache'.............................skipped
And I add header "s-source" with value 'automation'.........................skipped
When I POST to "/admin/v2/customers" with json body from csv "datasets/customer_data.csv" row 17.skipped
Then the response status should be from csv column "__expected_status" row 17.skipped
Then the response header "Content-Type" should equal "application/json".....skipped
]]></system-out>
</testcase>
<testcase classname="POST /admin/v2/customers" name="Positive cases from dataset - Example #1.1" time="0.638">
<system-out><![CDATA[
Given the API base url is "${BASE_URL}".....................................passed
[...]
Then the response status should be 400......................................failed
Then the response header "Content-Type" should equal "application/json".....skipped
]]></system-out>
</testcase>
<testcase classname="POST /admin/v2/customers" name="invalid type for 'first_name'" time="0.653">
<failure type="java.lang.AssertionError" message="status code
Expected: &lt;400&gt;
     but: was &lt;200&gt;">
<![CDATA[java.lang.AssertionError: status code
Expected: <400>
     but: was <200>
	at org.hamcrest.MatcherAssert.assertThat(MatcherAssert.java:20)
	at steps.CommonSteps.theResponseStatusShouldBe(CommonSteps.java:384)
	at ✽.the response status should be 400(classpath:features/generated/test.feature:176)
]]>
</failure>
<system-out><![CDATA[
Given the API base url is "${BASE_URL}".....................................passed
And I use bearer token from env "general_manager_token".....................passed
And I add header "accept" with value 'application/json'.....................passed
And I add header "accept-language" with value 'ar'..........................passed
And I add header "content-type" with value 'application/json'...............passed
And I add header "pragma" with value 'no-cache'.............................passed
And I add header "s-source" with value 'automation'.........................passed
When I POST to "/admin/v2/customers" with json body:........................passed
Then the response status should be 400......................................failed
Then the response header "Content-Type" should equal "application/json".....skipped
]]></system-out>
</testcase>
<testcase classname="POST /admin/v2/customers" name="invalid type for 'last_name'" time="0.676">
<failure type="java.lang.AssertionError" message="status code
Expected: &lt;400&gt;
     but: was &lt;200&gt;">
<![CDATA[java.lang.AssertionError: status code
Expected: <400>
     but: was <200>
	at org.hamcrest.MatcherAssert.assertThat(MatcherAssert.java:20)
	at steps.CommonSteps.theResponseStatusShouldBe(CommonSteps.java:384)
	at ✽.the response status should be 400(classpath:features/generated/test.feature:193)
]]>
</failure>
<system-out><![CDATA[
Given the API base url is "${BASE_URL}".....................................passed
And I use bearer token from env "general_manager_token".....................passed
And I add header "accept" with value 'application/json'.....................passed
And I add header "accept-language" with value 'ar'..........................passed
And I add header "content-type" with value 'application/json'...............passed
And I add header "pragma" with value 'no-cache'.............................passed
And I add header "s-source" with value 'automation'.........................passed
When I POST to "/admin/v2/customers" with json body:........................passed
Then the response status should be 400......................................failed
Then the response header "Content-Type" should equal "application/json".....skipped
]]></system-out>
</testcase>
<testcase classname="POST /admin/v2/customers" name="invalid type for 'email'" time="0.333">
<failure type="java.lang.AssertionError" message="status code
Expected: &lt;400&gt;
     but: was &lt;422&gt;">
<![CDATA[java.lang.AssertionError: status code
Expected: <400>
     but: was <422>
	at org.hamcrest.MatcherAssert.assertThat(MatcherAssert.java:20)
	at steps.CommonSteps.theResponseStatusShouldBe(CommonSteps.java:384)
	at ✽.the response status should be 400(classpath:features/generated/test.feature:210)
]]>
</failure>
<system-out><![CDATA[
Given the API base url is "${BASE_URL}".....................................passed
And I use bearer token from env "general_manager_token".....................passed
And I add header "accept" with value 'application/json'.....................passed
And I add header "accept-language" with value 'ar'..........................passed
And I add header "content-type" with value 'application/json'...............passed
And I add header "pragma" with value 'no-cache'.............................passed
And I add header "s-source" with value 'automation'.........................passed
When I POST to "/admin/v2/customers" with json body:........................passed
Then the response status should be 400......................................failed
Then the response header "Content-Type" should equal "application/json".....skipped
]]></system-out>
</testcase>
<testcase classname="POST /admin/v2/customers" name="invalid type for 'birthday'" time="0.4">
<failure type="java.lang.AssertionError" message="status code
Expected: &lt;400&gt;
     but: was &lt;422&gt;">
<![CDATA[java.lang.AssertionError: status code
Expected: <400>
     but: was <422>
	at org.hamcrest.MatcherAssert.assertThat(MatcherAssert.java:20)
	at steps.CommonSteps.theResponseStatusShouldBe(CommonSteps.java:384)
	at ✽.the response status should be 400(classpath:features/generated/test.feature:227)
]]>
</failure>
<system-out><![CDATA[
Given the API base url is "${BASE_URL}".....................................passed
And I use bearer token from env "general_manager_token".....................passed
And I add header "accept" with value 'application/json'.....................passed
And I add header "accept-language" with value 'ar'..........................passed
And I add header "content-type" with value 'application/json'...............passed
And I add header "pragma" with value 'no-cache'.............................passed
And I add header "s-source" with value 'automation'.........................passed
When I POST to "/admin/v2/customers" with json body:........................passed
Then the response status should be 400......................................failed
Then the response header "Content-Type" should equal "application/json".....skipped
]]></system-out>
</testcase>
<testcase classname="POST /admin/v2/customers" name="invalid type for 'gender'" time="0.418">
<failure type="java.lang.AssertionError" message="status code
Expected: &lt;400&gt;
     but: was &lt;422&gt;">
<![CDATA[java.lang.AssertionError: status code
Expected: <400>
     but: was <422>
	at org.hamcrest.MatcherAssert.assertThat(MatcherAssert.java:20)
	at steps.CommonSteps.theResponseStatusShouldBe(CommonSteps.java:384)
	at ✽.the response status should be 400(classpath:features/generated/test.feature:244)
]]>
</failure>
<system-out><![CDATA[
Given the API base url is "${BASE_URL}".....................................passed
And I use bearer token from env "general_manager_token".....................passed
And I add header "accept" with value 'application/json'.....................passed
And I add header "accept-language" with value 'ar'..........................passed
And I add header "content-type" with value 'application/json'...............passed
And I add header "pragma" with value 'no-cache'.............................passed
And I add header "s-source" with value 'automation'.........................passed
When I POST to "/admin/v2/customers" with json body:........................passed
Then the response status should be 400......................................failed
Then the response header "Content-Type" should equal "application/json".....skipped
]]></system-out>
</testcase>
<testcase classname="POST /admin/v2/customers" name="invalid type for 'mobile_code_country'" time="0.372">
<failure type="java.lang.AssertionError" message="status code
Expected: &lt;400&gt;
     but: was &lt;422&gt;">
<![CDATA[java.lang.AssertionError: status code
Expected: <400>
     but: was <422>
	at org.hamcrest.MatcherAssert.assertThat(MatcherAssert.java:20)
	at steps.CommonSteps.theResponseStatusShouldBe(CommonSteps.java:384)
	at ✽.the response status should be 400(classpath:features/generated/test.feature:261)
]]>
</failure>
<system-out><![CDATA[
Given the API base url is "${BASE_URL}".....................................passed
And I use bearer token from env "general_manager_token".....................passed
And I add header "accept" with value 'application/json'.....................passed
And I add header "accept-language" with value 'ar'..........................passed
And I add header "content-type" with value 'application/json'...............passed
And I add header "pragma" with value 'no-cache'.............................passed
And I add header "s-source" with value 'automation'.........................passed
When I POST to "/admin/v2/customers" with json body:........................passed
Then the response status should be 400......................................failed
Then the response header "Content-Type" should equal "application/json".....skipped
]]></system-out>
</testcase>
<testcase classname="POST /admin/v2/customers" name="invalid type for 'mobile'" time="0.519">
<failure type="java.lang.AssertionError" message="status code
Expected: &lt;400&gt;
     but: was &lt;422&gt;">
<![CDATA[java.lang.AssertionError: status code
Expected: <400>
     but: was <422>
	at org.hamcrest.MatcherAssert.assertThat(MatcherAssert.java:20)
	at steps.CommonSteps.theResponseStatusShouldBe(CommonSteps.java:384)
	at ✽.the response status should be 400(classpath:features/generated/test.feature:278)
]]>
</failure>
<system-out><![CDATA[
Given the API base url is "${BASE_URL}".....................................passed
And I use bearer token from env "general_manager_token".....................passed
And I add header "accept" with value 'application/json'.....................passed
And I add header "accept-language" with value 'ar'..........................passed
And I add header "content-type" with value 'application/json'...............passed
And I add header "pragma" with value 'no-cache'.............................passed
And I add header "s-source" with value 'automation'.........................passed
When I POST to "/admin/v2/customers" with json body:........................passed
Then the response status should be 400......................................failed
Then the response header "Content-Type" should equal "application/json".....skipped
]]></system-out>
</testcase>
<testcase classname="POST /admin/v2/customers" name="null value for 'first_name'" time="0.69">
<failure type="java.lang.AssertionError" message="status code
Expected: &lt;400&gt;
     but: was &lt;200&gt;">
<![CDATA[java.lang.AssertionError: status code
Expected: <400>
     but: was <200>
	at org.hamcrest.MatcherAssert.assertThat(MatcherAssert.java:20)
	at steps.CommonSteps.theResponseStatusShouldBe(CommonSteps.java:384)
	at ✽.the response status should be 400(classpath:features/generated/test.feature:295)
]]>
</failure>
<system-out><![CDATA[
Given the API base url is "${BASE_URL}".....................................passed
And I use bearer token from env "general_manager_token".....................passed
And I add header "accept" with value 'application/json'.....................passed
And I add header "accept-language" with value 'ar'..........................passed
And I add header "content-type" with value 'application/json'...............passed
And I add header "pragma" with value 'no-cache'.............................passed
And I add header "s-source" with value 'automation'.........................passed
When I POST to "/admin/v2/customers" with json body:........................passed
Then the response status should be 400......................................failed
Then the response header "Content-Type" should equal "application/json".....skipped
]]></system-out>
</testcase>
<testcase classname="POST /admin/v2/customers" name="null value for 'last_name'" time="0.771">
<failure type="java.lang.AssertionError" message="status code
Expected: &lt;400&gt;
     but: was &lt;200&gt;">
<![CDATA[java.lang.AssertionError: status code
Expected: <400>
     but: was <200>
	at org.hamcrest.MatcherAssert.assertThat(MatcherAssert.java:20)
	at steps.CommonSteps.theResponseStatusShouldBe(CommonSteps.java:384)
	at ✽.the response status should be 400(classpath:features/generated/test.feature:312)
]]>
</failure>
<system-out><![CDATA[
Given the API base url is "${BASE_URL}".....................................passed
And I use bearer token from env "general_manager_token".....................passed
And I add header "accept" with value 'application/json'.....................passed
And I add header "accept-language" with value 'ar'..........................passed
And I add header "content-type" with value 'application/json'...............passed
And I add header "pragma" with value 'no-cache'.............................passed
And I add header "s-source" with value 'automation'.........................passed
When I POST to "/admin/v2/customers" with json body:........................passed
Then the response status should be 400......................................failed
Then the response header "Content-Type" should equal "application/json".....skipped
]]></system-out>
</testcase>
<testcase classname="POST /admin/v2/customers" name="null value for 'email'" time="0.848">
<failure type="java.lang.AssertionError" message="status code
Expected: &lt;400&gt;
     but: was &lt;200&gt;">
<![CDATA[java.lang.AssertionError: status code
Expected: <400>
     but: was <200>
	at org.hamcrest.MatcherAssert.assertThat(MatcherAssert.java:20)
	at steps.CommonSteps.theResponseStatusShouldBe(CommonSteps.java:384)
	at ✽.the response status should be 400(classpath:features/generated/test.feature:329)
]]>
</failure>
<system-out><![CDATA[
Given the API base url is "${BASE_URL}".....................................passed
And I use bearer token from env "general_manager_token".....................passed
And I add header "accept" with value 'application/json'.....................passed
And I add header "accept-language" with value 'ar'..........................passed
And I add header "content-type" with value 'application/json'...............passed
And I add header "pragma" with value 'no-cache'.............................passed
And I add header "s-source" with value 'automation'.........................passed
When I POST to "/admin/v2/customers" with json body:........................passed
Then the response status should be 400......................................failed
Then the response header "Content-Type" should equal "application/json".....skipped
]]></system-out>
</testcase>
<testcase classname="POST /admin/v2/customers" name="null value for 'birthday'" time="0.728">
<failure type="java.lang.AssertionError" message="status code
Expected: &lt;400&gt;
     but: was &lt;200&gt;">
<![CDATA[java.lang.AssertionError: status code
Expected: <400>
     but: was <200>
	at org.hamcrest.MatcherAssert.assertThat(MatcherAssert.java:20)
	at steps.CommonSteps.theResponseStatusShouldBe(CommonSteps.java:384)
	at ✽.the response status should be 400(classpath:features/generated/test.feature:346)
]]>
</failure>
<system-out><![CDATA[
Given the API base url is "${BASE_URL}".....................................passed
And I use bearer token from env "general_manager_token".....................passed
And I add header "accept" with value 'application/json'.....................passed
And I add header "accept-language" with value 'ar'..........................passed
And I add header "content-type" with value 'application/json'...............passed
And I add header "pragma" with value 'no-cache'.............................passed
And I add header "s-source" with value 'automation'.........................passed
When I POST to "/admin/v2/customers" with json body:........................passed
Then the response status should be 400......................................failed
Then the response header "Content-Type" should equal "application/json".....skipped
]]></system-out>
</testcase>
<testcase classname="POST /admin/v2/customers" name="null value for 'gender'" time="0.478">
<failure type="java.lang.AssertionError" message="status code
Expected: &lt;400&gt;
     but: was &lt;200&gt;">
<![CDATA[java.lang.AssertionError: status code
Expected: <400>
     but: was <200>
	at org.hamcrest.MatcherAssert.assertThat(MatcherAssert.java:20)
	at steps.CommonSteps.theResponseStatusShouldBe(CommonSteps.java:384)
	at ✽.the response status should be 400(classpath:features/generated/test.feature:363)
]]>
</failure>
<system-out><![CDATA[
Given the API base url is "${BASE_URL}".....................................passed
And I use bearer token from env "general_manager_token".....................passed
And I add header "accept" with value 'application/json'.....................passed
And I add header "accept-language" with value 'ar'..........................passed
And I add header "content-type" with value 'application/json'...............passed
And I add header "pragma" with value 'no-cache'.............................passed
And I add header "s-source" with value 'automation'.........................passed
When I POST to "/admin/v2/customers" with json body:........................passed
Then the response status should be 400......................................failed
Then the response header "Content-Type" should equal "application/json".....skipped
]]></system-out>
</testcase>
<testcase classname="POST /admin/v2/customers" name="null value for 'mobile_code_country'" time="0.349">
<failure type="java.lang.AssertionError" message="status code
Expected: &lt;400&gt;
     but: was &lt;422&gt;">
<![CDATA[java.lang.AssertionError: status code
Expected: <400>
     but: was <422>
	at org.hamcrest.MatcherAssert.assertThat(MatcherAssert.java:20)
	at steps.CommonSteps.theResponseStatusShouldBe(CommonSteps.java:384)
	at ✽.the response status should be 400(classpath:features/generated/test.feature:380)
]]>
</failure>
<system-out><![CDATA[
Given the API base url is "${BASE_URL}".....................................passed
And I use bearer token from env "general_manager_token".....................passed
And I add header "accept" with value 'application/json'.....................passed
And I add header "accept-language" with value 'ar'..........................passed
And I add header "content-type" with value 'application/json'...............passed
And I add header "pragma" with value 'no-cache'.............................passed
And I add header "s-source" with value 'automation'.........................passed
When I POST to "/admin/v2/customers" with json body:........................passed
Then the response status should be 400......................................failed
Then the response header "Content-Type" should equal "application/json".....skipped
]]></system-out>
</testcase>
<testcase classname="POST /admin/v2/customers" name="null value for 'mobile'" time="0.324">
<failure type="java.lang.AssertionError" message="status code
Expected: &lt;400&gt;
     but: was &lt;422&gt;">
<![CDATA[java.lang.AssertionError: status code
Expected: <400>
     but: was <422>
	at org.hamcrest.MatcherAssert.assertThat(MatcherAssert.java:20)
	at steps.CommonSteps.theResponseStatusShouldBe(CommonSteps.java:384)
	at ✽.the response status should be 400(classpath:features/generated/test.feature:397)
]]>
</failure>
<system-out><![CDATA[
Given the API base url is "${BASE_URL}".....................................passed
And I use bearer token from env "general_manager_token".....................passed
And I add header "accept" with value 'application/json'.....................passed
And I add header "accept-language" with value 'ar'..........................passed
And I add header "content-type" with value 'application/json'...............passed
And I add header "pragma" with value 'no-cache'.............................passed
And I add header "s-source" with value 'automation'.........................passed
When I POST to "/admin/v2/customers" with json body:........................passed
Then the response status should be 400......................................failed
Then the response header "Content-Type" should equal "application/json".....skipped
]]></system-out>
</testcase>
</testsuite>
